2019-07-04 18:48:52,879 INFO Starting _run_API
2019-07-04 18:48:52,880 INFO Importing use_cases.yml
2019-07-04 18:48:52,913 INFO Importing rules.yml
2019-07-04 18:48:52,953 INFO Importing variables.yml
2019-07-04 18:48:52,987 INFO Importing actions.yml
2019-07-04 18:48:53,000 INFO Importing DataSource.yml
2019-07-04 18:48:53,012 INFO Use_case created
2019-07-04 18:48:53,012 INFO source_variable_list made :[]
2019-07-04 18:48:53,012 INFO Adding rule: rule1 variables
2019-07-04 18:48:53,012 INFO Adding variable: actual 
2019-07-04 18:48:53,012 INFO Adding variable: expected 
2019-07-04 18:48:53,012 INFO Adding variable: correct 
2019-07-04 18:48:53,012 INFO Adding rule: rule2 variables
2019-07-04 18:48:53,012 INFO Adding variable: actual 
2019-07-04 18:48:53,013 INFO Variable: actual already in list
2019-07-04 18:48:53,013 INFO Adding variable: expected 
2019-07-04 18:48:53,013 INFO Variable: expected already in list
2019-07-04 18:48:53,013 INFO Adding variable: correct 
2019-07-04 18:48:53,013 INFO Variable: correct already in list
2019-07-04 18:48:53,013 INFO Adding variable: incorrect 
2019-07-04 18:48:53,013 INFO Variable: incorrect in parameter_variables
2019-07-04 18:48:53,013 INFO Adding rule: rule3 variables
2019-07-04 18:48:53,013 INFO Adding variable: actual 
2019-07-04 18:48:53,014 INFO Variable: actual already in list
2019-07-04 18:48:53,014 INFO Adding variable: expected 
2019-07-04 18:48:53,014 INFO Variable: expected already in list
2019-07-04 18:48:53,014 INFO Adding variable: correct 
2019-07-04 18:48:53,014 INFO Variable: correct already in list
2019-07-04 18:48:53,014 INFO Addin data source: API_getPostman to be populated!
2019-07-04 18:48:53,014 INFO Addin data source: SSH_awsIntern to be populated!
2019-07-04 18:48:53,014 INFO Addin data source: database_sqlRuleEngine to be populated!
2019-07-04 18:48:53,014 INFO starting collector module
2019-07-04 18:48:53,014 INFO Getting data source: {'method': 'API', 'multi_thread': True, 'params': {}, 'request': 'get', 'url': 'https://548a3990-a83e-4862-a950-cc252c905ce2.mock.pstmn.io/get', 'variables': ['actual']} variables!
2019-07-04 18:48:53,015 INFO Starting thread: {'method': 'API', 'multi_thread': True, 'params': {}, 'request': 'get', 'url': 'https://548a3990-a83e-4862-a950-cc252c905ce2.mock.pstmn.io/get', 'variables': ['actual']}
2019-07-04 18:48:53,015 INFO Getting data source: {'host_name': '10.137.89.13', 'key_filename': 'C:\\Users\\axsingh\\Documents\\Rules-engine.pem', 'method': 'SSH', 'multi_thread': True, 'password': None, 'user_name': 'ubuntu', 'variables': ['expected']} variables!
2019-07-04 18:48:53,016 INFO Starting thread: {'host_name': '10.137.89.13', 'key_filename': 'C:\\Users\\axsingh\\Documents\\Rules-engine.pem', 'method': 'SSH', 'multi_thread': True, 'password': None, 'user_name': 'ubuntu', 'variables': ['expected']}
2019-07-04 18:48:53,016 INFO Getting data source: {'data_base': 'rules_engine', 'host_name': 'localhost', 'method': 'data_base', 'multi_thread': True, 'password': 'Perfacio1', 'user_name': 'root', 'variables': ['correct']} variables!
2019-07-04 18:48:53,016 INFO Starting thread: {'data_base': 'rules_engine', 'host_name': 'localhost', 'method': 'data_base', 'multi_thread': True, 'password': 'Perfacio1', 'user_name': 'root', 'variables': ['correct']}
2019-07-04 18:48:53,017 INFO Variable: incorrect has been created!Value: 70!Source: Parameter_Variable
2019-07-04 18:48:53,120 INFO Source: {'data_base': 'rules_engine', 'host_name': 'localhost', 'method': 'data_base', 'multi_thread': True, 'password': 'Perfacio1', 'user_name': 'root', 'variables': ['correct']} fetched variables: {'correct': 5}
2019-07-04 18:48:53,120 INFO Variable: correct has been created!Value: 5!Source: {'data_base': 'rules_engine', 'host_name': 'localhost', 'method': 'data_base', 'multi_thread': True, 'password': 'Perfacio1', 'user_name': 'root', 'variables': ['correct']}
2019-07-04 18:48:53,551 INFO Connected (version 2.0, client OpenSSH_7.2p2)
2019-07-04 18:48:54,354 INFO Source: {'method': 'API', 'multi_thread': True, 'params': {}, 'request': 'get', 'url': 'https://548a3990-a83e-4862-a950-cc252c905ce2.mock.pstmn.io/get', 'variables': ['actual']} fetched variables: {'actual': 78}
2019-07-04 18:48:54,354 INFO Variable: actual has been created!Value: 78!Source: {'method': 'API', 'multi_thread': True, 'params': {}, 'request': 'get', 'url': 'https://548a3990-a83e-4862-a950-cc252c905ce2.mock.pstmn.io/get', 'variables': ['actual']}
2019-07-04 18:48:54,962 INFO Authentication (publickey) successful!
2019-07-04 18:48:55,840 INFO Source: {'host_name': '10.137.89.13', 'key_filename': 'C:\\Users\\axsingh\\Documents\\Rules-engine.pem', 'method': 'SSH', 'multi_thread': True, 'password': None, 'user_name': 'ubuntu', 'variables': ['expected']} fetched variables: {'expected': '104\n'}
2019-07-04 18:48:55,840 INFO Variable: expected has been created!Value: 104
!Source: {'host_name': '10.137.89.13', 'key_filename': 'C:\\Users\\axsingh\\Documents\\Rules-engine.pem', 'method': 'SSH', 'multi_thread': True, 'password': None, 'user_name': 'ubuntu', 'variables': ['expected']}
2019-07-04 18:48:55,840 INFO variables input taken from collector!
2019-07-04 18:48:55,840 INFO Product Vriable: actual has been created!
2019-07-04 18:48:55,840 INFO Product Vriable: expected has been created!
2019-07-04 18:48:55,840 INFO Product Vriable: correct has been created!
2019-07-04 18:48:55,840 INFO Product Vriable: incorrect has been created!
2019-07-04 18:48:55,840 INFO Adding action : condition_pass to list!
2019-07-04 18:48:55,840 INFO Adding action : condition_fail to list!
2019-07-04 18:48:55,840 INFO Adding action : condition_pass to list!
2019-07-04 18:48:55,840 INFO Action : condition_pass already in list!
2019-07-04 18:48:55,840 INFO Adding action : condition_fail to list!
2019-07-04 18:48:55,840 INFO Action : condition_fail already in list!
2019-07-04 18:48:55,840 INFO Adding action : condition_pass to list!
2019-07-04 18:48:55,840 INFO Action : condition_pass already in list!
2019-07-04 18:48:55,840 INFO Adding action : condition_fail to list!
2019-07-04 18:48:55,840 INFO Action : condition_fail already in list!
2019-07-04 18:48:55,840 INFO Adding action : condition_pass to list!
2019-07-04 18:48:55,840 INFO Action : condition_pass already in list!
2019-07-04 18:48:55,840 INFO Adding action : condition_fail to list!
2019-07-04 18:48:55,840 INFO Action : condition_fail already in list!
2019-07-04 18:48:55,840 INFO Creater Product action : condition_pass successfully!
2019-07-04 18:48:55,840 INFO Creater Product action : condition_fail successfully!
2019-07-04 18:48:55,840 INFO Starting action: condition_pass
2019-07-04 18:48:55,840 INFO Rule: rule1 returned true
2019-07-04 18:48:55,840 INFO Starting action: condition_fail
2019-07-04 18:48:55,840 INFO Rule: rule2 returned false
2019-07-04 18:48:55,840 INFO List: ['rule1', 'rule2'] has returned False
2019-07-04 18:48:55,840 INFO All conditions were NOT satisfied: ['rule1', 'rule2']!Running all else rules: ['rule2']
2019-07-04 18:48:55,840 INFO Starting action: condition_fail
2019-07-04 18:48:55,840 INFO Rule: rule2 returned false
2019-07-04 18:48:55,840 INFO List: ['rule2'] has returned False
2019-07-04 18:48:55,840 INFO Rule conditional: {'all': ['rule1', 'rule2'], 'else': ['rule2'], 'then': ['rule3']} returned false!
2019-07-04 18:48:55,840 INFO Starting action: condition_pass
2019-07-04 18:48:55,856 INFO Rule: rule1 returned true
2019-07-04 18:48:55,856 INFO Starting action: condition_fail
2019-07-04 18:48:55,856 INFO Rule: rule2 returned false
2019-07-04 18:48:55,856 INFO Starting action: condition_pass
2019-07-04 18:48:55,856 INFO Rule: rule3 returned true
2019-07-04 18:48:55,856 INFO List: ['rule1', 'rule2', 'rule3'] has returned true
2019-07-04 18:48:55,856 INFO Any condition was satisfied: {1: ['rule1', 'rule2', 'rule3']}!Running all then rules: ['rule3', 'rule2']
2019-07-04 18:48:55,856 INFO Starting action: condition_pass
2019-07-04 18:48:55,856 INFO Rule: rule3 returned true
2019-07-04 18:48:55,856 INFO Starting action: condition_fail
2019-07-04 18:48:55,856 INFO Rule: rule2 returned false
2019-07-04 18:48:55,856 INFO List: ['rule3', 'rule2'] has returned False
2019-07-04 18:48:55,856 INFO Rule conditional: {'any': {1: ['rule1', 'rule2', 'rule3']}, 'else': None, 'then': ['rule3', 'rule2']} returned false!
2019-07-04 18:48:55,856 INFO List: [{'all': ['rule1', 'rule2'], 'else': ['rule2'], 'then': ['rule3']}, {'any': {1: ['rule1', 'rule2', 'rule3']}, 'else': None, 'then': ['rule3', 'rule2']}] has returned False
2019-07-04 18:48:55,856 INFO Starting action: condition_fail
