Module:API Function:_run_API Line:44 INFO Starting _run_API
Module:API Function:_run_API Line:240 INFO Use_case fetched from database
Module:API Function:_run_API Line:292 INFO source_variable_list made :[]
Module:API Function:_run_API Line:322 INFO Adding rule: rule1 variables
Module:API Function:_run_API Line:324 INFO Adding variable: actual 
Module:API Function:_run_API Line:324 INFO Adding variable: expected 
Module:API Function:_run_API Line:324 INFO Adding variable: correct 
Module:API Function:_run_API Line:322 INFO Adding rule: rule2 variables
Module:API Function:_run_API Line:324 INFO Adding variable: actual 
Module:API Function:_run_API Line:326 INFO Variable: actual already in list
Module:API Function:_run_API Line:324 INFO Adding variable: expected 
Module:API Function:_run_API Line:326 INFO Variable: expected already in list
Module:API Function:_run_API Line:324 INFO Adding variable: correct 
Module:API Function:_run_API Line:326 INFO Variable: correct already in list
Module:API Function:_run_API Line:324 INFO Adding variable: incorrect 
Module:API Function:_run_API Line:322 INFO Adding rule: rule3 variables
Module:API Function:_run_API Line:324 INFO Adding variable: actual 
Module:API Function:_run_API Line:326 INFO Variable: actual already in list
Module:API Function:_run_API Line:324 INFO Adding variable: expected 
Module:API Function:_run_API Line:326 INFO Variable: expected already in list
Module:API Function:_run_API Line:324 INFO Adding variable: correct 
Module:API Function:_run_API Line:326 INFO Variable: correct already in list
Module:API Function:_run_API Line:360 INFO Addin data source: API_getPostman to be populated!
Module:API Function:_run_API Line:360 INFO Addin data source: SSH_awsIntern to be populated!
Module:API Function:_run_API Line:360 INFO Addin data source: database_sqlRuleEngine to be populated!
Module:API Function:_run_API Line:360 INFO Addin data source: API_postPostman to be populated!
Module:collector Function:__init__ Line:73 INFO starting collector module
Module:collector Function:__init__ Line:80 INFO Getting data source: {'name': 'API_getPostman', 'method': 'API', 'request': 'get', 'url': 'https://548a3990-a83e-4862-a950-cc252c905ce2.mock.pstmn.io/get', 'params': {}, 'variables': ['actual'], 'multi_thread': True} variables!
Module:collector Function:__init__ Line:89 INFO Starting thread: {'name': 'API_getPostman', 'method': 'API', 'request': 'get', 'url': 'https://548a3990-a83e-4862-a950-cc252c905ce2.mock.pstmn.io/get', 'params': {}, 'variables': ['actual'], 'multi_thread': True}
Module:collector Function:__init__ Line:80 INFO Getting data source: {'name': 'SSH_awsIntern', 'method': 'SSH', 'host_name': '10.137.89.13', 'user_name': 'ubuntu', 'password': None, 'key_filename': 'C:\\Users\\axsingh\\Documents\\Rules-engine.pem', 'variables': ['expected'], 'multi_thread': True} variables!
Module:collector Function:__init__ Line:89 INFO Starting thread: {'name': 'SSH_awsIntern', 'method': 'SSH', 'host_name': '10.137.89.13', 'user_name': 'ubuntu', 'password': None, 'key_filename': 'C:\\Users\\axsingh\\Documents\\Rules-engine.pem', 'variables': ['expected'], 'multi_thread': True}
Module:collector Function:__init__ Line:80 INFO Getting data source: {'name': 'database_sqlRuleEngine', 'method': 'data_base', 'host_name': 'localhost', 'user_name': 'root', 'password': 'Perfacio1', 'data_base': 'rules_engine', 'variables': ['correct'], 'multi_thread': True} variables!
Module:collector Function:__init__ Line:89 INFO Starting thread: {'name': 'database_sqlRuleEngine', 'method': 'data_base', 'host_name': 'localhost', 'user_name': 'root', 'password': 'Perfacio1', 'data_base': 'rules_engine', 'variables': ['correct'], 'multi_thread': True}
Module:collector Function:__init__ Line:80 INFO Getting data source: {'name': 'API_postPostman', 'method': 'API', 'request': 'post', 'url': 'https://75c9507b-8f2e-4211-a518-2c2ab988c27d.mock.pstmn.io/post', 'params': {}, 'data': {'method': 'POST', 'value': 13}, 'variables': ['incorrect'], 'multi_thread': True} variables!
Module:collector Function:__init__ Line:89 INFO Starting thread: {'name': 'API_postPostman', 'method': 'API', 'request': 'post', 'url': 'https://75c9507b-8f2e-4211-a518-2c2ab988c27d.mock.pstmn.io/post', 'params': {}, 'data': {'method': 'POST', 'value': 13}, 'variables': ['incorrect'], 'multi_thread': True}
Module:collector Function:_get_source Line:56 INFO Source: {'name': 'database_sqlRuleEngine', 'method': 'data_base', 'host_name': 'localhost', 'user_name': 'root', 'password': 'Perfacio1', 'data_base': 'rules_engine', 'variables': ['correct'], 'multi_thread': True} fetched variables: {'correct': 5}
Module:collector Function:_init_source_variables Line:28 INFO Variable: correct has been created!Value: 5!Source: {'name': 'database_sqlRuleEngine', 'method': 'data_base', 'host_name': 'localhost', 'user_name': 'root', 'password': 'Perfacio1', 'data_base': 'rules_engine', 'variables': ['correct'], 'multi_thread': True}
Module:transport Function:_log Line:1760 INFO Connected (version 2.0, client OpenSSH_7.2p2)
Module:collector Function:_get_source Line:56 INFO Source: {'name': 'API_getPostman', 'method': 'API', 'request': 'get', 'url': 'https://548a3990-a83e-4862-a950-cc252c905ce2.mock.pstmn.io/get', 'params': {}, 'variables': ['actual'], 'multi_thread': True} fetched variables: {'actual': 78}
Module:collector Function:_init_source_variables Line:28 INFO Variable: actual has been created!Value: 78!Source: {'name': 'API_getPostman', 'method': 'API', 'request': 'get', 'url': 'https://548a3990-a83e-4862-a950-cc252c905ce2.mock.pstmn.io/get', 'params': {}, 'variables': ['actual'], 'multi_thread': True}
Module:collector Function:_get_source Line:56 INFO Source: {'name': 'API_postPostman', 'method': 'API', 'request': 'post', 'url': 'https://75c9507b-8f2e-4211-a518-2c2ab988c27d.mock.pstmn.io/post', 'params': {}, 'data': {'method': 'POST', 'value': 13}, 'variables': ['incorrect'], 'multi_thread': True} fetched variables: {'incorrect': 33}
Module:collector Function:_init_source_variables Line:28 INFO Variable: incorrect has been created!Value: 33!Source: {'name': 'API_postPostman', 'method': 'API', 'request': 'post', 'url': 'https://75c9507b-8f2e-4211-a518-2c2ab988c27d.mock.pstmn.io/post', 'params': {}, 'data': {'method': 'POST', 'value': 13}, 'variables': ['incorrect'], 'multi_thread': True}
Module:transport Function:_log Line:1760 INFO Authentication (publickey) successful!
Module:collector Function:_get_source Line:56 INFO Source: {'name': 'SSH_awsIntern', 'method': 'SSH', 'host_name': '10.137.89.13', 'user_name': 'ubuntu', 'password': None, 'key_filename': 'C:\\Users\\axsingh\\Documents\\Rules-engine.pem', 'variables': ['expected'], 'multi_thread': True} fetched variables: {'expected': '104\n'}
Module:collector Function:_init_source_variables Line:28 INFO Variable: expected has been created!Value: 104
!Source: {'name': 'SSH_awsIntern', 'method': 'SSH', 'host_name': '10.137.89.13', 'user_name': 'ubuntu', 'password': None, 'key_filename': 'C:\\Users\\axsingh\\Documents\\Rules-engine.pem', 'variables': ['expected'], 'multi_thread': True}
Module:API Function:_run_API Line:365 INFO variables input taken from collector!
Module:API Function:ProductVariables Line:398 INFO Product Vriable: actual has been created!
Module:API Function:ProductVariables Line:398 INFO Product Vriable: expected has been created!
Module:API Function:ProductVariables Line:398 INFO Product Vriable: correct has been created!
Module:API Function:ProductVariables Line:398 INFO Product Vriable: incorrect has been created!
Module:API Function:_run_API Line:423 INFO Adding action : condition_pass to list!
Module:API Function:_run_API Line:423 INFO Adding action : condition_fail to list!
Module:API Function:_run_API Line:430 INFO Adding action : condition_pass to list!
Module:API Function:_run_API Line:432 INFO Action : condition_pass already in list!
Module:API Function:_run_API Line:430 INFO Adding action : condition_fail to list!
Module:API Function:_run_API Line:432 INFO Action : condition_fail already in list!
Module:API Function:_run_API Line:430 INFO Adding action : condition_pass to list!
Module:API Function:_run_API Line:432 INFO Action : condition_pass already in list!
Module:API Function:_run_API Line:430 INFO Adding action : condition_fail to list!
Module:API Function:_run_API Line:432 INFO Action : condition_fail already in list!
Module:API Function:_run_API Line:430 INFO Adding action : condition_pass to list!
Module:API Function:_run_API Line:432 INFO Action : condition_pass already in list!
Module:API Function:_run_API Line:430 INFO Adding action : condition_fail to list!
Module:API Function:_run_API Line:432 INFO Action : condition_fail already in list!
Module:API Function:ProductActions Line:457 INFO Creater Product action : condition_pass successfully!
Module:API Function:ProductActions Line:457 INFO Creater Product action : condition_fail successfully!
Module:engine Function:do_actions Line:108 INFO Starting action: condition_pass
Module:API Function:run_rules_list Line:148 INFO Rule: rule1 returned true
Module:engine Function:do_actions Line:108 INFO Starting action: condition_fail
Module:API Function:run_rules_list Line:155 INFO Rule: rule2 returned false
Module:API Function:run_rules_list Line:194 INFO List: ['rule1', 'rule2'] has returned False
Module:API Function:run_rules_dict Line:214 INFO All conditions were NOT satisfied: ['rule1', 'rule2']!Running all else rules: ['rule2']
Module:engine Function:do_actions Line:108 INFO Starting action: condition_fail
Module:API Function:run_rules_list Line:155 INFO Rule: rule2 returned false
Module:API Function:run_rules_list Line:194 INFO List: ['rule2'] has returned False
Module:API Function:run_rules_list Line:173 INFO Rule conditional: {'all': ['rule1', 'rule2'], 'then': ['rule3'], 'else': ['rule2']} returned false!
Module:engine Function:do_actions Line:108 INFO Starting action: condition_pass
Module:API Function:run_rules_list Line:148 INFO Rule: rule1 returned true
Module:engine Function:do_actions Line:108 INFO Starting action: condition_fail
Module:API Function:run_rules_list Line:155 INFO Rule: rule2 returned false
Module:engine Function:do_actions Line:108 INFO Starting action: condition_pass
Module:API Function:run_rules_list Line:148 INFO Rule: rule3 returned true
Module:API Function:run_rules_list Line:191 INFO List: ['rule1', 'rule2', 'rule3'] has returned true
Module:API Function:run_rules_dict Line:219 INFO Any condition was satisfied: {'1': ['rule1', 'rule2', 'rule3']}!Running all then rules: ['rule3', 'rule2']
Module:engine Function:do_actions Line:108 INFO Starting action: condition_pass
Module:API Function:run_rules_list Line:148 INFO Rule: rule3 returned true
Module:engine Function:do_actions Line:108 INFO Starting action: condition_fail
Module:API Function:run_rules_list Line:155 INFO Rule: rule2 returned false
Module:API Function:run_rules_list Line:194 INFO List: ['rule3', 'rule2'] has returned False
Module:API Function:run_rules_list Line:173 INFO Rule conditional: {'any': {'1': ['rule1', 'rule2', 'rule3']}, 'then': ['rule3', 'rule2'], 'else': None} returned false!
Module:API Function:run_rules_list Line:194 INFO List: [{'all': ['rule1', 'rule2'], 'then': ['rule3'], 'else': ['rule2']}, {'any': {'1': ['rule1', 'rule2', 'rule3']}, 'then': ['rule3', 'rule2'], 'else': None}] has returned False
Module:engine Function:do_actions Line:108 INFO Starting action: condition_fail
