Module:API Function:_run_API Line:44 INFO Starting _run_API
Module:API Function:_run_API Line:245 INFO Use_case fetched from database
Module:API Function:_run_API Line:297 INFO source_variable_list made :[]
Module:API Function:_run_API Line:328 INFO Adding rule: CPU_usage variables
Module:API Function:_run_API Line:330 INFO Adding variable: CPU_usage 
Module:API Function:_run_API Line:344 INFO Adding Variable: CPU_usage to DataSource: API_getPostman
Module:API Function:_run_API Line:328 INFO Adding rule: memory variables
Module:API Function:_run_API Line:330 INFO Adding variable: free_mem 
Module:API Function:_run_API Line:344 INFO Adding Variable: free_mem to DataSource: SSH_awsIntern
Module:API Function:_run_API Line:330 INFO Adding variable: total_mem 
Module:API Function:_run_API Line:344 INFO Adding Variable: total_mem to DataSource: SSH_awsIntern
Module:API Function:_run_API Line:330 INFO Adding variable: memory 
Module:API Function:_run_API Line:328 INFO Adding rule: disk_space variables
Module:API Function:_run_API Line:330 INFO Adding variable: disk_space 
Module:API Function:_run_API Line:344 INFO Adding Variable: disk_space to DataSource: API_postPostman
Module:API Function:_run_API Line:328 INFO Adding rule: rule1 variables
Module:API Function:_run_API Line:330 INFO Adding variable: actual 
Module:API Function:_run_API Line:344 INFO Adding Variable: actual to DataSource: API_getPostman
Module:API Function:_run_API Line:330 INFO Adding variable: expected 
Module:API Function:_run_API Line:344 INFO Adding Variable: expected to DataSource: SSH_awsIntern
Module:API Function:_run_API Line:330 INFO Adding variable: correct 
Module:API Function:_run_API Line:344 INFO Adding Variable: correct to DataSource: database_sqlRuleEngine
Module:API Function:_run_API Line:328 INFO Adding rule: rule2 variables
Module:API Function:_run_API Line:330 INFO Adding variable: actual 
Module:API Function:_run_API Line:332 INFO Variable: actual already in list
Module:API Function:_run_API Line:330 INFO Adding variable: expected 
Module:API Function:_run_API Line:332 INFO Variable: expected already in list
Module:API Function:_run_API Line:330 INFO Adding variable: correct 
Module:API Function:_run_API Line:332 INFO Variable: correct already in list
Module:API Function:_run_API Line:330 INFO Adding variable: incorrect 
Module:API Function:_run_API Line:344 INFO Adding Variable: incorrect to DataSource: API_postPostman
Module:API Function:_run_API Line:328 INFO Adding rule: rule3 variables
Module:API Function:_run_API Line:330 INFO Adding variable: actual 
Module:API Function:_run_API Line:332 INFO Variable: actual already in list
Module:API Function:_run_API Line:330 INFO Adding variable: expected 
Module:API Function:_run_API Line:332 INFO Variable: expected already in list
Module:API Function:_run_API Line:330 INFO Adding variable: correct 
Module:API Function:_run_API Line:332 INFO Variable: correct already in list
Module:API Function:_run_API Line:368 INFO Addin data source: API_getPostman to be populated!
Module:API Function:_run_API Line:368 INFO Addin data source: SSH_awsIntern to be populated!
Module:API Function:_run_API Line:368 INFO Addin data source: API_postPostman to be populated!
Module:API Function:_run_API Line:368 INFO Addin data source: database_sqlRuleEngine to be populated!
Module:collector Function:__init__ Line:76 INFO starting collector module
Module:collector Function:__init__ Line:83 INFO Getting data source: {'name': 'API_getPostman', 'method': 'API', 'request': 'get', 'url': 'https://548a3990-a83e-4862-a950-cc252c905ce2.mock.pstmn.io/get', 'params': {}, 'variables': ['CPU_usage', 'actual'], 'multi_thread': True} variables!
Module:collector Function:__init__ Line:92 INFO Starting thread: {'name': 'API_getPostman', 'method': 'API', 'request': 'get', 'url': 'https://548a3990-a83e-4862-a950-cc252c905ce2.mock.pstmn.io/get', 'params': {}, 'variables': ['CPU_usage', 'actual'], 'multi_thread': True}
Module:collector Function:__init__ Line:83 INFO Getting data source: {'name': 'SSH_awsIntern', 'method': 'SSH', 'host_name': '10.137.89.13', 'user_name': 'ubuntu', 'password': None, 'key_filename': 'C:\\Users\\axsingh\\Documents\\Rules-engine.pem', 'variables': ['free_mem', 'total_mem', 'expected'], 'multi_thread': True} variables!
Module:collector Function:__init__ Line:92 INFO Starting thread: {'name': 'SSH_awsIntern', 'method': 'SSH', 'host_name': '10.137.89.13', 'user_name': 'ubuntu', 'password': None, 'key_filename': 'C:\\Users\\axsingh\\Documents\\Rules-engine.pem', 'variables': ['free_mem', 'total_mem', 'expected'], 'multi_thread': True}
Module:collector Function:__init__ Line:83 INFO Getting data source: {'name': 'API_postPostman', 'method': 'API', 'request': 'post', 'url': 'https://75c9507b-8f2e-4211-a518-2c2ab988c27d.mock.pstmn.io/post', 'params': {}, 'data': {'method': 'POST', 'value': 13}, 'variables': ['disk_space', 'incorrect'], 'multi_thread': True} variables!
Module:collector Function:__init__ Line:92 INFO Starting thread: {'name': 'API_postPostman', 'method': 'API', 'request': 'post', 'url': 'https://75c9507b-8f2e-4211-a518-2c2ab988c27d.mock.pstmn.io/post', 'params': {}, 'data': {'method': 'POST', 'value': 13}, 'variables': ['disk_space', 'incorrect'], 'multi_thread': True}
Module:collector Function:__init__ Line:83 INFO Getting data source: {'name': 'database_sqlRuleEngine', 'method': 'data_base', 'host_name': 'localhost', 'user_name': 'root', 'password': 'Perfacio1', 'data_base': 'rules_engine', 'variables': ['correct'], 'multi_thread': True} variables!
Module:collector Function:__init__ Line:92 INFO Starting thread: {'name': 'database_sqlRuleEngine', 'method': 'data_base', 'host_name': 'localhost', 'user_name': 'root', 'password': 'Perfacio1', 'data_base': 'rules_engine', 'variables': ['correct'], 'multi_thread': True}
Module:collector Function:_get_source Line:57 INFO Source: {'name': 'database_sqlRuleEngine', 'method': 'data_base', 'host_name': 'localhost', 'user_name': 'root', 'password': 'Perfacio1', 'data_base': 'rules_engine', 'variables': ['correct'], 'multi_thread': True} fetched variables: {'correct': 5}
Module:collector Function:_get_source Line:61 ERROR Unable to connect to source host: {'name': 'database_sqlRuleEngine', 'method': 'data_base', 'host_name': 'localhost', 'user_name': 'root', 'password': 'Perfacio1', 'data_base': 'rules_engine', 'variables': ['correct'], 'multi_thread': True}! Rules with variables in source will not run: ['correct']! Error: module 'business_rules.API' has no attribute 'database'
Module:collector Function:_init_source_variables Line:29 INFO Variable: correct has been created!Value: 5!Source: {'name': 'database_sqlRuleEngine', 'method': 'data_base', 'host_name': 'localhost', 'user_name': 'root', 'password': 'Perfacio1', 'data_base': 'rules_engine', 'variables': ['correct'], 'multi_thread': True}
Module:transport Function:_log Line:1760 INFO Connected (version 2.0, client OpenSSH_7.2p2)
Module:collector Function:_get_source Line:57 INFO Source: {'name': 'API_getPostman', 'method': 'API', 'request': 'get', 'url': 'https://548a3990-a83e-4862-a950-cc252c905ce2.mock.pstmn.io/get', 'params': {}, 'variables': ['CPU_usage', 'actual'], 'multi_thread': True} fetched variables: {'CPU_usage': 78, 'actual': 78}
Module:collector Function:_get_source Line:57 INFO Source: {'name': 'API_postPostman', 'method': 'API', 'request': 'post', 'url': 'https://75c9507b-8f2e-4211-a518-2c2ab988c27d.mock.pstmn.io/post', 'params': {}, 'data': {'method': 'POST', 'value': 13}, 'variables': ['disk_space', 'incorrect'], 'multi_thread': True} fetched variables: {'disk_space': 33, 'incorrect': 33}
Module:collector Function:_get_source Line:61 ERROR Unable to connect to source host: {'name': 'API_postPostman', 'method': 'API', 'request': 'post', 'url': 'https://75c9507b-8f2e-4211-a518-2c2ab988c27d.mock.pstmn.io/post', 'params': {}, 'data': {'method': 'POST', 'value': 13}, 'variables': ['disk_space', 'incorrect'], 'multi_thread': True}! Rules with variables in source will not run: ['disk_space', 'incorrect']! Error: module 'business_rules.API' has no attribute 'database'
Module:collector Function:_get_source Line:61 ERROR Unable to connect to source host: {'name': 'API_getPostman', 'method': 'API', 'request': 'get', 'url': 'https://548a3990-a83e-4862-a950-cc252c905ce2.mock.pstmn.io/get', 'params': {}, 'variables': ['CPU_usage', 'actual'], 'multi_thread': True}! Rules with variables in source will not run: ['CPU_usage', 'actual']! Error: module 'business_rules.API' has no attribute 'database'
Module:collector Function:_init_source_variables Line:29 INFO Variable: disk_space has been created!Value: 33!Source: {'name': 'API_postPostman', 'method': 'API', 'request': 'post', 'url': 'https://75c9507b-8f2e-4211-a518-2c2ab988c27d.mock.pstmn.io/post', 'params': {}, 'data': {'method': 'POST', 'value': 13}, 'variables': ['disk_space', 'incorrect'], 'multi_thread': True}
Module:collector Function:_init_source_variables Line:29 INFO Variable: CPU_usage has been created!Value: 78!Source: {'name': 'API_getPostman', 'method': 'API', 'request': 'get', 'url': 'https://548a3990-a83e-4862-a950-cc252c905ce2.mock.pstmn.io/get', 'params': {}, 'variables': ['CPU_usage', 'actual'], 'multi_thread': True}
Module:collector Function:_init_source_variables Line:29 INFO Variable: incorrect has been created!Value: 33!Source: {'name': 'API_postPostman', 'method': 'API', 'request': 'post', 'url': 'https://75c9507b-8f2e-4211-a518-2c2ab988c27d.mock.pstmn.io/post', 'params': {}, 'data': {'method': 'POST', 'value': 13}, 'variables': ['disk_space', 'incorrect'], 'multi_thread': True}
Module:collector Function:_init_source_variables Line:29 INFO Variable: actual has been created!Value: 78!Source: {'name': 'API_getPostman', 'method': 'API', 'request': 'get', 'url': 'https://548a3990-a83e-4862-a950-cc252c905ce2.mock.pstmn.io/get', 'params': {}, 'variables': ['CPU_usage', 'actual'], 'multi_thread': True}
Module:transport Function:_log Line:1760 INFO Authentication (publickey) successful!
Module:collector Function:_get_source Line:57 INFO Source: {'name': 'SSH_awsIntern', 'method': 'SSH', 'host_name': '10.137.89.13', 'user_name': 'ubuntu', 'password': None, 'key_filename': 'C:\\Users\\axsingh\\Documents\\Rules-engine.pem', 'variables': ['free_mem', 'total_mem', 'expected'], 'multi_thread': True} fetched variables: {'free_mem': '         1399044 ', 'total_mem': '        4044880 ', 'expected': '104\n'}
Module:collector Function:_get_source Line:61 ERROR Unable to connect to source host: {'name': 'SSH_awsIntern', 'method': 'SSH', 'host_name': '10.137.89.13', 'user_name': 'ubuntu', 'password': None, 'key_filename': 'C:\\Users\\axsingh\\Documents\\Rules-engine.pem', 'variables': ['free_mem', 'total_mem', 'expected'], 'multi_thread': True}! Rules with variables in source will not run: ['free_mem', 'total_mem', 'expected']! Error: module 'business_rules.API' has no attribute 'database'
Module:collector Function:_init_source_variables Line:29 INFO Variable: free_mem has been created!Value:          1399044 !Source: {'name': 'SSH_awsIntern', 'method': 'SSH', 'host_name': '10.137.89.13', 'user_name': 'ubuntu', 'password': None, 'key_filename': 'C:\\Users\\axsingh\\Documents\\Rules-engine.pem', 'variables': ['free_mem', 'total_mem', 'expected'], 'multi_thread': True}
Module:collector Function:_init_source_variables Line:29 INFO Variable: total_mem has been created!Value:         4044880 !Source: {'name': 'SSH_awsIntern', 'method': 'SSH', 'host_name': '10.137.89.13', 'user_name': 'ubuntu', 'password': None, 'key_filename': 'C:\\Users\\axsingh\\Documents\\Rules-engine.pem', 'variables': ['free_mem', 'total_mem', 'expected'], 'multi_thread': True}
Module:collector Function:_init_source_variables Line:29 INFO Variable: expected has been created!Value: 104
!Source: {'name': 'SSH_awsIntern', 'method': 'SSH', 'host_name': '10.137.89.13', 'user_name': 'ubuntu', 'password': None, 'key_filename': 'C:\\Users\\axsingh\\Documents\\Rules-engine.pem', 'variables': ['free_mem', 'total_mem', 'expected'], 'multi_thread': True}
Module:API Function:_run_API Line:373 INFO variables input taken from collector!
Module:API Function:_run_API Line:383 ERROR Rule: rule1 will not run because variable: correct couldn't be fetched!
Module:API Function:_run_API Line:383 ERROR Rule: rule2 will not run because variable: correct couldn't be fetched!
Module:API Function:_run_API Line:383 ERROR Rule: rule3 will not run because variable: correct couldn't be fetched!
Module:API Function:_run_API Line:383 ERROR Rule: disk_space will not run because variable: disk_space couldn't be fetched!
Module:API Function:_run_API Line:383 ERROR Rule: rule2 will not run because variable: incorrect couldn't be fetched!
Module:API Function:_run_API Line:383 ERROR Rule: CPU_usage will not run because variable: CPU_usage couldn't be fetched!
Module:API Function:_run_API Line:383 ERROR Rule: rule1 will not run because variable: actual couldn't be fetched!
Module:API Function:_run_API Line:383 ERROR Rule: rule2 will not run because variable: actual couldn't be fetched!
Module:API Function:_run_API Line:383 ERROR Rule: rule3 will not run because variable: actual couldn't be fetched!
Module:API Function:_run_API Line:383 ERROR Rule: memory will not run because variable: free_mem couldn't be fetched!
Module:API Function:_run_API Line:383 ERROR Rule: memory will not run because variable: total_mem couldn't be fetched!
Module:API Function:_run_API Line:383 ERROR Rule: rule1 will not run because variable: expected couldn't be fetched!
Module:API Function:_run_API Line:383 ERROR Rule: rule2 will not run because variable: expected couldn't be fetched!
Module:API Function:_run_API Line:383 ERROR Rule: rule3 will not run because variable: expected couldn't be fetched!
Module:API Function:ProductVariables Line:406 INFO Product Variable: CPU_usage has been created!
Module:API Function:ProductVariables Line:406 INFO Product Variable: free_mem has been created!
Module:API Function:ProductVariables Line:406 INFO Product Variable: total_mem has been created!
Module:API Function:ProductVariables Line:406 INFO Product Variable: memory has been created!
Module:API Function:ProductVariables Line:406 INFO Product Variable: disk_space has been created!
Module:API Function:ProductVariables Line:406 INFO Product Variable: actual has been created!
Module:API Function:ProductVariables Line:406 INFO Product Variable: expected has been created!
Module:API Function:ProductVariables Line:406 INFO Product Variable: correct has been created!
Module:API Function:ProductVariables Line:406 INFO Product Variable: incorrect has been created!
Module:<string> Function:<module> Line:1 INFO Variable: memory has been created!Value: 65.4119776112023!Source: Derived
Module:API Function:_run_API Line:431 INFO Adding action : condition_pass to list!
Module:API Function:_run_API Line:431 INFO Adding action : condition_fail to list!
Module:API Function:_run_API Line:438 INFO Adding action : Threshold_true to list!
Module:API Function:_run_API Line:438 INFO Adding action : Threshold_false to list!
Module:API Function:_run_API Line:438 INFO Adding action : Threshold_true to list!
Module:API Function:_run_API Line:440 INFO Action : Threshold_true already in list!
Module:API Function:_run_API Line:438 INFO Adding action : Threshold_false to list!
Module:API Function:_run_API Line:440 INFO Action : Threshold_false already in list!
Module:API Function:_run_API Line:438 INFO Adding action : Threshold_true to list!
Module:API Function:_run_API Line:440 INFO Action : Threshold_true already in list!
Module:API Function:_run_API Line:438 INFO Adding action : Threshold_false to list!
Module:API Function:_run_API Line:440 INFO Action : Threshold_false already in list!
Module:API Function:_run_API Line:438 INFO Adding action : condition_pass to list!
Module:API Function:_run_API Line:440 INFO Action : condition_pass already in list!
Module:API Function:_run_API Line:438 INFO Adding action : condition_fail to list!
Module:API Function:_run_API Line:440 INFO Action : condition_fail already in list!
Module:API Function:_run_API Line:438 INFO Adding action : condition_pass to list!
Module:API Function:_run_API Line:440 INFO Action : condition_pass already in list!
Module:API Function:_run_API Line:438 INFO Adding action : condition_fail to list!
Module:API Function:_run_API Line:440 INFO Action : condition_fail already in list!
Module:API Function:_run_API Line:438 INFO Adding action : condition_pass to list!
Module:API Function:_run_API Line:440 INFO Action : condition_pass already in list!
Module:API Function:_run_API Line:438 INFO Adding action : condition_fail to list!
Module:API Function:_run_API Line:440 INFO Action : condition_fail already in list!
Module:API Function:ProductActions Line:465 INFO Creater Product action : condition_pass successfully!
Module:API Function:ProductActions Line:465 INFO Creater Product action : condition_fail successfully!
Module:API Function:ProductActions Line:465 INFO Creater Product action : Threshold_true successfully!
Module:API Function:ProductActions Line:465 INFO Creater Product action : Threshold_false successfully!
Module:API Function:run_rules_list Line:198 INFO List: ['CPU_usage', 'memory', 'disk_space'] has returned False
Module:API Function:run_rules_dict Line:218 INFO All conditions were NOT satisfied: ['CPU_usage', 'memory', 'disk_space']!Running all else rules: ['rule2']
Module:API Function:run_rules_list Line:198 INFO List: ['rule2'] has returned False
Module:API Function:run_rules_list Line:177 INFO Rule conditional: {'all': ['CPU_usage', 'memory', 'disk_space'], 'then': None, 'else': ['rule2']} returned false!
Module:API Function:run_rules_list Line:198 INFO List: ['CPU_usage', 'memory', 'disk_space'] has returned False
Module:API Function:run_rules_dict Line:227 INFO Any condition was satisfied: {'2': ['CPU_usage', 'memory', 'disk_space']}!Running all else rules: ['rule1']
Module:API Function:run_rules_list Line:198 INFO List: ['rule1'] has returned False
Module:API Function:run_rules_list Line:177 INFO Rule conditional: {'any': {'2': ['CPU_usage', 'memory', 'disk_space']}, 'then': ['rule3'], 'else': ['rule1']} returned false!
Module:API Function:run_rules_list Line:198 INFO List: [{'all': ['CPU_usage', 'memory', 'disk_space'], 'then': None, 'else': ['rule2']}, {'any': {'2': ['CPU_usage', 'memory', 'disk_space']}, 'then': ['rule3'], 'else': ['rule1']}] has returned False
Module:API Function:_run_API Line:506 INFO Case has retuned false!
Module:engine Function:do_actions Line:108 INFO Starting action: condition_fail
