2019-07-04 15:53:11,558 INFO Starting _run_API
2019-07-04 15:53:11,558 INFO Importing use_cases.yml
2019-07-04 15:53:11,595 INFO Importing rules.yml
2019-07-04 15:53:11,636 INFO Importing variables.yml
2019-07-04 15:53:11,667 INFO Importing actions.yml
2019-07-04 15:53:11,672 INFO Importing DataSource.yml
2019-07-04 15:53:11,680 INFO Use_case created
2019-07-04 15:53:11,680 INFO source_variable_list made :[]
2019-07-04 15:53:11,680 INFO Adding rule: CPU_usage variables
2019-07-04 15:53:11,680 INFO Adding variable: CPU_usage 
2019-07-04 15:53:11,680 INFO Adding rule: memory variables
2019-07-04 15:53:11,682 INFO Adding variable: free_mem 
2019-07-04 15:53:11,683 INFO Adding variable: total_mem 
2019-07-04 15:53:11,683 INFO Adding variable: memory 
2019-07-04 15:53:11,683 INFO Adding rule: disk_space variables
2019-07-04 15:53:11,683 INFO Adding variable: disk_space 
2019-07-04 15:53:11,683 INFO Adding rule: rule1 variables
2019-07-04 15:53:11,683 INFO Adding variable: actual 
2019-07-04 15:53:11,683 INFO Adding variable: expected 
2019-07-04 15:53:11,683 INFO Adding variable: correct 
2019-07-04 15:53:11,683 INFO Adding rule: rule2 variables
2019-07-04 15:53:11,683 INFO Adding variable: actual 
2019-07-04 15:53:11,683 INFO Variable: actual already in list
2019-07-04 15:53:11,683 INFO Adding variable: expected 
2019-07-04 15:53:11,683 INFO Variable: expected already in list
2019-07-04 15:53:11,684 INFO Adding variable: correct 
2019-07-04 15:53:11,684 INFO Variable: correct already in list
2019-07-04 15:53:11,684 INFO Adding variable: incorrect 
2019-07-04 15:53:11,684 INFO Adding rule: rule3 variables
2019-07-04 15:53:11,684 INFO Adding variable: actual 
2019-07-04 15:53:11,684 INFO Variable: actual already in list
2019-07-04 15:53:11,684 INFO Adding variable: expected 
2019-07-04 15:53:11,684 INFO Variable: expected already in list
2019-07-04 15:53:11,684 INFO Adding variable: correct 
2019-07-04 15:53:11,684 INFO Variable: correct already in list
2019-07-04 15:53:11,684 INFO Addin data source: API_getPostman to be populated!
2019-07-04 15:53:11,684 INFO Addin data source: API_postPostman to be populated!
2019-07-04 15:53:11,684 INFO Addin data source: SSH_awsIntern to be populated!
2019-07-04 15:53:11,684 INFO Addin data source: database_sqlRuleEngine to be populated!
2019-07-04 15:53:11,684 INFO starting collector module
2019-07-04 15:53:11,684 INFO Getting data source: {'method': 'API', 'multi_thread': True, 'params': {}, 'request': 'get', 'url': 'https://548a3990-a83e-4862-a950-cc252c905ce2.mock.pstmn.io/get', 'variables': ['CPU_usage', 'actual']} variables!
2019-07-04 15:53:11,684 INFO Starting thread: {'method': 'API', 'multi_thread': True, 'params': {}, 'request': 'get', 'url': 'https://548a3990-a83e-4862-a950-cc252c905ce2.mock.pstmn.io/get', 'variables': ['CPU_usage', 'actual']}
2019-07-04 15:53:11,685 INFO Getting data source: {'data': {'method': 'POST', 'value': 13}, 'method': 'API', 'multi_thread': True, 'params': {}, 'request': 'post', 'url': 'https://75c9507b-8f2e-4211-a518-2c2ab988c27d.mock.pstmn.io/post', 'variables': ['disk_space', 'incorrect']} variables!
2019-07-04 15:53:11,686 INFO Starting thread: {'data': {'method': 'POST', 'value': 13}, 'method': 'API', 'multi_thread': True, 'params': {}, 'request': 'post', 'url': 'https://75c9507b-8f2e-4211-a518-2c2ab988c27d.mock.pstmn.io/post', 'variables': ['disk_space', 'incorrect']}
2019-07-04 15:53:11,686 INFO Getting data source: {'host_name': '10.137.89.13', 'key_filename': 'C:\\Users\\axsingh\\Documents\\Rules-engine.pem', 'method': 'SSH', 'multi_thread': True, 'password': None, 'user_name': 'ubuntu', 'variables': ['free_mem', 'total_mem', 'expected']} variables!
2019-07-04 15:53:11,687 INFO Starting thread: {'host_name': '10.137.89.13', 'key_filename': 'C:\\Users\\axsingh\\Documents\\Rules-engine.pem', 'method': 'SSH', 'multi_thread': True, 'password': None, 'user_name': 'ubuntu', 'variables': ['free_mem', 'total_mem', 'expected']}
2019-07-04 15:53:11,687 INFO Getting data source: {'data_base': 'rules_engine', 'host_name': 'localhost', 'method': 'data_base', 'multi_thread': True, 'password': 'Perfacio1', 'user_name': 'root', 'variables': ['correct']} variables!
2019-07-04 15:53:11,687 INFO Starting thread: {'data_base': 'rules_engine', 'host_name': 'localhost', 'method': 'data_base', 'multi_thread': True, 'password': 'Perfacio1', 'user_name': 'root', 'variables': ['correct']}
2019-07-04 15:53:11,766 INFO Source: {'data_base': 'rules_engine', 'host_name': 'localhost', 'method': 'data_base', 'multi_thread': True, 'password': 'Perfacio1', 'user_name': 'root', 'variables': ['correct']} fetched variables: {'correct': 5}
2019-07-04 15:53:11,767 INFO Variable: correct has been created!Value: 5!Source: {'data_base': 'rules_engine', 'host_name': 'localhost', 'method': 'data_base', 'multi_thread': True, 'password': 'Perfacio1', 'user_name': 'root', 'variables': ['correct']}
2019-07-04 15:53:12,236 INFO Connected (version 2.0, client OpenSSH_7.2p2)
2019-07-04 15:53:13,102 INFO Source: {'data': {'method': 'POST', 'value': 13}, 'method': 'API', 'multi_thread': True, 'params': {}, 'request': 'post', 'url': 'https://75c9507b-8f2e-4211-a518-2c2ab988c27d.mock.pstmn.io/post', 'variables': ['disk_space', 'incorrect']} fetched variables: {'disk_space': 33, 'incorrect': 33}
2019-07-04 15:53:13,102 INFO Variable: disk_space has been created!Value: 33!Source: {'data': {'method': 'POST', 'value': 13}, 'method': 'API', 'multi_thread': True, 'params': {}, 'request': 'post', 'url': 'https://75c9507b-8f2e-4211-a518-2c2ab988c27d.mock.pstmn.io/post', 'variables': ['disk_space', 'incorrect']}
2019-07-04 15:53:13,102 INFO Variable: incorrect has been created!Value: 33!Source: {'data': {'method': 'POST', 'value': 13}, 'method': 'API', 'multi_thread': True, 'params': {}, 'request': 'post', 'url': 'https://75c9507b-8f2e-4211-a518-2c2ab988c27d.mock.pstmn.io/post', 'variables': ['disk_space', 'incorrect']}
2019-07-04 15:53:13,649 INFO Authentication (publickey) successful!
2019-07-04 15:53:13,910 INFO Source: {'method': 'API', 'multi_thread': True, 'params': {}, 'request': 'get', 'url': 'https://548a3990-a83e-4862-a950-cc252c905ce2.mock.pstmn.io/get', 'variables': ['CPU_usage', 'actual']} fetched variables: {'CPU_usage': 78, 'actual': 78}
2019-07-04 15:53:13,910 INFO Variable: CPU_usage has been created!Value: 78!Source: {'method': 'API', 'multi_thread': True, 'params': {}, 'request': 'get', 'url': 'https://548a3990-a83e-4862-a950-cc252c905ce2.mock.pstmn.io/get', 'variables': ['CPU_usage', 'actual']}
2019-07-04 15:53:13,910 INFO Variable: actual has been created!Value: 78!Source: {'method': 'API', 'multi_thread': True, 'params': {}, 'request': 'get', 'url': 'https://548a3990-a83e-4862-a950-cc252c905ce2.mock.pstmn.io/get', 'variables': ['CPU_usage', 'actual']}
2019-07-04 15:53:16,249 INFO Source: {'host_name': '10.137.89.13', 'key_filename': 'C:\\Users\\axsingh\\Documents\\Rules-engine.pem', 'method': 'SSH', 'multi_thread': True, 'password': None, 'user_name': 'ubuntu', 'variables': ['free_mem', 'total_mem', 'expected']} fetched variables: {'free_mem': '         1410200 ', 'total_mem': '        4044880 ', 'expected': '104\n'}
2019-07-04 15:53:16,249 INFO Variable: free_mem has been created!Value:          1410200 !Source: {'host_name': '10.137.89.13', 'key_filename': 'C:\\Users\\axsingh\\Documents\\Rules-engine.pem', 'method': 'SSH', 'multi_thread': True, 'password': None, 'user_name': 'ubuntu', 'variables': ['free_mem', 'total_mem', 'expected']}
2019-07-04 15:53:16,249 INFO Variable: total_mem has been created!Value:         4044880 !Source: {'host_name': '10.137.89.13', 'key_filename': 'C:\\Users\\axsingh\\Documents\\Rules-engine.pem', 'method': 'SSH', 'multi_thread': True, 'password': None, 'user_name': 'ubuntu', 'variables': ['free_mem', 'total_mem', 'expected']}
2019-07-04 15:53:16,249 INFO Variable: expected has been created!Value: 104
!Source: {'host_name': '10.137.89.13', 'key_filename': 'C:\\Users\\axsingh\\Documents\\Rules-engine.pem', 'method': 'SSH', 'multi_thread': True, 'password': None, 'user_name': 'ubuntu', 'variables': ['free_mem', 'total_mem', 'expected']}
2019-07-04 15:53:16,249 INFO variables input taken from collector!
2019-07-04 15:53:16,249 INFO Product Vriable: CPU_usage has been created!
2019-07-04 15:53:16,249 INFO Product Vriable: free_mem has been created!
2019-07-04 15:53:16,249 INFO Product Vriable: total_mem has been created!
2019-07-04 15:53:16,249 INFO Product Vriable: memory has been created!
2019-07-04 15:53:16,249 INFO Product Vriable: disk_space has been created!
2019-07-04 15:53:16,249 INFO Product Vriable: actual has been created!
2019-07-04 15:53:16,265 INFO Product Vriable: expected has been created!
2019-07-04 15:53:16,265 INFO Product Vriable: correct has been created!
2019-07-04 15:53:16,265 INFO Product Vriable: incorrect has been created!
2019-07-04 15:53:16,265 INFO Adding action : condition_pass to list!
2019-07-04 15:53:16,265 INFO Adding action : condition_fail to list!
2019-07-04 15:53:16,265 INFO Adding action : Threshold_true to list!
2019-07-04 15:53:16,265 INFO Adding action : Threshold_false to list!
2019-07-04 15:53:16,265 INFO Adding action : Threshold_true to list!
2019-07-04 15:53:16,265 INFO Action : Threshold_true already in list!
2019-07-04 15:53:16,265 INFO Adding action : Threshold_false to list!
2019-07-04 15:53:16,265 INFO Action : Threshold_false already in list!
2019-07-04 15:53:16,265 INFO Adding action : Threshold_true to list!
2019-07-04 15:53:16,265 INFO Action : Threshold_true already in list!
2019-07-04 15:53:16,265 INFO Adding action : Threshold_false to list!
2019-07-04 15:53:16,265 INFO Action : Threshold_false already in list!
2019-07-04 15:53:16,265 INFO Adding action : condition_pass to list!
2019-07-04 15:53:16,265 INFO Action : condition_pass already in list!
2019-07-04 15:53:16,265 INFO Adding action : condition_fail to list!
2019-07-04 15:53:16,265 INFO Action : condition_fail already in list!
2019-07-04 15:53:16,265 INFO Adding action : condition_pass to list!
2019-07-04 15:53:16,265 INFO Action : condition_pass already in list!
2019-07-04 15:53:16,265 INFO Adding action : condition_fail to list!
2019-07-04 15:53:16,265 INFO Action : condition_fail already in list!
2019-07-04 15:53:16,265 INFO Adding action : condition_pass to list!
2019-07-04 15:53:16,265 INFO Action : condition_pass already in list!
2019-07-04 15:53:16,265 INFO Adding action : condition_fail to list!
2019-07-04 15:53:16,265 INFO Action : condition_fail already in list!
2019-07-04 15:53:16,265 INFO Creater Product action : condition_pass successfully!
2019-07-04 15:53:16,265 INFO Creater Product action : condition_fail successfully!
2019-07-04 15:53:16,265 INFO Creater Product action : Threshold_true successfully!
2019-07-04 15:53:16,265 INFO Creater Product action : Threshold_false successfully!
2019-07-04 15:53:16,265 INFO Starting action: Threshold_false
2019-07-04 15:53:16,265 INFO Rule: CPU_usage returned false
2019-07-04 15:53:16,265 INFO Starting action: Threshold_false
2019-07-04 15:53:16,265 INFO Rule: memory returned false
2019-07-04 15:53:16,265 INFO Starting action: Threshold_true
2019-07-04 15:53:16,265 INFO Rule: disk_space returned true
2019-07-04 15:53:16,265 INFO List: ['CPU_usage', 'memory', 'disk_space'] has returned False
2019-07-04 15:53:16,265 INFO All conditions were NOT satisfied: ['CPU_usage', 'memory', 'disk_space']!Running all else rules: ['rule2']
2019-07-04 15:53:16,265 INFO Starting action: condition_fail
2019-07-04 15:53:16,265 INFO Rule: rule2 returned false
2019-07-04 15:53:16,265 INFO List: ['rule2'] has returned False
2019-07-04 15:53:16,265 INFO Rule conditional: {'all': ['CPU_usage', 'memory', 'disk_space'], 'else': ['rule2'], 'then': None} returned false!
2019-07-04 15:53:16,265 INFO Starting action: Threshold_false
2019-07-04 15:53:16,265 INFO Rule: CPU_usage returned false
2019-07-04 15:53:16,265 INFO Starting action: Threshold_false
2019-07-04 15:53:16,265 INFO Rule: memory returned false
2019-07-04 15:53:16,265 INFO Starting action: Threshold_true
2019-07-04 15:53:16,265 INFO Rule: disk_space returned true
2019-07-04 15:53:16,265 INFO List: ['CPU_usage', 'memory', 'disk_space'] has returned False
2019-07-04 15:53:16,265 INFO Any condition was satisfied: {2: ['CPU_usage', 'memory', 'disk_space']}!Running all else rules: ['rule1']
2019-07-04 15:53:16,265 INFO Starting action: condition_pass
2019-07-04 15:53:16,265 INFO Rule: rule1 returned true
2019-07-04 15:53:16,265 INFO List: ['rule1'] has returned True
2019-07-04 15:53:16,265 INFO Rule conditional: {'any': {2: ['CPU_usage', 'memory', 'disk_space']}, 'else': ['rule1'], 'then': ['rule3']} returned true!
2019-07-04 15:53:16,265 INFO List: [{'all': ['CPU_usage', 'memory', 'disk_space'], 'else': ['rule2'], 'then': None}, {'any': {2: ['CPU_usage', 'memory', 'disk_space']}, 'else': ['rule1'], 'then': ['rule3']}] has returned False
2019-07-04 15:53:16,265 INFO Starting action: condition_fail
2019-07-04 15:53:16,281 INFO 127.0.0.1 - - [04/Jul/2019 15:53:16] "POST /runusecase?use_case=CPU_Conditional HTTP/1.1" 200 -
2019-07-04 15:53:25,999 INFO Starting _run_API
2019-07-04 15:53:25,999 INFO Importing use_cases.yml
2019-07-04 15:53:26,035 INFO Importing rules.yml
2019-07-04 15:53:26,072 INFO Importing variables.yml
2019-07-04 15:53:26,108 INFO Importing actions.yml
2019-07-04 15:53:26,118 INFO Importing DataSource.yml
2019-07-04 15:53:26,125 INFO Use_case created
2019-07-04 15:53:26,125 INFO source_variable_list made :[]
2019-07-04 15:53:26,125 INFO Adding rule: distance_check variables
2019-07-04 15:53:26,126 INFO Adding variable: distance 
2019-07-04 15:53:26,126 INFO Adding variable: dist_limit 
2019-07-04 15:53:26,126 INFO Adding rule: cost_check variables
2019-07-04 15:53:26,126 INFO Adding variable: cost 
2019-07-04 15:53:26,126 INFO Adding variable: cost_limit 
2019-07-04 15:53:26,126 INFO Addin data source: API_getPostman to be populated!
2019-07-04 15:53:26,126 INFO Addin data source: API_mapQuest to be populated!
2019-07-04 15:53:26,126 INFO starting collector module
2019-07-04 15:53:26,127 INFO Getting data source: {'method': 'API', 'multi_thread': True, 'params': {}, 'request': 'get', 'url': 'https://548a3990-a83e-4862-a950-cc252c905ce2.mock.pstmn.io/get', 'variables': ['dist_limit', 'cost_limit']} variables!
2019-07-04 15:53:26,127 INFO Starting thread: {'method': 'API', 'multi_thread': True, 'params': {}, 'request': 'get', 'url': 'https://548a3990-a83e-4862-a950-cc252c905ce2.mock.pstmn.io/get', 'variables': ['dist_limit', 'cost_limit']}
2019-07-04 15:53:26,128 INFO Getting data source: {'data': {'locations': ['Denver, CO', 'Westminster, CO']}, 'method': 'API', 'multi_thread': True, 'params': {}, 'request': 'post', 'url': 'http://www.mapquestapi.com/directions/v2/routematrix?key=1XpKHYmtfjhVKQhYAfpTfbjP8pz0d7Q4', 'variables': ['distance', 'cost']} variables!
2019-07-04 15:53:26,129 INFO Starting thread: {'data': {'locations': ['Denver, CO', 'Westminster, CO']}, 'method': 'API', 'multi_thread': True, 'params': {}, 'request': 'post', 'url': 'http://www.mapquestapi.com/directions/v2/routematrix?key=1XpKHYmtfjhVKQhYAfpTfbjP8pz0d7Q4', 'variables': ['distance', 'cost']}
2019-07-04 15:53:26,940 INFO Source: {'data': {'locations': ['Denver, CO', 'Westminster, CO']}, 'method': 'API', 'multi_thread': True, 'params': {}, 'request': 'post', 'url': 'http://www.mapquestapi.com/directions/v2/routematrix?key=1XpKHYmtfjhVKQhYAfpTfbjP8pz0d7Q4', 'variables': ['distance', 'cost']} fetched variables: {'distance': 13.783, 'cost': 1142}
2019-07-04 15:53:26,940 INFO Variable: distance has been created!Value: 13.783!Source: {'data': {'locations': ['Denver, CO', 'Westminster, CO']}, 'method': 'API', 'multi_thread': True, 'params': {}, 'request': 'post', 'url': 'http://www.mapquestapi.com/directions/v2/routematrix?key=1XpKHYmtfjhVKQhYAfpTfbjP8pz0d7Q4', 'variables': ['distance', 'cost']}
2019-07-04 15:53:26,940 INFO Variable: cost has been created!Value: 1142!Source: {'data': {'locations': ['Denver, CO', 'Westminster, CO']}, 'method': 'API', 'multi_thread': True, 'params': {}, 'request': 'post', 'url': 'http://www.mapquestapi.com/directions/v2/routematrix?key=1XpKHYmtfjhVKQhYAfpTfbjP8pz0d7Q4', 'variables': ['distance', 'cost']}
2019-07-04 15:53:27,235 INFO Source: {'method': 'API', 'multi_thread': True, 'params': {}, 'request': 'get', 'url': 'https://548a3990-a83e-4862-a950-cc252c905ce2.mock.pstmn.io/get', 'variables': ['dist_limit', 'cost_limit']} fetched variables: {'dist_limit': 78, 'cost_limit': 78}
2019-07-04 15:53:27,235 INFO Variable: dist_limit has been created!Value: 78!Source: {'method': 'API', 'multi_thread': True, 'params': {}, 'request': 'get', 'url': 'https://548a3990-a83e-4862-a950-cc252c905ce2.mock.pstmn.io/get', 'variables': ['dist_limit', 'cost_limit']}
2019-07-04 15:53:27,235 INFO Variable: cost_limit has been created!Value: 78!Source: {'method': 'API', 'multi_thread': True, 'params': {}, 'request': 'get', 'url': 'https://548a3990-a83e-4862-a950-cc252c905ce2.mock.pstmn.io/get', 'variables': ['dist_limit', 'cost_limit']}
2019-07-04 15:53:27,235 INFO variables input taken from collector!
2019-07-04 15:53:27,235 INFO Product Vriable: distance has been created!
2019-07-04 15:53:27,235 INFO Product Vriable: dist_limit has been created!
2019-07-04 15:53:27,235 INFO Product Vriable: cost has been created!
2019-07-04 15:53:27,235 INFO Product Vriable: cost_limit has been created!
2019-07-04 15:53:27,235 INFO Adding action : condition_pass to list!
2019-07-04 15:53:27,235 INFO Adding action : condition_fail to list!
2019-07-04 15:53:27,235 INFO Adding action : Threshold_true to list!
2019-07-04 15:53:27,235 INFO Adding action : Threshold_false to list!
2019-07-04 15:53:27,235 INFO Adding action : Threshold_true to list!
2019-07-04 15:53:27,235 INFO Action : Threshold_true already in list!
2019-07-04 15:53:27,250 INFO Adding action : Threshold_false to list!
2019-07-04 15:53:27,250 INFO Action : Threshold_false already in list!
2019-07-04 15:53:27,250 INFO Creater Product action : condition_pass successfully!
2019-07-04 15:53:27,250 INFO Creater Product action : condition_fail successfully!
2019-07-04 15:53:27,251 INFO Creater Product action : Threshold_true successfully!
2019-07-04 15:53:27,251 INFO Creater Product action : Threshold_false successfully!
2019-07-04 15:53:27,251 INFO Starting action: Threshold_true
2019-07-04 15:53:27,252 INFO Rule: distance_check returned true
2019-07-04 15:53:27,252 INFO Starting action: Threshold_false
2019-07-04 15:53:27,254 INFO Rule: cost_check returned false
2019-07-04 15:53:27,254 INFO Starting action: condition_fail
2019-07-04 15:53:27,254 INFO 127.0.0.1 - - [04/Jul/2019 15:53:27] "POST /runusecase?use_case=restraunt HTTP/1.1" 200 -
2019-07-04 15:54:50,631 INFO  * Detected change in 'C:\\Users\\axsingh\\Documents\\business-rules\\web-services\\business_rules\\API.py', reloading
