2019-07-04 18:51:51,545 INFO Starting _run_API
2019-07-04 18:51:51,545 INFO Importing use_cases.yml
2019-07-04 18:51:51,579 INFO Importing rules.yml
2019-07-04 18:51:51,621 INFO Importing variables.yml
2019-07-04 18:51:51,650 INFO Importing actions.yml
2019-07-04 18:51:51,656 INFO Importing DataSource.yml
2019-07-04 18:51:51,663 INFO Use_case created
2019-07-04 18:51:51,663 INFO source_variable_list made :[]
2019-07-04 18:51:51,664 INFO Adding rule: CPU_usage variables
2019-07-04 18:51:51,664 INFO Adding variable: CPU_usage 
2019-07-04 18:51:51,664 INFO Adding rule: memory variables
2019-07-04 18:51:51,666 INFO Adding variable: free_mem 
2019-07-04 18:51:51,666 INFO Variable: free_mem in parameter_variables
2019-07-04 18:51:51,666 INFO Adding variable: total_mem 
2019-07-04 18:51:51,666 INFO Variable: total_mem in parameter_variables
2019-07-04 18:51:51,666 INFO Adding variable: memory 
2019-07-04 18:51:51,666 INFO Adding rule: disk_space variables
2019-07-04 18:51:51,666 INFO Adding variable: disk_space 
2019-07-04 18:51:51,666 INFO Addin data source: API_getPostman to be populated!
2019-07-04 18:51:51,667 INFO Addin data source: API_postPostman to be populated!
2019-07-04 18:51:51,667 INFO starting collector module
2019-07-04 18:51:51,667 INFO Getting data source: {'method': 'API', 'multi_thread': True, 'params': {}, 'request': 'get', 'url': 'https://548a3990-a83e-4862-a950-cc252c905ce2.mock.pstmn.io/get', 'variables': ['CPU_usage']} variables!
2019-07-04 18:51:51,667 INFO Starting thread: {'method': 'API', 'multi_thread': True, 'params': {}, 'request': 'get', 'url': 'https://548a3990-a83e-4862-a950-cc252c905ce2.mock.pstmn.io/get', 'variables': ['CPU_usage']}
2019-07-04 18:51:51,667 INFO Getting data source: {'data': {'method': 'POST', 'value': 13}, 'method': 'API', 'multi_thread': True, 'params': {}, 'request': 'post', 'url': 'https://75c9507b-8f2e-4211-a518-2c2ab988c27d.mock.pstmn.io/post', 'variables': ['disk_space']} variables!
2019-07-04 18:51:51,668 INFO Starting thread: {'data': {'method': 'POST', 'value': 13}, 'method': 'API', 'multi_thread': True, 'params': {}, 'request': 'post', 'url': 'https://75c9507b-8f2e-4211-a518-2c2ab988c27d.mock.pstmn.io/post', 'variables': ['disk_space']}
2019-07-04 18:51:51,671 INFO Variable: total_mem has been created!Value: 140!Source: Parameter_Variable
2019-07-04 18:51:51,671 INFO Variable: free_mem has been created!Value: 70!Source: Parameter_Variable
2019-07-04 18:51:53,019 INFO Source: {'method': 'API', 'multi_thread': True, 'params': {}, 'request': 'get', 'url': 'https://548a3990-a83e-4862-a950-cc252c905ce2.mock.pstmn.io/get', 'variables': ['CPU_usage']} fetched variables: {'CPU_usage': 78}
2019-07-04 18:51:53,019 INFO Variable: CPU_usage has been created!Value: 78!Source: {'method': 'API', 'multi_thread': True, 'params': {}, 'request': 'get', 'url': 'https://548a3990-a83e-4862-a950-cc252c905ce2.mock.pstmn.io/get', 'variables': ['CPU_usage']}
2019-07-04 18:51:53,104 INFO Source: {'data': {'method': 'POST', 'value': 13}, 'method': 'API', 'multi_thread': True, 'params': {}, 'request': 'post', 'url': 'https://75c9507b-8f2e-4211-a518-2c2ab988c27d.mock.pstmn.io/post', 'variables': ['disk_space']} fetched variables: {'disk_space': 33}
2019-07-04 18:51:53,104 INFO Variable: disk_space has been created!Value: 33!Source: {'data': {'method': 'POST', 'value': 13}, 'method': 'API', 'multi_thread': True, 'params': {}, 'request': 'post', 'url': 'https://75c9507b-8f2e-4211-a518-2c2ab988c27d.mock.pstmn.io/post', 'variables': ['disk_space']}
2019-07-04 18:51:53,104 INFO variables input taken from collector!
2019-07-04 18:51:53,105 INFO Product Vriable: CPU_usage has been created!
2019-07-04 18:51:53,105 INFO Product Vriable: free_mem has been created!
2019-07-04 18:51:53,105 INFO Product Vriable: total_mem has been created!
2019-07-04 18:51:53,105 INFO Product Vriable: memory has been created!
2019-07-04 18:51:53,105 INFO Product Vriable: disk_space has been created!
2019-07-04 18:51:53,105 INFO Adding action : condition_pass to list!
2019-07-04 18:51:53,105 INFO Adding action : condition_fail to list!
2019-07-04 18:51:53,105 INFO Adding action : Threshold_true to list!
2019-07-04 18:51:53,105 INFO Adding action : Threshold_false to list!
2019-07-04 18:51:53,106 INFO Adding action : Threshold_true to list!
2019-07-04 18:51:53,106 INFO Action : Threshold_true already in list!
2019-07-04 18:51:53,106 INFO Adding action : Threshold_false to list!
2019-07-04 18:51:53,106 INFO Action : Threshold_false already in list!
2019-07-04 18:51:53,106 INFO Adding action : Threshold_true to list!
2019-07-04 18:51:53,106 INFO Action : Threshold_true already in list!
2019-07-04 18:51:53,106 INFO Adding action : Threshold_false to list!
2019-07-04 18:51:53,106 INFO Action : Threshold_false already in list!
2019-07-04 18:51:53,106 INFO Creater Product action : condition_pass successfully!
2019-07-04 18:51:53,106 INFO Creater Product action : condition_fail successfully!
2019-07-04 18:51:53,106 INFO Creater Product action : Threshold_true successfully!
2019-07-04 18:51:53,107 INFO Creater Product action : Threshold_false successfully!
2019-07-04 18:51:53,107 INFO Starting action: Threshold_false
2019-07-04 18:51:53,107 INFO Rule: CPU_usage returned false
2019-07-04 18:51:53,107 INFO Starting action: Threshold_true
2019-07-04 18:51:53,108 INFO Rule: memory returned true
2019-07-04 18:51:53,108 INFO Starting action: Threshold_true
2019-07-04 18:51:53,109 INFO Rule: disk_space returned true
2019-07-04 18:51:53,109 INFO List: ['CPU_usage', 'memory', 'disk_space'] has returned False
2019-07-04 18:51:53,109 INFO Starting action: condition_fail
