2019-07-05 19:09:35,139 INFO Starting _run_API
2019-07-05 19:09:35,139 INFO Importing use_cases.yml
2019-07-05 19:09:35,170 INFO Importing rules.yml
2019-07-05 19:09:35,208 INFO Importing variables.yml
2019-07-05 19:09:35,236 INFO Importing actions.yml
2019-07-05 19:09:35,241 INFO Importing DataSource.yml
2019-07-05 19:09:35,248 INFO Use_case created
2019-07-05 19:09:35,249 INFO source_variable_list made :['free_mem', 'total_mem', 'CPU_usage', 'disk_space']
2019-07-05 19:09:35,249 INFO Adding rule: CPU_usage variables
2019-07-05 19:09:35,249 INFO Adding variable: CPU_usage 
2019-07-05 19:09:35,251 INFO Adding rule: memory variables
2019-07-05 19:09:35,251 INFO Adding variable: free_mem 
2019-07-05 19:09:35,251 INFO Adding variable: total_mem 
2019-07-05 19:09:35,251 INFO Adding variable: memory 
2019-07-05 19:09:35,251 INFO Adding rule: disk_space variables
2019-07-05 19:09:35,251 INFO Adding variable: disk_space 
2019-07-05 19:09:35,251 INFO starting collector module
2019-07-05 19:09:35,251 INFO Getting data source: {'method': 'SSH', 'host_name': '10.137.89.13', 'user_name': 'ubuntu', 'password': None, 'key_filename': 'C:\\Users\\axsingh\\Documents\\Rules-engine.pem', 'variables': ['free_mem', 'total_mem'], 'multi_thread': True} variables!
2019-07-05 19:09:35,251 INFO Starting thread: {'method': 'SSH', 'host_name': '10.137.89.13', 'user_name': 'ubuntu', 'password': None, 'key_filename': 'C:\\Users\\axsingh\\Documents\\Rules-engine.pem', 'variables': ['free_mem', 'total_mem'], 'multi_thread': True}
2019-07-05 19:09:35,252 INFO Getting data source: {'method': 'API', 'request': 'get', 'url': 'https://548a3990-a83e-4862-a950-cc252c905ce2.mock.pstmn.io/get', 'params': {}, 'variables': ['CPU_usage'], 'multi_thread': True} variables!
2019-07-05 19:09:35,252 INFO Starting thread: {'method': 'API', 'request': 'get', 'url': 'https://548a3990-a83e-4862-a950-cc252c905ce2.mock.pstmn.io/get', 'params': {}, 'variables': ['CPU_usage'], 'multi_thread': True}
2019-07-05 19:09:35,253 INFO Getting data source: {'method': 'API', 'request': 'post', 'url': 'https://75c9507b-8f2e-4211-a518-2c2ab988c27d.mock.pstmn.io/post', 'params': {}, 'data': {'method': 'POST', 'value': 13}, 'variables': ['disk_space'], 'multi_thread': True} variables!
2019-07-05 19:09:35,253 INFO Starting thread: {'method': 'API', 'request': 'post', 'url': 'https://75c9507b-8f2e-4211-a518-2c2ab988c27d.mock.pstmn.io/post', 'params': {}, 'data': {'method': 'POST', 'value': 13}, 'variables': ['disk_space'], 'multi_thread': True}
2019-07-05 19:09:35,799 INFO Connected (version 2.0, client OpenSSH_7.2p2)
2019-07-05 19:09:36,426 INFO Source: {'method': 'API', 'request': 'get', 'url': 'https://548a3990-a83e-4862-a950-cc252c905ce2.mock.pstmn.io/get', 'params': {}, 'variables': ['CPU_usage'], 'multi_thread': True} fetched variables: {'CPU_usage': 78}
2019-07-05 19:09:36,426 INFO Variable: CPU_usage has been created!Value: 78!Source: {'method': 'API', 'request': 'get', 'url': 'https://548a3990-a83e-4862-a950-cc252c905ce2.mock.pstmn.io/get', 'params': {}, 'variables': ['CPU_usage'], 'multi_thread': True}
2019-07-05 19:09:36,455 INFO Source: {'method': 'API', 'request': 'post', 'url': 'https://75c9507b-8f2e-4211-a518-2c2ab988c27d.mock.pstmn.io/post', 'params': {}, 'data': {'method': 'POST', 'value': 13}, 'variables': ['disk_space'], 'multi_thread': True} fetched variables: {'disk_space': 33}
2019-07-05 19:09:36,455 INFO Variable: disk_space has been created!Value: 33!Source: {'method': 'API', 'request': 'post', 'url': 'https://75c9507b-8f2e-4211-a518-2c2ab988c27d.mock.pstmn.io/post', 'params': {}, 'data': {'method': 'POST', 'value': 13}, 'variables': ['disk_space'], 'multi_thread': True}
2019-07-05 19:09:37,240 INFO Authentication (publickey) successful!
2019-07-05 19:09:38,950 INFO Source: {'method': 'SSH', 'host_name': '10.137.89.13', 'user_name': 'ubuntu', 'password': None, 'key_filename': 'C:\\Users\\axsingh\\Documents\\Rules-engine.pem', 'variables': ['free_mem', 'total_mem'], 'multi_thread': True} fetched variables: {'free_mem': '         1409932 ', 'total_mem': '        4044880 '}
2019-07-05 19:09:38,950 INFO Variable: free_mem has been created!Value:          1409932 !Source: {'method': 'SSH', 'host_name': '10.137.89.13', 'user_name': 'ubuntu', 'password': None, 'key_filename': 'C:\\Users\\axsingh\\Documents\\Rules-engine.pem', 'variables': ['free_mem', 'total_mem'], 'multi_thread': True}
2019-07-05 19:09:38,951 INFO Variable: total_mem has been created!Value:         4044880 !Source: {'method': 'SSH', 'host_name': '10.137.89.13', 'user_name': 'ubuntu', 'password': None, 'key_filename': 'C:\\Users\\axsingh\\Documents\\Rules-engine.pem', 'variables': ['free_mem', 'total_mem'], 'multi_thread': True}
2019-07-05 19:09:38,951 INFO variables input taken from collector!
2019-07-05 19:09:38,951 INFO Product Vriable: CPU_usage has been created!
2019-07-05 19:09:38,951 INFO Product Vriable: free_mem has been created!
2019-07-05 19:09:38,951 INFO Product Vriable: total_mem has been created!
2019-07-05 19:09:38,952 INFO Product Vriable: memory has been created!
2019-07-05 19:09:38,952 INFO Product Vriable: disk_space has been created!
2019-07-05 19:09:38,952 INFO Variable: memory has been created!Value: 65.14279780858764!Source: Derived
2019-07-05 19:09:38,952 INFO Adding action : condition_pass to list!
2019-07-05 19:09:38,953 INFO Adding action : condition_fail to list!
2019-07-05 19:09:38,953 INFO Adding action : Threshold_true to list!
2019-07-05 19:09:38,953 INFO Adding action : Threshold_false to list!
2019-07-05 19:09:38,953 INFO Adding action : Threshold_true to list!
2019-07-05 19:09:38,953 INFO Action : Threshold_true already in list!
2019-07-05 19:09:38,953 INFO Adding action : Threshold_false to list!
2019-07-05 19:09:38,953 INFO Action : Threshold_false already in list!
2019-07-05 19:09:38,953 INFO Adding action : Threshold_true to list!
2019-07-05 19:09:38,953 INFO Action : Threshold_true already in list!
2019-07-05 19:09:38,953 INFO Adding action : Threshold_false to list!
2019-07-05 19:09:38,954 INFO Action : Threshold_false already in list!
2019-07-05 19:09:38,954 INFO Creater Product action : condition_pass successfully!
2019-07-05 19:09:38,954 INFO Creater Product action : condition_fail successfully!
2019-07-05 19:09:38,954 INFO Creater Product action : Threshold_true successfully!
2019-07-05 19:09:38,954 INFO Creater Product action : Threshold_false successfully!
2019-07-05 19:09:38,955 INFO Starting action: Threshold_false
2019-07-05 19:09:38,955 INFO Rule: CPU_usage returned false
2019-07-05 19:09:38,955 INFO Starting action: Threshold_false
2019-07-05 19:09:38,956 INFO Rule: memory returned false
2019-07-05 19:09:38,956 INFO Starting action: Threshold_true
2019-07-05 19:09:38,957 INFO Rule: disk_space returned true
2019-07-05 19:09:38,957 INFO List: ['CPU_usage', 'memory', 'disk_space'] has returned False
2019-07-05 19:09:38,957 INFO Starting action: condition_fail
