2019-07-04 18:52:27,027 INFO Starting _run_API
2019-07-04 18:52:27,027 INFO Importing use_cases.yml
2019-07-04 18:52:27,059 INFO Importing rules.yml
2019-07-04 18:52:27,097 INFO Importing variables.yml
2019-07-04 18:52:27,126 INFO Importing actions.yml
2019-07-04 18:52:27,132 INFO Importing DataSource.yml
2019-07-04 18:52:27,140 INFO Use_case created
2019-07-04 18:52:27,140 INFO source_variable_list made :[]
2019-07-04 18:52:27,140 INFO Adding rule: CPU_usage variables
2019-07-04 18:52:27,140 INFO Adding variable: CPU_usage 
2019-07-04 18:52:27,140 INFO Adding rule: memory variables
2019-07-04 18:52:27,142 INFO Adding variable: free_mem 
2019-07-04 18:52:27,143 INFO Adding variable: total_mem 
2019-07-04 18:52:27,143 INFO Adding variable: memory 
2019-07-04 18:52:27,143 INFO Adding rule: disk_space variables
2019-07-04 18:52:27,143 INFO Adding variable: disk_space 
2019-07-04 18:52:27,143 INFO Addin data source: API_getPostman to be populated!
2019-07-04 18:52:27,143 INFO Addin data source: API_postPostman to be populated!
2019-07-04 18:52:27,143 INFO Addin data source: SSH_awsIntern to be populated!
2019-07-04 18:52:27,143 INFO starting collector module
2019-07-04 18:52:27,144 INFO Getting data source: {'method': 'API', 'multi_thread': True, 'params': {}, 'request': 'get', 'url': 'https://548a3990-a83e-4862-a950-cc252c905ce2.mock.pstmn.io/get', 'variables': ['CPU_usage']} variables!
2019-07-04 18:52:27,144 INFO Starting thread: {'method': 'API', 'multi_thread': True, 'params': {}, 'request': 'get', 'url': 'https://548a3990-a83e-4862-a950-cc252c905ce2.mock.pstmn.io/get', 'variables': ['CPU_usage']}
2019-07-04 18:52:27,144 INFO Getting data source: {'data': {'method': 'POST', 'value': 13}, 'method': 'API', 'multi_thread': True, 'params': {}, 'request': 'post', 'url': 'https://75c9507b-8f2e-4211-a518-2c2ab988c27d.mock.pstmn.io/post', 'variables': ['disk_space']} variables!
2019-07-04 18:52:27,144 INFO Starting thread: {'data': {'method': 'POST', 'value': 13}, 'method': 'API', 'multi_thread': True, 'params': {}, 'request': 'post', 'url': 'https://75c9507b-8f2e-4211-a518-2c2ab988c27d.mock.pstmn.io/post', 'variables': ['disk_space']}
2019-07-04 18:52:27,147 INFO Getting data source: {'host_name': '10.137.89.13', 'key_filename': 'C:\\Users\\axsingh\\Documents\\Rules-engine.pem', 'method': 'SSH', 'multi_thread': True, 'password': None, 'user_name': 'ubuntu', 'variables': ['free_mem', 'total_mem']} variables!
2019-07-04 18:52:27,148 INFO Starting thread: {'host_name': '10.137.89.13', 'key_filename': 'C:\\Users\\axsingh\\Documents\\Rules-engine.pem', 'method': 'SSH', 'multi_thread': True, 'password': None, 'user_name': 'ubuntu', 'variables': ['free_mem', 'total_mem']}
2019-07-04 18:52:27,695 INFO Connected (version 2.0, client OpenSSH_7.2p2)
2019-07-04 18:52:28,227 INFO Source: {'data': {'method': 'POST', 'value': 13}, 'method': 'API', 'multi_thread': True, 'params': {}, 'request': 'post', 'url': 'https://75c9507b-8f2e-4211-a518-2c2ab988c27d.mock.pstmn.io/post', 'variables': ['disk_space']} fetched variables: {'disk_space': 33}
2019-07-04 18:52:28,227 INFO Variable: disk_space has been created!Value: 33!Source: {'data': {'method': 'POST', 'value': 13}, 'method': 'API', 'multi_thread': True, 'params': {}, 'request': 'post', 'url': 'https://75c9507b-8f2e-4211-a518-2c2ab988c27d.mock.pstmn.io/post', 'variables': ['disk_space']}
2019-07-04 18:52:28,243 INFO Source: {'method': 'API', 'multi_thread': True, 'params': {}, 'request': 'get', 'url': 'https://548a3990-a83e-4862-a950-cc252c905ce2.mock.pstmn.io/get', 'variables': ['CPU_usage']} fetched variables: {'CPU_usage': 78}
2019-07-04 18:52:28,243 INFO Variable: CPU_usage has been created!Value: 78!Source: {'method': 'API', 'multi_thread': True, 'params': {}, 'request': 'get', 'url': 'https://548a3990-a83e-4862-a950-cc252c905ce2.mock.pstmn.io/get', 'variables': ['CPU_usage']}
2019-07-04 18:52:29,106 INFO Authentication (publickey) successful!
2019-07-04 18:52:30,812 INFO Source: {'host_name': '10.137.89.13', 'key_filename': 'C:\\Users\\axsingh\\Documents\\Rules-engine.pem', 'method': 'SSH', 'multi_thread': True, 'password': None, 'user_name': 'ubuntu', 'variables': ['free_mem', 'total_mem']} fetched variables: {'free_mem': '         1406116 ', 'total_mem': '        4044880 '}
2019-07-04 18:52:30,812 INFO Variable: free_mem has been created!Value:          1406116 !Source: {'host_name': '10.137.89.13', 'key_filename': 'C:\\Users\\axsingh\\Documents\\Rules-engine.pem', 'method': 'SSH', 'multi_thread': True, 'password': None, 'user_name': 'ubuntu', 'variables': ['free_mem', 'total_mem']}
2019-07-04 18:52:30,813 INFO Variable: total_mem has been created!Value:         4044880 !Source: {'host_name': '10.137.89.13', 'key_filename': 'C:\\Users\\axsingh\\Documents\\Rules-engine.pem', 'method': 'SSH', 'multi_thread': True, 'password': None, 'user_name': 'ubuntu', 'variables': ['free_mem', 'total_mem']}
2019-07-04 18:52:30,813 INFO variables input taken from collector!
2019-07-04 18:52:30,813 INFO Product Vriable: CPU_usage has been created!
2019-07-04 18:52:30,813 INFO Product Vriable: free_mem has been created!
2019-07-04 18:52:30,813 INFO Product Vriable: total_mem has been created!
2019-07-04 18:52:30,814 INFO Product Vriable: memory has been created!
2019-07-04 18:52:30,814 INFO Product Vriable: disk_space has been created!
2019-07-04 18:52:30,814 INFO Adding action : condition_pass to list!
2019-07-04 18:52:30,814 INFO Adding action : condition_fail to list!
2019-07-04 18:52:30,814 INFO Adding action : Threshold_true to list!
2019-07-04 18:52:30,814 INFO Adding action : Threshold_false to list!
2019-07-04 18:52:30,814 INFO Adding action : Threshold_true to list!
2019-07-04 18:52:30,814 INFO Action : Threshold_true already in list!
2019-07-04 18:52:30,814 INFO Adding action : Threshold_false to list!
2019-07-04 18:52:30,816 INFO Action : Threshold_false already in list!
2019-07-04 18:52:30,816 INFO Adding action : Threshold_true to list!
2019-07-04 18:52:30,816 INFO Action : Threshold_true already in list!
2019-07-04 18:52:30,816 INFO Adding action : Threshold_false to list!
2019-07-04 18:52:30,816 INFO Action : Threshold_false already in list!
2019-07-04 18:52:30,816 INFO Creater Product action : condition_pass successfully!
2019-07-04 18:52:30,816 INFO Creater Product action : condition_fail successfully!
2019-07-04 18:52:30,816 INFO Creater Product action : Threshold_true successfully!
2019-07-04 18:52:30,816 INFO Creater Product action : Threshold_false successfully!
2019-07-04 18:52:30,816 INFO Starting action: Threshold_false
2019-07-04 18:52:30,816 INFO Rule: CPU_usage returned false
2019-07-04 18:52:30,816 INFO Starting action: Threshold_false
2019-07-04 18:52:30,817 INFO Rule: memory returned false
2019-07-04 18:52:30,817 INFO Starting action: Threshold_true
2019-07-04 18:52:30,818 INFO Rule: disk_space returned true
2019-07-04 18:52:30,818 INFO List: ['CPU_usage', 'memory', 'disk_space'] has returned False
2019-07-04 18:52:30,818 INFO Starting action: condition_fail
