Module:API Function:_run_API Line:44 INFO Starting _run_API
Module:API Function:_run_API Line:244 INFO Use_case fetched from database
Module:API Function:_run_API Line:296 INFO source_variable_list made :[]
Module:API Function:_run_API Line:326 INFO Adding rule: CPU_usage variables
Module:API Function:_run_API Line:328 INFO Adding variable: CPU_usage 
Module:API Function:_run_API Line:326 INFO Adding rule: memory variables
Module:API Function:_run_API Line:328 INFO Adding variable: free_mem 
Module:API Function:_run_API Line:328 INFO Adding variable: total_mem 
Module:API Function:_run_API Line:328 INFO Adding variable: memory 
Module:API Function:_run_API Line:326 INFO Adding rule: disk_space variables
Module:API Function:_run_API Line:328 INFO Adding variable: disk_space 
Module:API Function:_run_API Line:364 INFO Addin data source: API_getPostman to be populated!
Module:API Function:_run_API Line:364 INFO Addin data source: SSH_awsIntern to be populated!
Module:API Function:_run_API Line:364 INFO Addin data source: API_postPostman to be populated!
Module:collector Function:__init__ Line:73 INFO starting collector module
Module:collector Function:__init__ Line:80 INFO Getting data source: {'name': 'API_getPostman', 'method': 'API', 'request': 'get', 'url': 'https://548a3990-a83e-4862-a950-cc252c905ce2.mock.pstmn.io/get', 'params': {}, 'variables': ['CPU_usage'], 'multi_thread': True} variables!
Module:collector Function:__init__ Line:89 INFO Starting thread: {'name': 'API_getPostman', 'method': 'API', 'request': 'get', 'url': 'https://548a3990-a83e-4862-a950-cc252c905ce2.mock.pstmn.io/get', 'params': {}, 'variables': ['CPU_usage'], 'multi_thread': True}
Module:collector Function:__init__ Line:80 INFO Getting data source: {'name': 'SSH_awsIntern', 'method': 'SSH', 'host_name': '10.137.89.13', 'user_name': 'ubuntu', 'password': None, 'key_filename': 'C:\\Users\\axsingh\\Documents\\Rules-engine.pem', 'variables': ['total_mem'], 'multi_thread': True} variables!
Module:collector Function:__init__ Line:89 INFO Starting thread: {'name': 'SSH_awsIntern', 'method': 'SSH', 'host_name': '10.137.89.13', 'user_name': 'ubuntu', 'password': None, 'key_filename': 'C:\\Users\\axsingh\\Documents\\Rules-engine.pem', 'variables': ['total_mem'], 'multi_thread': True}
Module:collector Function:__init__ Line:80 INFO Getting data source: {'name': 'API_postPostman', 'method': 'API', 'request': 'post', 'url': 'https://75c9507b-8f2e-4211-a518-2c2ab988c27d.mock.pstmn.io/post', 'params': {}, 'data': {'method': 'POST', 'value': 13}, 'variables': ['disk_space'], 'multi_thread': True} variables!
Module:collector Function:__init__ Line:89 INFO Starting thread: {'name': 'API_postPostman', 'method': 'API', 'request': 'post', 'url': 'https://75c9507b-8f2e-4211-a518-2c2ab988c27d.mock.pstmn.io/post', 'params': {}, 'data': {'method': 'POST', 'value': 13}, 'variables': ['disk_space'], 'multi_thread': True}
Module:transport Function:_log Line:1760 INFO Connected (version 2.0, client OpenSSH_7.2p2)
Module:collector Function:_get_source Line:56 INFO Source: {'name': 'API_getPostman', 'method': 'API', 'request': 'get', 'url': 'https://548a3990-a83e-4862-a950-cc252c905ce2.mock.pstmn.io/get', 'params': {}, 'variables': ['CPU_usage'], 'multi_thread': True} fetched variables: {'CPU_usage': 78}
Module:collector Function:_init_source_variables Line:28 INFO Variable: CPU_usage has been created!Value: 78!Source: {'name': 'API_getPostman', 'method': 'API', 'request': 'get', 'url': 'https://548a3990-a83e-4862-a950-cc252c905ce2.mock.pstmn.io/get', 'params': {}, 'variables': ['CPU_usage'], 'multi_thread': True}
Module:collector Function:_get_source Line:56 INFO Source: {'name': 'API_postPostman', 'method': 'API', 'request': 'post', 'url': 'https://75c9507b-8f2e-4211-a518-2c2ab988c27d.mock.pstmn.io/post', 'params': {}, 'data': {'method': 'POST', 'value': 13}, 'variables': ['disk_space'], 'multi_thread': True} fetched variables: {'disk_space': 33}
Module:collector Function:_init_source_variables Line:28 INFO Variable: disk_space has been created!Value: 33!Source: {'name': 'API_postPostman', 'method': 'API', 'request': 'post', 'url': 'https://75c9507b-8f2e-4211-a518-2c2ab988c27d.mock.pstmn.io/post', 'params': {}, 'data': {'method': 'POST', 'value': 13}, 'variables': ['disk_space'], 'multi_thread': True}
Module:transport Function:_log Line:1760 INFO Authentication (publickey) successful!
Module:collector Function:_get_source Line:56 INFO Source: {'name': 'SSH_awsIntern', 'method': 'SSH', 'host_name': '10.137.89.13', 'user_name': 'ubuntu', 'password': None, 'key_filename': 'C:\\Users\\axsingh\\Documents\\Rules-engine.pem', 'variables': ['total_mem'], 'multi_thread': True} fetched variables: {'total_mem': '        4044880 '}
Module:collector Function:_init_source_variables Line:28 INFO Variable: total_mem has been created!Value:         4044880 !Source: {'name': 'SSH_awsIntern', 'method': 'SSH', 'host_name': '10.137.89.13', 'user_name': 'ubuntu', 'password': None, 'key_filename': 'C:\\Users\\axsingh\\Documents\\Rules-engine.pem', 'variables': ['total_mem'], 'multi_thread': True}
Module:API Function:_run_API Line:369 INFO variables input taken from collector!
Module:API Function:ProductVariables Line:402 INFO Product Vriable: CPU_usage has been created!
Module:API Function:ProductVariables Line:402 INFO Product Vriable: free_mem has been created!
Module:API Function:ProductVariables Line:402 INFO Product Vriable: total_mem has been created!
Module:API Function:ProductVariables Line:402 INFO Product Vriable: memory has been created!
Module:API Function:ProductVariables Line:402 INFO Product Vriable: disk_space has been created!
Module:API Function:_run_API Line:427 INFO Adding action : condition_pass to list!
Module:API Function:_run_API Line:427 INFO Adding action : condition_fail to list!
Module:API Function:_run_API Line:434 INFO Adding action : Threshold_true to list!
Module:API Function:_run_API Line:434 INFO Adding action : Threshold_false to list!
Module:API Function:_run_API Line:434 INFO Adding action : Threshold_true to list!
Module:API Function:_run_API Line:436 INFO Action : Threshold_true already in list!
Module:API Function:_run_API Line:434 INFO Adding action : Threshold_false to list!
Module:API Function:_run_API Line:436 INFO Action : Threshold_false already in list!
Module:API Function:_run_API Line:434 INFO Adding action : Threshold_true to list!
Module:API Function:_run_API Line:436 INFO Action : Threshold_true already in list!
Module:API Function:_run_API Line:434 INFO Adding action : Threshold_false to list!
Module:API Function:_run_API Line:436 INFO Action : Threshold_false already in list!
Module:API Function:ProductActions Line:461 INFO Creater Product action : condition_pass successfully!
Module:API Function:ProductActions Line:461 INFO Creater Product action : condition_fail successfully!
Module:API Function:ProductActions Line:461 INFO Creater Product action : Threshold_true successfully!
Module:API Function:ProductActions Line:461 INFO Creater Product action : Threshold_false successfully!
Module:engine Function:do_actions Line:108 INFO Starting action: Threshold_false
Module:API Function:run_rules_list Line:159 INFO Rule: CPU_usage returned false
Module:API Function:run_rules_list Line:165 ERROR Rule: memory couldn't be run on engine!Error: 'Collector' object has no attribute 'free_mem'
Module:engine Function:do_actions Line:108 INFO Starting action: Threshold_true
Module:API Function:run_rules_list Line:151 INFO Rule: disk_space returned true
Module:API Function:run_rules_list Line:198 INFO List: ['CPU_usage', 'memory', 'disk_space'] has returned False
Module:API Function:_run_API Line:502 INFO Case has retuned false!
Module:engine Function:do_actions Line:108 INFO Starting action: condition_fail
