2019-07-08 14:44:17,600 INFO Starting _run_API
2019-07-08 14:44:17,610 INFO Use_case fetched from database
2019-07-08 14:44:17,610 INFO source_variable_list made :['free_mem', 'total_mem', 'CPU_usage', 'disk_space']
2019-07-08 14:44:17,611 INFO Adding rule: CPU_usage variables
2019-07-08 14:44:17,611 INFO Adding variable: CPU_usage 
2019-07-08 14:44:17,612 INFO Adding rule: memory variables
2019-07-08 14:44:17,613 INFO Adding variable: free_mem 
2019-07-08 14:44:17,616 INFO Adding variable: total_mem 
2019-07-08 14:44:17,620 INFO Adding variable: memory 
2019-07-08 14:44:17,624 INFO Adding rule: disk_space variables
2019-07-08 14:44:17,625 INFO Adding variable: disk_space 
2019-07-08 14:44:17,626 INFO Adding rule: rule1 variables
2019-07-08 14:44:17,626 INFO Adding variable: actual 
2019-07-08 14:44:17,627 INFO Adding variable: expected 
2019-07-08 14:44:17,629 INFO Adding variable: correct 
2019-07-08 14:44:17,636 INFO Adding rule: rule2 variables
2019-07-08 14:44:17,637 INFO Adding variable: actual 
2019-07-08 14:44:17,637 INFO Variable: actual already in list
2019-07-08 14:44:17,637 INFO Adding variable: expected 
2019-07-08 14:44:17,637 INFO Variable: expected already in list
2019-07-08 14:44:17,637 INFO Adding variable: correct 
2019-07-08 14:44:17,637 INFO Variable: correct already in list
2019-07-08 14:44:17,637 INFO Adding variable: incorrect 
2019-07-08 14:44:17,640 INFO Adding rule: rule3 variables
2019-07-08 14:44:17,640 INFO Adding variable: actual 
2019-07-08 14:44:17,640 INFO Variable: actual already in list
2019-07-08 14:44:17,640 INFO Adding variable: expected 
2019-07-08 14:44:17,640 INFO Variable: expected already in list
2019-07-08 14:44:17,640 INFO Adding variable: correct 
2019-07-08 14:44:17,640 INFO Variable: correct already in list
2019-07-08 14:44:17,640 INFO Addin data source: API_getPostman to be populated!
2019-07-08 14:44:17,640 INFO Addin data source: SSH_awsIntern to be populated!
2019-07-08 14:44:17,640 INFO Addin data source: database_sqlRuleEngine to be populated!
2019-07-08 14:44:17,640 INFO Addin data source: API_postPostman to be populated!
2019-07-08 14:44:17,640 INFO starting collector module
2019-07-08 14:44:17,640 INFO Getting data source: {'method': 'SSH', 'host_name': '10.137.89.13', 'user_name': 'ubuntu', 'password': None, 'key_filename': 'C:\\Users\\axsingh\\Documents\\Rules-engine.pem', 'variables': ['free_mem', 'total_mem'], 'multi_thread': True} variables!
2019-07-08 14:44:17,640 INFO Starting thread: {'method': 'SSH', 'host_name': '10.137.89.13', 'user_name': 'ubuntu', 'password': None, 'key_filename': 'C:\\Users\\axsingh\\Documents\\Rules-engine.pem', 'variables': ['free_mem', 'total_mem'], 'multi_thread': True}
2019-07-08 14:44:17,641 INFO Getting data source: {'method': 'API', 'request': 'get', 'url': 'https://548a3990-a83e-4862-a950-cc252c905ce2.mock.pstmn.io/get', 'params': {}, 'variables': ['CPU_usage'], 'multi_thread': True} variables!
2019-07-08 14:44:17,641 INFO Starting thread: {'method': 'API', 'request': 'get', 'url': 'https://548a3990-a83e-4862-a950-cc252c905ce2.mock.pstmn.io/get', 'params': {}, 'variables': ['CPU_usage'], 'multi_thread': True}
2019-07-08 14:44:17,642 INFO Getting data source: {'method': 'API', 'request': 'post', 'url': 'https://75c9507b-8f2e-4211-a518-2c2ab988c27d.mock.pstmn.io/post', 'params': {}, 'data': {'method': 'POST', 'value': 13}, 'variables': ['disk_space'], 'multi_thread': True} variables!
2019-07-08 14:44:17,642 INFO Starting thread: {'method': 'API', 'request': 'post', 'url': 'https://75c9507b-8f2e-4211-a518-2c2ab988c27d.mock.pstmn.io/post', 'params': {}, 'data': {'method': 'POST', 'value': 13}, 'variables': ['disk_space'], 'multi_thread': True}
2019-07-08 14:44:17,644 INFO Getting data source: {'name': 'API_getPostman', 'method': 'API', 'request': 'get', 'url': 'https://548a3990-a83e-4862-a950-cc252c905ce2.mock.pstmn.io/get', 'params': {}, 'variables': ['actual'], 'multi_thread': True} variables!
2019-07-08 14:44:17,645 INFO Starting thread: {'name': 'API_getPostman', 'method': 'API', 'request': 'get', 'url': 'https://548a3990-a83e-4862-a950-cc252c905ce2.mock.pstmn.io/get', 'params': {}, 'variables': ['actual'], 'multi_thread': True}
2019-07-08 14:44:17,650 INFO Getting data source: {'name': 'SSH_awsIntern', 'method': 'SSH', 'host_name': '10.137.89.13', 'user_name': 'ubuntu', 'password': None, 'key_filename': 'C:\\Users\\axsingh\\Documents\\Rules-engine.pem', 'variables': ['expected'], 'multi_thread': True} variables!
2019-07-08 14:44:17,654 INFO Starting thread: {'name': 'SSH_awsIntern', 'method': 'SSH', 'host_name': '10.137.89.13', 'user_name': 'ubuntu', 'password': None, 'key_filename': 'C:\\Users\\axsingh\\Documents\\Rules-engine.pem', 'variables': ['expected'], 'multi_thread': True}
2019-07-08 14:44:17,656 INFO Getting data source: {'name': 'database_sqlRuleEngine', 'method': 'data_base', 'host_name': 'localhost', 'user_name': 'root', 'password': 'Perfacio1', 'data_base': 'rules_engine', 'variables': ['correct'], 'multi_thread': True} variables!
2019-07-08 14:44:17,657 INFO Starting thread: {'name': 'database_sqlRuleEngine', 'method': 'data_base', 'host_name': 'localhost', 'user_name': 'root', 'password': 'Perfacio1', 'data_base': 'rules_engine', 'variables': ['correct'], 'multi_thread': True}
2019-07-08 14:44:17,658 INFO Getting data source: {'name': 'API_postPostman', 'method': 'API', 'request': 'post', 'url': 'https://75c9507b-8f2e-4211-a518-2c2ab988c27d.mock.pstmn.io/post', 'params': {}, 'data': {'method': 'POST', 'value': 13}, 'variables': ['incorrect'], 'multi_thread': True} variables!
2019-07-08 14:44:17,658 INFO Starting thread: {'name': 'API_postPostman', 'method': 'API', 'request': 'post', 'url': 'https://75c9507b-8f2e-4211-a518-2c2ab988c27d.mock.pstmn.io/post', 'params': {}, 'data': {'method': 'POST', 'value': 13}, 'variables': ['incorrect'], 'multi_thread': True}
2019-07-08 14:44:17,818 INFO Source: {'name': 'database_sqlRuleEngine', 'method': 'data_base', 'host_name': 'localhost', 'user_name': 'root', 'password': 'Perfacio1', 'data_base': 'rules_engine', 'variables': ['correct'], 'multi_thread': True} fetched variables: {'correct': 5}
2019-07-08 14:44:17,818 INFO Variable: correct has been created!Value: 5!Source: {'name': 'database_sqlRuleEngine', 'method': 'data_base', 'host_name': 'localhost', 'user_name': 'root', 'password': 'Perfacio1', 'data_base': 'rules_engine', 'variables': ['correct'], 'multi_thread': True}
2019-07-08 14:44:18,186 INFO Connected (version 2.0, client OpenSSH_7.2p2)
2019-07-08 14:44:18,228 INFO Connected (version 2.0, client OpenSSH_7.2p2)
2019-07-08 14:44:18,771 INFO Source: {'method': 'API', 'request': 'post', 'url': 'https://75c9507b-8f2e-4211-a518-2c2ab988c27d.mock.pstmn.io/post', 'params': {}, 'data': {'method': 'POST', 'value': 13}, 'variables': ['disk_space'], 'multi_thread': True} fetched variables: {'disk_space': 33}
2019-07-08 14:44:18,771 INFO Variable: disk_space has been created!Value: 33!Source: {'method': 'API', 'request': 'post', 'url': 'https://75c9507b-8f2e-4211-a518-2c2ab988c27d.mock.pstmn.io/post', 'params': {}, 'data': {'method': 'POST', 'value': 13}, 'variables': ['disk_space'], 'multi_thread': True}
2019-07-08 14:44:18,785 INFO Source: {'method': 'API', 'request': 'get', 'url': 'https://548a3990-a83e-4862-a950-cc252c905ce2.mock.pstmn.io/get', 'params': {}, 'variables': ['CPU_usage'], 'multi_thread': True} fetched variables: {'CPU_usage': 78}
2019-07-08 14:44:18,786 INFO Variable: CPU_usage has been created!Value: 78!Source: {'method': 'API', 'request': 'get', 'url': 'https://548a3990-a83e-4862-a950-cc252c905ce2.mock.pstmn.io/get', 'params': {}, 'variables': ['CPU_usage'], 'multi_thread': True}
2019-07-08 14:44:18,845 INFO Source: {'name': 'API_getPostman', 'method': 'API', 'request': 'get', 'url': 'https://548a3990-a83e-4862-a950-cc252c905ce2.mock.pstmn.io/get', 'params': {}, 'variables': ['actual'], 'multi_thread': True} fetched variables: {'actual': 78}
2019-07-08 14:44:18,846 INFO Variable: actual has been created!Value: 78!Source: {'name': 'API_getPostman', 'method': 'API', 'request': 'get', 'url': 'https://548a3990-a83e-4862-a950-cc252c905ce2.mock.pstmn.io/get', 'params': {}, 'variables': ['actual'], 'multi_thread': True}
2019-07-08 14:44:19,028 INFO Source: {'name': 'API_postPostman', 'method': 'API', 'request': 'post', 'url': 'https://75c9507b-8f2e-4211-a518-2c2ab988c27d.mock.pstmn.io/post', 'params': {}, 'data': {'method': 'POST', 'value': 13}, 'variables': ['incorrect'], 'multi_thread': True} fetched variables: {'incorrect': 33}
2019-07-08 14:44:19,028 INFO Variable: incorrect has been created!Value: 33!Source: {'name': 'API_postPostman', 'method': 'API', 'request': 'post', 'url': 'https://75c9507b-8f2e-4211-a518-2c2ab988c27d.mock.pstmn.io/post', 'params': {}, 'data': {'method': 'POST', 'value': 13}, 'variables': ['incorrect'], 'multi_thread': True}
2019-07-08 14:44:19,601 INFO Authentication (publickey) successful!
2019-07-08 14:44:19,637 INFO Authentication (publickey) successful!
2019-07-08 14:44:20,489 INFO Source: {'name': 'SSH_awsIntern', 'method': 'SSH', 'host_name': '10.137.89.13', 'user_name': 'ubuntu', 'password': None, 'key_filename': 'C:\\Users\\axsingh\\Documents\\Rules-engine.pem', 'variables': ['expected'], 'multi_thread': True} fetched variables: {'expected': '104\n'}
2019-07-08 14:44:20,489 INFO Variable: expected has been created!Value: 104
!Source: {'name': 'SSH_awsIntern', 'method': 'SSH', 'host_name': '10.137.89.13', 'user_name': 'ubuntu', 'password': None, 'key_filename': 'C:\\Users\\axsingh\\Documents\\Rules-engine.pem', 'variables': ['expected'], 'multi_thread': True}
2019-07-08 14:44:21,314 INFO Source: {'method': 'SSH', 'host_name': '10.137.89.13', 'user_name': 'ubuntu', 'password': None, 'key_filename': 'C:\\Users\\axsingh\\Documents\\Rules-engine.pem', 'variables': ['free_mem', 'total_mem'], 'multi_thread': True} fetched variables: {'free_mem': '         1400912 ', 'total_mem': '        4044880 '}
2019-07-08 14:44:21,315 INFO Variable: free_mem has been created!Value:          1400912 !Source: {'method': 'SSH', 'host_name': '10.137.89.13', 'user_name': 'ubuntu', 'password': None, 'key_filename': 'C:\\Users\\axsingh\\Documents\\Rules-engine.pem', 'variables': ['free_mem', 'total_mem'], 'multi_thread': True}
2019-07-08 14:44:21,315 INFO Variable: total_mem has been created!Value:         4044880 !Source: {'method': 'SSH', 'host_name': '10.137.89.13', 'user_name': 'ubuntu', 'password': None, 'key_filename': 'C:\\Users\\axsingh\\Documents\\Rules-engine.pem', 'variables': ['free_mem', 'total_mem'], 'multi_thread': True}
2019-07-08 14:44:21,315 INFO variables input taken from collector!
2019-07-08 14:44:21,316 INFO Product Vriable: CPU_usage has been created!
2019-07-08 14:44:21,316 INFO Product Vriable: free_mem has been created!
2019-07-08 14:44:21,316 INFO Product Vriable: total_mem has been created!
2019-07-08 14:44:21,316 INFO Product Vriable: memory has been created!
2019-07-08 14:44:21,316 INFO Product Vriable: disk_space has been created!
2019-07-08 14:44:21,316 INFO Product Vriable: actual has been created!
2019-07-08 14:44:21,317 INFO Product Vriable: expected has been created!
2019-07-08 14:44:21,317 INFO Product Vriable: correct has been created!
2019-07-08 14:44:21,317 INFO Product Vriable: incorrect has been created!
2019-07-08 14:44:21,317 INFO Variable: memory has been created!Value: 65.3657957714444!Source: Derived
2019-07-08 14:44:21,317 INFO Adding action : condition_pass to list!
2019-07-08 14:44:21,318 INFO Adding action : condition_fail to list!
2019-07-08 14:44:21,319 INFO Adding action : Threshold_true to list!
2019-07-08 14:44:21,320 INFO Adding action : Threshold_false to list!
2019-07-08 14:44:21,320 INFO Adding action : Threshold_true to list!
2019-07-08 14:44:21,320 INFO Action : Threshold_true already in list!
2019-07-08 14:44:21,320 INFO Adding action : Threshold_false to list!
2019-07-08 14:44:21,320 INFO Action : Threshold_false already in list!
2019-07-08 14:44:21,320 INFO Adding action : Threshold_true to list!
2019-07-08 14:44:21,321 INFO Action : Threshold_true already in list!
2019-07-08 14:44:21,321 INFO Adding action : Threshold_false to list!
2019-07-08 14:44:21,321 INFO Action : Threshold_false already in list!
2019-07-08 14:44:21,321 INFO Adding action : condition_pass to list!
2019-07-08 14:44:21,321 INFO Action : condition_pass already in list!
2019-07-08 14:44:21,321 INFO Adding action : condition_fail to list!
2019-07-08 14:44:21,321 INFO Action : condition_fail already in list!
2019-07-08 14:44:21,321 INFO Adding action : condition_pass to list!
2019-07-08 14:44:21,321 INFO Action : condition_pass already in list!
2019-07-08 14:44:21,321 INFO Adding action : condition_fail to list!
2019-07-08 14:44:21,321 INFO Action : condition_fail already in list!
2019-07-08 14:44:21,321 INFO Adding action : condition_pass to list!
2019-07-08 14:44:21,321 INFO Action : condition_pass already in list!
2019-07-08 14:44:21,321 INFO Adding action : condition_fail to list!
2019-07-08 14:44:21,321 INFO Action : condition_fail already in list!
2019-07-08 14:44:21,321 INFO Creater Product action : condition_pass successfully!
2019-07-08 14:44:21,322 INFO Creater Product action : condition_fail successfully!
2019-07-08 14:44:21,322 INFO Creater Product action : Threshold_true successfully!
2019-07-08 14:44:21,322 INFO Creater Product action : Threshold_false successfully!
2019-07-08 14:44:21,322 INFO Starting action: Threshold_false
2019-07-08 14:44:21,323 INFO Rule: CPU_usage returned false
2019-07-08 14:44:21,323 INFO Starting action: Threshold_false
2019-07-08 14:44:21,324 INFO Rule: memory returned false
2019-07-08 14:44:21,324 INFO Starting action: Threshold_true
2019-07-08 14:44:21,325 INFO Rule: disk_space returned true
2019-07-08 14:44:21,325 INFO List: ['CPU_usage', 'memory', 'disk_space'] has returned False
2019-07-08 14:44:21,325 INFO All conditions were NOT satisfied: ['CPU_usage', 'memory', 'disk_space']!Running all else rules: ['rule2']
2019-07-08 14:44:21,328 INFO Starting action: condition_fail
2019-07-08 14:44:21,328 INFO Rule: rule2 returned false
2019-07-08 14:44:21,328 INFO List: ['rule2'] has returned False
2019-07-08 14:44:21,328 INFO Rule conditional: {'all': ['CPU_usage', 'memory', 'disk_space'], 'then': None, 'else': ['rule2']} returned false!
2019-07-08 14:44:21,328 INFO Starting action: Threshold_false
2019-07-08 14:44:21,329 INFO Rule: CPU_usage returned false
2019-07-08 14:44:21,329 INFO Starting action: Threshold_false
2019-07-08 14:44:21,330 INFO Rule: memory returned false
2019-07-08 14:44:21,330 INFO Starting action: Threshold_true
2019-07-08 14:44:21,330 INFO Rule: disk_space returned true
2019-07-08 14:44:21,330 INFO List: ['CPU_usage', 'memory', 'disk_space'] has returned False
2019-07-08 14:44:21,330 INFO Any condition was satisfied: {'2': ['CPU_usage', 'memory', 'disk_space']}!Running all else rules: ['rule1']
2019-07-08 14:44:21,331 INFO Starting action: condition_pass
2019-07-08 14:44:21,331 INFO Rule: rule1 returned true
2019-07-08 14:44:21,331 INFO List: ['rule1'] has returned True
2019-07-08 14:44:21,331 INFO Rule conditional: {'any': {'2': ['CPU_usage', 'memory', 'disk_space']}, 'then': ['rule3'], 'else': ['rule1']} returned true!
2019-07-08 14:44:21,331 INFO List: [{'all': ['CPU_usage', 'memory', 'disk_space'], 'then': None, 'else': ['rule2']}, {'any': {'2': ['CPU_usage', 'memory', 'disk_space']}, 'then': ['rule3'], 'else': ['rule1']}] has returned False
2019-07-08 14:44:21,331 INFO Starting action: condition_fail
