Module:API Function:_run_API Line:44 INFO Starting _run_API
Module:API Function:_run_API Line:246 INFO Use_case fetched from database
Module:API Function:_run_API Line:298 INFO source_variable_list made :[]
Module:API Function:_run_API Line:331 INFO Adding rule: CPU_usage variables
Module:API Function:_run_API Line:333 INFO Adding variable: CPU_usage 
Module:API Function:_run_API Line:347 INFO Adding Variable: CPU_usage to DataSource: API_getPostman
Module:API Function:_run_API Line:331 INFO Adding rule: memory variables
Module:API Function:_run_API Line:333 INFO Adding variable: free_mem 
Module:API Function:_run_API Line:347 INFO Adding Variable: free_mem to DataSource: SSH_awsIntern
Module:API Function:_run_API Line:333 INFO Adding variable: total_mem 
Module:API Function:_run_API Line:347 INFO Adding Variable: total_mem to DataSource: SSH_awsIntern
Module:API Function:_run_API Line:333 INFO Adding variable: memory 
Module:API Function:_run_API Line:331 INFO Adding rule: disk_space variables
Module:API Function:_run_API Line:333 INFO Adding variable: disk_space 
Module:API Function:_run_API Line:347 INFO Adding Variable: disk_space to DataSource: API_postPostman
Module:API Function:_run_API Line:331 INFO Adding rule: rule1 variables
Module:API Function:_run_API Line:333 INFO Adding variable: actual 
Module:API Function:_run_API Line:347 INFO Adding Variable: actual to DataSource: API_getPostman
Module:API Function:_run_API Line:333 INFO Adding variable: expected 
Module:API Function:_run_API Line:347 INFO Adding Variable: expected to DataSource: SSH_awsIntern
Module:API Function:_run_API Line:333 INFO Adding variable: correct 
Module:API Function:_run_API Line:347 INFO Adding Variable: correct to DataSource: database_sqlRuleEngine
Module:API Function:_run_API Line:331 INFO Adding rule: rule2 variables
Module:API Function:_run_API Line:333 INFO Adding variable: actual 
Module:API Function:_run_API Line:335 INFO Variable: actual already in list
Module:API Function:_run_API Line:333 INFO Adding variable: expected 
Module:API Function:_run_API Line:335 INFO Variable: expected already in list
Module:API Function:_run_API Line:333 INFO Adding variable: correct 
Module:API Function:_run_API Line:335 INFO Variable: correct already in list
Module:API Function:_run_API Line:333 INFO Adding variable: incorrect 
Module:API Function:_run_API Line:347 INFO Adding Variable: incorrect to DataSource: API_postPostman
Module:API Function:_run_API Line:331 INFO Adding rule: rule3 variables
Module:API Function:_run_API Line:333 INFO Adding variable: actual 
Module:API Function:_run_API Line:335 INFO Variable: actual already in list
Module:API Function:_run_API Line:333 INFO Adding variable: expected 
Module:API Function:_run_API Line:335 INFO Variable: expected already in list
Module:API Function:_run_API Line:333 INFO Adding variable: correct 
Module:API Function:_run_API Line:335 INFO Variable: correct already in list
Module:API Function:_run_API Line:373 INFO Addin data source: API_getPostman to be populated!
Module:API Function:_run_API Line:373 INFO Addin data source: SSH_awsIntern to be populated!
Module:API Function:_run_API Line:373 INFO Addin data source: API_postPostman to be populated!
Module:API Function:_run_API Line:373 INFO Addin data source: database_sqlRuleEngine to be populated!
Module:collector Function:__init__ Line:95 INFO starting collector module
Module:collector Function:__init__ Line:102 INFO Getting data source: API_getPostman variables!
Module:collector Function:__init__ Line:111 INFO Starting thread: API_getPostman
Module:collector Function:__init__ Line:102 INFO Getting data source: SSH_awsIntern variables!
Module:collector Function:__init__ Line:111 INFO Starting thread: SSH_awsIntern
Module:collector Function:__init__ Line:102 INFO Getting data source: API_postPostman variables!
Module:collector Function:__init__ Line:111 INFO Starting thread: API_postPostman
Module:collector Function:_get_source Line:63 ERROR source method: s not found!
Module:collector Function:__init__ Line:102 INFO Getting data source: database_sqlRuleEngine variables!
Module:collector Function:__init__ Line:111 INFO Starting thread: database_sqlRuleEngine
Module:collector Function:_get_source Line:51 INFO Variables : ['free_mem', 'total_mem', 'expected'] of Source : SSH_awsIntern taken from cache!
Module:collector Function:_get_source Line:71 WARNING Unable to connect to source host: API_getPostman! Source Variables will be taken from cache: ['CPU_usage', 'actual']! Error: source method: s not found!
Module:collector Function:_init_source_variables Line:29 INFO Variable: free_mem has been created!Value:          1397296 !Source: SSH_awsIntern
Module:collector Function:_init_source_variables Line:32 ERROR Unable to initiate variable: CPU_usage! Rules with variable will not run!Error: int() argument must be a string, a bytes-like object or a number, not 'RuntimeError'
Module:collector Function:_init_source_variables Line:29 INFO Variable: total_mem has been created!Value:         4044880 !Source: SSH_awsIntern
Module:collector Function:_init_source_variables Line:29 INFO Variable: actual has been created!Value: 78!Source: API_getPostman
Module:collector Function:_init_source_variables Line:29 INFO Variable: expected has been created!Value: 104
!Source: SSH_awsIntern
Module:collector Function:_get_source Line:51 INFO Variables : ['disk_space', 'incorrect'] of Source : API_postPostman taken from cache!
Module:collector Function:_init_source_variables Line:29 INFO Variable: disk_space has been created!Value: 33!Source: API_postPostman
Module:collector Function:_init_source_variables Line:29 INFO Variable: incorrect has been created!Value: 33!Source: API_postPostman
Module:collector Function:_get_source Line:51 INFO Variables : ['correct'] of Source : database_sqlRuleEngine taken from cache!
Module:collector Function:_init_source_variables Line:29 INFO Variable: correct has been created!Value: 5!Source: database_sqlRuleEngine
Module:API Function:_run_API Line:378 INFO variables input taken from collector!
Module:API Function:_run_API Line:388 ERROR Rule: CPU_usage will not run because variable: CPU_usage couldn't be fetched!
Module:API Function:_run_API Line:388 ERROR Rule: CPU_usage will not run because variable: CPU_usage couldn't be fetched!
Module:API Function:ProductVariables Line:411 INFO Product Variable: CPU_usage has been created!
Module:API Function:ProductVariables Line:411 INFO Product Variable: free_mem has been created!
Module:API Function:ProductVariables Line:411 INFO Product Variable: total_mem has been created!
Module:API Function:ProductVariables Line:411 INFO Product Variable: memory has been created!
Module:API Function:ProductVariables Line:411 INFO Product Variable: disk_space has been created!
Module:API Function:ProductVariables Line:411 INFO Product Variable: actual has been created!
Module:API Function:ProductVariables Line:411 INFO Product Variable: expected has been created!
Module:API Function:ProductVariables Line:411 INFO Product Variable: correct has been created!
Module:API Function:ProductVariables Line:411 INFO Product Variable: incorrect has been created!
Module:<string> Function:<module> Line:1 INFO Variable: memory has been created!Value: 65.45519273748542!Source: Derived
Module:API Function:_run_API Line:436 INFO Adding action : condition_pass to list!
Module:API Function:_run_API Line:436 INFO Adding action : condition_fail to list!
Module:API Function:_run_API Line:443 INFO Adding action : Threshold_true to list!
Module:API Function:_run_API Line:443 INFO Adding action : Threshold_false to list!
Module:API Function:_run_API Line:443 INFO Adding action : Threshold_true to list!
Module:API Function:_run_API Line:445 INFO Action : Threshold_true already in list!
Module:API Function:_run_API Line:443 INFO Adding action : Threshold_false to list!
Module:API Function:_run_API Line:445 INFO Action : Threshold_false already in list!
Module:API Function:_run_API Line:443 INFO Adding action : Threshold_true to list!
Module:API Function:_run_API Line:445 INFO Action : Threshold_true already in list!
Module:API Function:_run_API Line:443 INFO Adding action : Threshold_false to list!
Module:API Function:_run_API Line:445 INFO Action : Threshold_false already in list!
Module:API Function:_run_API Line:443 INFO Adding action : condition_pass to list!
Module:API Function:_run_API Line:445 INFO Action : condition_pass already in list!
Module:API Function:_run_API Line:443 INFO Adding action : condition_fail to list!
Module:API Function:_run_API Line:445 INFO Action : condition_fail already in list!
Module:API Function:_run_API Line:443 INFO Adding action : condition_pass to list!
Module:API Function:_run_API Line:445 INFO Action : condition_pass already in list!
Module:API Function:_run_API Line:443 INFO Adding action : condition_fail to list!
Module:API Function:_run_API Line:445 INFO Action : condition_fail already in list!
Module:API Function:_run_API Line:443 INFO Adding action : condition_pass to list!
Module:API Function:_run_API Line:445 INFO Action : condition_pass already in list!
Module:API Function:_run_API Line:443 INFO Adding action : condition_fail to list!
Module:API Function:_run_API Line:445 INFO Action : condition_fail already in list!
Module:API Function:ProductActions Line:470 INFO Creater Product action : condition_pass successfully!
Module:API Function:ProductActions Line:470 INFO Creater Product action : condition_fail successfully!
Module:API Function:ProductActions Line:470 INFO Creater Product action : Threshold_true successfully!
Module:API Function:ProductActions Line:470 INFO Creater Product action : Threshold_false successfully!
Module:engine Function:do_actions Line:108 INFO Starting action: Threshold_false
Module:API Function:run_rules_list Line:159 INFO Rule: memory returned false
Module:engine Function:do_actions Line:108 INFO Starting action: Threshold_true
Module:API Function:run_rules_list Line:151 INFO Rule: disk_space returned true
Module:API Function:run_rules_list Line:198 INFO List: ['CPU_usage', 'memory', 'disk_space'] has returned False
Module:API Function:run_rules_dict Line:218 INFO All conditions were NOT satisfied: ['CPU_usage', 'memory', 'disk_space']!Running all else rules: ['rule2']
Module:engine Function:do_actions Line:108 INFO Starting action: condition_fail
Module:API Function:run_rules_list Line:159 INFO Rule: rule2 returned false
Module:API Function:run_rules_list Line:198 INFO List: ['rule2'] has returned False
Module:API Function:run_rules_list Line:177 INFO Rule conditional: {'all': ['CPU_usage', 'memory', 'disk_space'], 'then': None, 'else': ['rule2']} returned false!
Module:engine Function:do_actions Line:108 INFO Starting action: Threshold_false
Module:API Function:run_rules_list Line:159 INFO Rule: memory returned false
Module:engine Function:do_actions Line:108 INFO Starting action: Threshold_true
Module:API Function:run_rules_list Line:151 INFO Rule: disk_space returned true
Module:API Function:run_rules_list Line:198 INFO List: ['CPU_usage', 'memory', 'disk_space'] has returned False
Module:API Function:run_rules_dict Line:227 INFO Any condition was satisfied: {'2': ['CPU_usage', 'memory', 'disk_space']}!Running all else rules: ['rule1']
Module:engine Function:do_actions Line:108 INFO Starting action: condition_pass
Module:API Function:run_rules_list Line:151 INFO Rule: rule1 returned true
Module:API Function:run_rules_list Line:198 INFO List: ['rule1'] has returned True
Module:API Function:run_rules_list Line:172 INFO Rule conditional: {'any': {'2': ['CPU_usage', 'memory', 'disk_space']}, 'then': ['rule3'], 'else': ['rule1']} returned true!
Module:API Function:run_rules_list Line:198 INFO List: [{'all': ['CPU_usage', 'memory', 'disk_space'], 'then': None, 'else': ['rule2']}, {'any': {'2': ['CPU_usage', 'memory', 'disk_space']}, 'then': ['rule3'], 'else': ['rule1']}] has returned False
Module:API Function:_run_API Line:511 INFO Case has retuned false!
Module:engine Function:do_actions Line:108 INFO Starting action: condition_fail
