2019-07-05 18:56:15,756 INFO Starting _run_API
2019-07-05 18:56:15,756 INFO Importing use_cases.yml
2019-07-05 18:56:15,793 INFO Importing rules.yml
2019-07-05 18:56:15,838 INFO Importing variables.yml
2019-07-05 18:56:15,871 INFO Importing actions.yml
2019-07-05 18:56:15,880 INFO Importing DataSource.yml
2019-07-05 18:56:15,889 INFO Use_case created
2019-07-05 18:56:15,890 INFO source_variable_list made :['free_mem', 'total_mem', 'CPU_usage', 'disk_space']
2019-07-05 18:56:15,890 INFO Adding rule: CPU_usage variables
2019-07-05 18:56:15,890 INFO Adding variable: CPU_usage 
2019-07-05 18:56:15,892 INFO Adding rule: memory variables
2019-07-05 18:56:15,892 INFO Adding variable: free_mem 
2019-07-05 18:56:15,892 INFO Adding variable: total_mem 
2019-07-05 18:56:15,892 INFO Adding variable: memory 
2019-07-05 18:56:15,893 INFO Adding rule: disk_space variables
2019-07-05 18:56:15,893 INFO Adding variable: disk_space 
2019-07-05 18:56:15,893 INFO Adding rule: rule1 variables
2019-07-05 18:56:15,893 INFO Adding variable: actual 
2019-07-05 18:56:15,893 INFO Adding variable: expected 
2019-07-05 18:56:15,893 INFO Adding variable: correct 
2019-07-05 18:56:15,893 INFO Adding rule: rule2 variables
2019-07-05 18:56:15,893 INFO Adding variable: actual 
2019-07-05 18:56:15,893 INFO Variable: actual already in list
2019-07-05 18:56:15,893 INFO Adding variable: expected 
2019-07-05 18:56:15,893 INFO Variable: expected already in list
2019-07-05 18:56:15,893 INFO Adding variable: correct 
2019-07-05 18:56:15,894 INFO Variable: correct already in list
2019-07-05 18:56:15,894 INFO Adding variable: incorrect 
2019-07-05 18:56:15,894 INFO Adding rule: rule3 variables
2019-07-05 18:56:15,894 INFO Adding variable: actual 
2019-07-05 18:56:15,894 INFO Variable: actual already in list
2019-07-05 18:56:15,894 INFO Adding variable: expected 
2019-07-05 18:56:15,894 INFO Variable: expected already in list
2019-07-05 18:56:15,894 INFO Adding variable: correct 
2019-07-05 18:56:15,894 INFO Variable: correct already in list
2019-07-05 18:56:15,895 INFO Addin data source: API_getPostman to be populated!
2019-07-05 18:56:15,895 INFO Addin data source: API_postPostman to be populated!
2019-07-05 18:56:15,895 INFO Addin data source: SSH_awsIntern to be populated!
2019-07-05 18:56:15,895 INFO Addin data source: database_sqlRuleEngine to be populated!
2019-07-05 18:56:15,895 INFO starting collector module
2019-07-05 18:56:15,896 INFO Getting data source: {'method': 'SSH', 'host_name': '10.137.89.13', 'user_name': 'ubuntu', 'password': None, 'key_filename': 'C:\\Users\\axsingh\\Documents\\Rules-engine.pem', 'variables': ['free_mem', 'total_mem'], 'multi_thread': True} variables!
2019-07-05 18:56:15,896 INFO Starting thread: {'method': 'SSH', 'host_name': '10.137.89.13', 'user_name': 'ubuntu', 'password': None, 'key_filename': 'C:\\Users\\axsingh\\Documents\\Rules-engine.pem', 'variables': ['free_mem', 'total_mem'], 'multi_thread': True}
2019-07-05 18:56:15,897 INFO Getting data source: {'method': 'API', 'request': 'get', 'url': 'https://548a3990-a83e-4862-a950-cc252c905ce2.mock.pstmn.io/get', 'params': {}, 'variables': ['CPU_usage'], 'multi_thread': True} variables!
2019-07-05 18:56:15,898 INFO Starting thread: {'method': 'API', 'request': 'get', 'url': 'https://548a3990-a83e-4862-a950-cc252c905ce2.mock.pstmn.io/get', 'params': {}, 'variables': ['CPU_usage'], 'multi_thread': True}
2019-07-05 18:56:15,899 INFO Getting data source: {'method': 'API', 'request': 'post', 'url': 'https://75c9507b-8f2e-4211-a518-2c2ab988c27d.mock.pstmn.io/post', 'params': {}, 'data': {'method': 'POST', 'value': 13}, 'variables': ['disk_space'], 'multi_thread': True} variables!
2019-07-05 18:56:15,899 INFO Starting thread: {'method': 'API', 'request': 'post', 'url': 'https://75c9507b-8f2e-4211-a518-2c2ab988c27d.mock.pstmn.io/post', 'params': {}, 'data': {'method': 'POST', 'value': 13}, 'variables': ['disk_space'], 'multi_thread': True}
2019-07-05 18:56:15,900 INFO Getting data source: {'method': 'API', 'multi_thread': True, 'params': {}, 'request': 'get', 'url': 'https://548a3990-a83e-4862-a950-cc252c905ce2.mock.pstmn.io/get', 'variables': ['actual']} variables!
2019-07-05 18:56:15,900 INFO Starting thread: {'method': 'API', 'multi_thread': True, 'params': {}, 'request': 'get', 'url': 'https://548a3990-a83e-4862-a950-cc252c905ce2.mock.pstmn.io/get', 'variables': ['actual']}
2019-07-05 18:56:15,900 INFO Getting data source: {'data': {'method': 'POST', 'value': 13}, 'method': 'API', 'multi_thread': True, 'params': {}, 'request': 'post', 'url': 'https://75c9507b-8f2e-4211-a518-2c2ab988c27d.mock.pstmn.io/post', 'variables': ['incorrect']} variables!
2019-07-05 18:56:15,901 INFO Starting thread: {'data': {'method': 'POST', 'value': 13}, 'method': 'API', 'multi_thread': True, 'params': {}, 'request': 'post', 'url': 'https://75c9507b-8f2e-4211-a518-2c2ab988c27d.mock.pstmn.io/post', 'variables': ['incorrect']}
2019-07-05 18:56:15,901 INFO Getting data source: {'host_name': '10.137.89.13', 'key_filename': 'C:\\Users\\axsingh\\Documents\\Rules-engine.pem', 'method': 'SSH', 'multi_thread': True, 'password': None, 'user_name': 'ubuntu', 'variables': ['expected']} variables!
2019-07-05 18:56:15,901 INFO Starting thread: {'host_name': '10.137.89.13', 'key_filename': 'C:\\Users\\axsingh\\Documents\\Rules-engine.pem', 'method': 'SSH', 'multi_thread': True, 'password': None, 'user_name': 'ubuntu', 'variables': ['expected']}
2019-07-05 18:56:15,904 INFO Getting data source: {'data_base': 'rules_engine', 'host_name': 'localhost', 'method': 'data_base', 'multi_thread': True, 'password': 'Perfacio1', 'user_name': 'root', 'variables': ['correct']} variables!
2019-07-05 18:56:15,906 INFO Starting thread: {'data_base': 'rules_engine', 'host_name': 'localhost', 'method': 'data_base', 'multi_thread': True, 'password': 'Perfacio1', 'user_name': 'root', 'variables': ['correct']}
2019-07-05 18:56:15,986 INFO Source: {'data_base': 'rules_engine', 'host_name': 'localhost', 'method': 'data_base', 'multi_thread': True, 'password': 'Perfacio1', 'user_name': 'root', 'variables': ['correct']} fetched variables: {'correct': 5}
2019-07-05 18:56:15,987 INFO Variable: correct has been created!Value: 5!Source: {'data_base': 'rules_engine', 'host_name': 'localhost', 'method': 'data_base', 'multi_thread': True, 'password': 'Perfacio1', 'user_name': 'root', 'variables': ['correct']}
2019-07-05 18:56:16,445 INFO Connected (version 2.0, client OpenSSH_7.2p2)
2019-07-05 18:56:16,455 INFO Connected (version 2.0, client OpenSSH_7.2p2)
2019-07-05 18:56:16,929 INFO Source: {'method': 'API', 'request': 'get', 'url': 'https://548a3990-a83e-4862-a950-cc252c905ce2.mock.pstmn.io/get', 'params': {}, 'variables': ['CPU_usage'], 'multi_thread': True} fetched variables: {'CPU_usage': 78}
2019-07-05 18:56:16,930 INFO Variable: CPU_usage has been created!Value: 78!Source: {'method': 'API', 'request': 'get', 'url': 'https://548a3990-a83e-4862-a950-cc252c905ce2.mock.pstmn.io/get', 'params': {}, 'variables': ['CPU_usage'], 'multi_thread': True}
2019-07-05 18:56:16,944 INFO Source: {'data': {'method': 'POST', 'value': 13}, 'method': 'API', 'multi_thread': True, 'params': {}, 'request': 'post', 'url': 'https://75c9507b-8f2e-4211-a518-2c2ab988c27d.mock.pstmn.io/post', 'variables': ['incorrect']} fetched variables: {'incorrect': 33}
2019-07-05 18:56:16,944 INFO Variable: incorrect has been created!Value: 33!Source: {'data': {'method': 'POST', 'value': 13}, 'method': 'API', 'multi_thread': True, 'params': {}, 'request': 'post', 'url': 'https://75c9507b-8f2e-4211-a518-2c2ab988c27d.mock.pstmn.io/post', 'variables': ['incorrect']}
2019-07-05 18:56:16,962 INFO Source: {'method': 'API', 'multi_thread': True, 'params': {}, 'request': 'get', 'url': 'https://548a3990-a83e-4862-a950-cc252c905ce2.mock.pstmn.io/get', 'variables': ['actual']} fetched variables: {'actual': 78}
2019-07-05 18:56:16,963 INFO Variable: actual has been created!Value: 78!Source: {'method': 'API', 'multi_thread': True, 'params': {}, 'request': 'get', 'url': 'https://548a3990-a83e-4862-a950-cc252c905ce2.mock.pstmn.io/get', 'variables': ['actual']}
2019-07-05 18:56:16,968 INFO Source: {'method': 'API', 'request': 'post', 'url': 'https://75c9507b-8f2e-4211-a518-2c2ab988c27d.mock.pstmn.io/post', 'params': {}, 'data': {'method': 'POST', 'value': 13}, 'variables': ['disk_space'], 'multi_thread': True} fetched variables: {'disk_space': 33}
2019-07-05 18:56:16,968 INFO Variable: disk_space has been created!Value: 33!Source: {'method': 'API', 'request': 'post', 'url': 'https://75c9507b-8f2e-4211-a518-2c2ab988c27d.mock.pstmn.io/post', 'params': {}, 'data': {'method': 'POST', 'value': 13}, 'variables': ['disk_space'], 'multi_thread': True}
2019-07-05 18:56:17,864 INFO Authentication (publickey) successful!
2019-07-05 18:56:17,872 INFO Authentication (publickey) successful!
2019-07-05 18:56:18,727 INFO Source: {'host_name': '10.137.89.13', 'key_filename': 'C:\\Users\\axsingh\\Documents\\Rules-engine.pem', 'method': 'SSH', 'multi_thread': True, 'password': None, 'user_name': 'ubuntu', 'variables': ['expected']} fetched variables: {'expected': '104\n'}
2019-07-05 18:56:18,728 INFO Variable: expected has been created!Value: 104
!Source: {'host_name': '10.137.89.13', 'key_filename': 'C:\\Users\\axsingh\\Documents\\Rules-engine.pem', 'method': 'SSH', 'multi_thread': True, 'password': None, 'user_name': 'ubuntu', 'variables': ['expected']}
2019-07-05 18:56:19,579 INFO Source: {'method': 'SSH', 'host_name': '10.137.89.13', 'user_name': 'ubuntu', 'password': None, 'key_filename': 'C:\\Users\\axsingh\\Documents\\Rules-engine.pem', 'variables': ['free_mem', 'total_mem'], 'multi_thread': True} fetched variables: {'free_mem': '         1408524 ', 'total_mem': '        4044880 '}
2019-07-05 18:56:19,580 INFO Variable: free_mem has been created!Value:          1408524 !Source: {'method': 'SSH', 'host_name': '10.137.89.13', 'user_name': 'ubuntu', 'password': None, 'key_filename': 'C:\\Users\\axsingh\\Documents\\Rules-engine.pem', 'variables': ['free_mem', 'total_mem'], 'multi_thread': True}
2019-07-05 18:56:19,580 INFO Variable: total_mem has been created!Value:         4044880 !Source: {'method': 'SSH', 'host_name': '10.137.89.13', 'user_name': 'ubuntu', 'password': None, 'key_filename': 'C:\\Users\\axsingh\\Documents\\Rules-engine.pem', 'variables': ['free_mem', 'total_mem'], 'multi_thread': True}
2019-07-05 18:56:19,580 INFO variables input taken from collector!
2019-07-05 18:56:19,580 INFO Product Vriable: CPU_usage has been created!
2019-07-05 18:56:19,581 INFO Product Vriable: free_mem has been created!
2019-07-05 18:56:19,581 INFO Product Vriable: total_mem has been created!
2019-07-05 18:56:19,581 INFO Product Vriable: memory has been created!
2019-07-05 18:56:19,581 INFO Product Vriable: disk_space has been created!
2019-07-05 18:56:19,581 INFO Product Vriable: actual has been created!
2019-07-05 18:56:19,582 INFO Product Vriable: expected has been created!
2019-07-05 18:56:19,582 INFO Product Vriable: correct has been created!
2019-07-05 18:56:19,582 INFO Product Vriable: incorrect has been created!
2019-07-05 18:56:19,582 INFO 127.0.0.1 - - [05/Jul/2019 18:56:19] "POST /runusecase?use_case=CPU_Conditional HTTP/1.1" 500 -
2019-07-05 18:57:05,157 INFO  * Detected change in 'C:\\Users\\axsingh\\Documents\\business-rules\\web-services\\business_rules\\API.py', reloading
