2019-07-04 18:50:49,203 INFO Starting _run_API
2019-07-04 18:50:49,203 INFO Importing use_cases.yml
2019-07-04 18:50:49,234 INFO Importing rules.yml
2019-07-04 18:50:49,270 INFO Importing variables.yml
2019-07-04 18:50:49,298 INFO Importing actions.yml
2019-07-04 18:50:49,303 INFO Importing DataSource.yml
2019-07-04 18:50:49,311 INFO Use_case created
2019-07-04 18:50:49,311 INFO source_variable_list made :[]
2019-07-04 18:50:49,311 INFO Adding rule: CPU_usage variables
2019-07-04 18:50:49,311 INFO Adding variable: CPU_usage 
2019-07-04 18:50:49,311 INFO Adding rule: memory variables
2019-07-04 18:50:49,315 INFO Adding variable: free_mem 
2019-07-04 18:50:49,315 INFO Adding variable: total_mem 
2019-07-04 18:50:49,315 INFO Adding variable: memory 
2019-07-04 18:50:49,315 INFO Adding rule: disk_space variables
2019-07-04 18:50:49,315 INFO Adding variable: disk_space 
2019-07-04 18:50:49,315 INFO Variable: disk_space in parameter_variables
2019-07-04 18:50:49,315 INFO Addin data source: API_getPostman to be populated!
2019-07-04 18:50:49,315 INFO Addin data source: SSH_awsIntern to be populated!
2019-07-04 18:50:49,315 INFO starting collector module
2019-07-04 18:50:49,315 INFO Getting data source: {'method': 'API', 'multi_thread': True, 'params': {}, 'request': 'get', 'url': 'https://548a3990-a83e-4862-a950-cc252c905ce2.mock.pstmn.io/get', 'variables': ['CPU_usage']} variables!
2019-07-04 18:50:49,315 INFO Starting thread: {'method': 'API', 'multi_thread': True, 'params': {}, 'request': 'get', 'url': 'https://548a3990-a83e-4862-a950-cc252c905ce2.mock.pstmn.io/get', 'variables': ['CPU_usage']}
2019-07-04 18:50:49,316 INFO Getting data source: {'host_name': '10.137.89.13', 'key_filename': 'C:\\Users\\axsingh\\Documents\\Rules-engine.pem', 'method': 'SSH', 'multi_thread': True, 'password': None, 'user_name': 'ubuntu', 'variables': ['free_mem', 'total_mem']} variables!
2019-07-04 18:50:49,316 INFO Starting thread: {'host_name': '10.137.89.13', 'key_filename': 'C:\\Users\\axsingh\\Documents\\Rules-engine.pem', 'method': 'SSH', 'multi_thread': True, 'password': None, 'user_name': 'ubuntu', 'variables': ['free_mem', 'total_mem']}
2019-07-04 18:50:49,317 INFO Variable: disk_space has been created!Value: 708!Source: Parameter_Variable
2019-07-04 18:50:49,855 INFO Connected (version 2.0, client OpenSSH_7.2p2)
2019-07-04 18:50:50,413 ERROR Unable to connect to source host: {'host_name': '10.137.89.13', 'key_filename': 'C:\\Users\\axsingh\\Documents\\Rules-engine.pem', 'method': 'SSH', 'multi_thread': True, 'password': None, 'user_name': 'ubuntu', 'variables': ['free_mem', 'total_mem']}! Rules with variables in source will not run: ['free_mem', 'total_mem']! Error: Couldn't connect to SSH host!Error: [Errno 2] No such file or directory: 'C:\\Users\\axsingh\\Documents\\Rules-engine.pem'
2019-07-04 18:50:50,531 INFO Source: {'method': 'API', 'multi_thread': True, 'params': {}, 'request': 'get', 'url': 'https://548a3990-a83e-4862-a950-cc252c905ce2.mock.pstmn.io/get', 'variables': ['CPU_usage']} fetched variables: {'CPU_usage': 78}
2019-07-04 18:50:50,531 INFO Variable: CPU_usage has been created!Value: 78!Source: {'method': 'API', 'multi_thread': True, 'params': {}, 'request': 'get', 'url': 'https://548a3990-a83e-4862-a950-cc252c905ce2.mock.pstmn.io/get', 'variables': ['CPU_usage']}
2019-07-04 18:50:50,531 INFO variables input taken from collector!
2019-07-04 18:50:50,531 ERROR Rule: memory will not run because variable: free_mem couldn't be fetched!
2019-07-04 18:50:50,531 ERROR Rule: memory will not run because variable: total_mem couldn't be fetched!
2019-07-04 18:50:50,531 INFO Product Vriable: CPU_usage has been created!
2019-07-04 18:50:50,531 INFO Product Vriable: free_mem has been created!
2019-07-04 18:50:50,531 INFO Product Vriable: total_mem has been created!
2019-07-04 18:50:50,531 INFO Product Vriable: memory has been created!
2019-07-04 18:50:50,531 INFO Product Vriable: disk_space has been created!
2019-07-04 18:50:50,531 INFO Adding action : condition_pass to list!
2019-07-04 18:50:50,531 INFO Adding action : condition_fail to list!
2019-07-04 18:50:50,531 INFO Adding action : Threshold_true to list!
2019-07-04 18:50:50,531 INFO Adding action : Threshold_false to list!
2019-07-04 18:50:50,531 INFO Adding action : Threshold_true to list!
2019-07-04 18:50:50,531 INFO Action : Threshold_true already in list!
2019-07-04 18:50:50,531 INFO Adding action : Threshold_false to list!
2019-07-04 18:50:50,531 INFO Action : Threshold_false already in list!
2019-07-04 18:50:50,531 INFO Adding action : Threshold_true to list!
2019-07-04 18:50:50,531 INFO Action : Threshold_true already in list!
2019-07-04 18:50:50,531 INFO Adding action : Threshold_false to list!
2019-07-04 18:50:50,531 INFO Action : Threshold_false already in list!
2019-07-04 18:50:50,547 INFO Creater Product action : condition_pass successfully!
2019-07-04 18:50:50,547 INFO Creater Product action : condition_fail successfully!
2019-07-04 18:50:50,547 INFO Creater Product action : Threshold_true successfully!
2019-07-04 18:50:50,547 INFO Creater Product action : Threshold_false successfully!
2019-07-04 18:50:50,547 INFO Starting action: Threshold_false
2019-07-04 18:50:50,547 INFO Rule: CPU_usage returned false
2019-07-04 18:50:50,547 INFO Starting action: Threshold_false
2019-07-04 18:50:50,547 INFO Rule: disk_space returned false
2019-07-04 18:50:50,547 INFO List: ['CPU_usage', 'memory', 'disk_space'] has returned False
2019-07-04 18:50:50,547 INFO Starting action: condition_fail
