Module:API Function:_run_API Line:44 INFO Starting _run_API
Module:API Function:_run_API Line:243 INFO Use_case fetched from database
Module:API Function:_run_API Line:295 INFO source_variable_list made :[]
Module:API Function:_run_API Line:328 INFO Adding rule: CPU_usage variables
Module:API Function:_run_API Line:330 INFO Adding variable: CPU_usage 
Module:API Function:_run_API Line:344 INFO Adding Variable: CPU_usage to DataSource: API_getPostman
Module:API Function:_run_API Line:328 INFO Adding rule: memory variables
Module:API Function:_run_API Line:330 INFO Adding variable: free_mem 
Module:API Function:_run_API Line:344 INFO Adding Variable: free_mem to DataSource: SSH_awsIntern
Module:API Function:_run_API Line:330 INFO Adding variable: total_mem 
Module:API Function:_run_API Line:344 INFO Adding Variable: total_mem to DataSource: SSH_awsIntern
Module:API Function:_run_API Line:330 INFO Adding variable: memory 
Module:API Function:_run_API Line:328 INFO Adding rule: disk_space variables
Module:API Function:_run_API Line:330 INFO Adding variable: disk_space 
Module:API Function:_run_API Line:344 INFO Adding Variable: disk_space to DataSource: API_postPostman
Module:API Function:_run_API Line:370 INFO Addin data source: API_getPostman to be populated!
Module:API Function:_run_API Line:370 INFO Addin data source: SSH_awsIntern to be populated!
Module:API Function:_run_API Line:370 INFO Addin data source: API_postPostman to be populated!
Module:collector Function:__init__ Line:96 INFO starting collector module
Module:collector Function:__init__ Line:103 INFO Getting data source: API_getPostman variables!
Module:collector Function:__init__ Line:112 INFO Starting thread: API_getPostman
Module:collector Function:__init__ Line:103 INFO Getting data source: SSH_awsIntern variables!
Module:collector Function:__init__ Line:112 INFO Starting thread: SSH_awsIntern
Module:collector Function:__init__ Line:103 INFO Getting data source: API_postPostman variables!
Module:collector Function:__init__ Line:112 INFO Starting thread: API_postPostman
Module:collector Function:_get_source Line:65 INFO Source: API_getPostman fetched variables: {'CPU_usage': 78}
Module:_internal Function:_log Line:122 INFO  * Detected change in 'C:\\Users\\axsingh\\Documents\\business-rules\\web-services\\main_server.py', reloading
Module:collector Function:_init_source_variables Line:29 INFO Variable: CPU_usage has been created!Value: 78!Source: API_getPostman
Module:transport Function:_log Line:1760 INFO Connected (version 2.0, client OpenSSH_7.2p2)
Module:collector Function:_get_source Line:65 INFO Source: API_postPostman fetched variables: {'disk_space': 33}
Module:collector Function:_init_source_variables Line:29 INFO Variable: disk_space has been created!Value: 33!Source: API_postPostman
Module:transport Function:_log Line:1760 INFO Authentication (publickey) successful!
