2019-07-05 12:52:33,389 INFO Starting _run_API
2019-07-05 12:52:33,389 INFO Importing use_cases.yml
2019-07-05 12:52:33,419 INFO Importing rules.yml
2019-07-05 12:52:33,459 INFO Importing variables.yml
2019-07-05 12:52:33,488 INFO Importing actions.yml
2019-07-05 12:52:33,494 INFO Importing DataSource.yml
2019-07-05 12:52:33,506 INFO Use_case created
2019-07-05 12:52:33,506 INFO source_variable_list made :[]
2019-07-05 12:52:33,506 INFO Adding rule: CPU_usage variables
2019-07-05 12:52:33,507 INFO Adding variable: CPU_usage 
2019-07-05 12:52:33,507 INFO Adding rule: memory variables
2019-07-05 12:52:33,507 INFO Adding variable: free_mem 
2019-07-05 12:52:33,507 INFO Adding variable: total_mem 
2019-07-05 12:52:33,507 INFO Adding variable: memory 
2019-07-05 12:52:33,508 INFO Adding rule: disk_space variables
2019-07-05 12:52:33,508 INFO Adding variable: disk_space 
2019-07-05 12:52:33,508 INFO Adding rule: rule1 variables
2019-07-05 12:52:33,508 INFO Adding variable: actual 
2019-07-05 12:52:33,508 INFO Adding variable: expected 
2019-07-05 12:52:33,508 INFO Adding variable: correct 
2019-07-05 12:52:33,508 INFO Adding rule: rule2 variables
2019-07-05 12:52:33,508 INFO Adding variable: actual 
2019-07-05 12:52:33,509 INFO Variable: actual already in list
2019-07-05 12:52:33,509 INFO Adding variable: expected 
2019-07-05 12:52:33,509 INFO Variable: expected already in list
2019-07-05 12:52:33,509 INFO Adding variable: correct 
2019-07-05 12:52:33,509 INFO Variable: correct already in list
2019-07-05 12:52:33,509 INFO Adding variable: incorrect 
2019-07-05 12:52:33,509 INFO Adding rule: rule3 variables
2019-07-05 12:52:33,509 INFO Adding variable: actual 
2019-07-05 12:52:33,510 INFO Variable: actual already in list
2019-07-05 12:52:33,510 INFO Adding variable: expected 
2019-07-05 12:52:33,510 INFO Variable: expected already in list
2019-07-05 12:52:33,510 INFO Adding variable: correct 
2019-07-05 12:52:33,510 INFO Variable: correct already in list
2019-07-05 12:52:33,510 INFO Addin data source: API_getPostman to be populated!
2019-07-05 12:52:33,510 INFO Addin data source: API_postPostman to be populated!
2019-07-05 12:52:33,510 INFO Addin data source: SSH_awsIntern to be populated!
2019-07-05 12:52:33,510 INFO Addin data source: database_sqlRuleEngine to be populated!
2019-07-05 12:52:33,511 INFO starting collector module
2019-07-05 12:52:33,511 INFO Getting data source: {'method': 'API', 'multi_thread': True, 'params': {}, 'request': 'get', 'url': 'https://548a3990-a83e-4862-a950-cc252c905ce2.mock.pstmn.io/get', 'variables': ['CPU_usage', 'actual']} variables!
2019-07-05 12:52:33,511 INFO Starting thread: {'method': 'API', 'multi_thread': True, 'params': {}, 'request': 'get', 'url': 'https://548a3990-a83e-4862-a950-cc252c905ce2.mock.pstmn.io/get', 'variables': ['CPU_usage', 'actual']}
2019-07-05 12:52:33,512 INFO Getting data source: {'data': {'method': 'POST', 'value': 13}, 'method': 'API', 'multi_thread': True, 'params': {}, 'request': 'post', 'url': 'https://75c9507b-8f2e-4211-a518-2c2ab988c27d.mock.pstmn.io/post', 'variables': ['disk_space', 'incorrect']} variables!
2019-07-05 12:52:33,512 INFO Starting thread: {'data': {'method': 'POST', 'value': 13}, 'method': 'API', 'multi_thread': True, 'params': {}, 'request': 'post', 'url': 'https://75c9507b-8f2e-4211-a518-2c2ab988c27d.mock.pstmn.io/post', 'variables': ['disk_space', 'incorrect']}
2019-07-05 12:52:33,515 INFO Getting data source: {'host_name': '10.137.89.13', 'key_filename': 'C:\\Users\\axsingh\\Documents\\Rules-engine.pem', 'method': 'SSH', 'multi_thread': True, 'password': None, 'user_name': 'ubuntu', 'variables': ['free_mem', 'total_mem', 'expected']} variables!
2019-07-05 12:52:33,516 INFO Starting thread: {'host_name': '10.137.89.13', 'key_filename': 'C:\\Users\\axsingh\\Documents\\Rules-engine.pem', 'method': 'SSH', 'multi_thread': True, 'password': None, 'user_name': 'ubuntu', 'variables': ['free_mem', 'total_mem', 'expected']}
2019-07-05 12:52:33,518 INFO Getting data source: {'data_base': 'rules_engine', 'host_name': 'localhost', 'method': 'data_base', 'multi_thread': True, 'password': 'Perfacio1', 'user_name': 'root', 'variables': ['correct']} variables!
2019-07-05 12:52:33,518 INFO Starting thread: {'data_base': 'rules_engine', 'host_name': 'localhost', 'method': 'data_base', 'multi_thread': True, 'password': 'Perfacio1', 'user_name': 'root', 'variables': ['correct']}
2019-07-05 12:52:33,656 INFO Source: {'data_base': 'rules_engine', 'host_name': 'localhost', 'method': 'data_base', 'multi_thread': True, 'password': 'Perfacio1', 'user_name': 'root', 'variables': ['correct']} fetched variables: {'correct': 5}
2019-07-05 12:52:33,656 INFO Variable: correct has been created!Value: 5!Source: {'data_base': 'rules_engine', 'host_name': 'localhost', 'method': 'data_base', 'multi_thread': True, 'password': 'Perfacio1', 'user_name': 'root', 'variables': ['correct']}
2019-07-05 12:52:34,102 INFO Connected (version 2.0, client OpenSSH_7.2p2)
2019-07-05 12:52:34,614 INFO Source: {'method': 'API', 'multi_thread': True, 'params': {}, 'request': 'get', 'url': 'https://548a3990-a83e-4862-a950-cc252c905ce2.mock.pstmn.io/get', 'variables': ['CPU_usage', 'actual']} fetched variables: {'CPU_usage': 78, 'actual': 78}
2019-07-05 12:52:34,615 INFO Variable: CPU_usage has been created!Value: 78!Source: {'method': 'API', 'multi_thread': True, 'params': {}, 'request': 'get', 'url': 'https://548a3990-a83e-4862-a950-cc252c905ce2.mock.pstmn.io/get', 'variables': ['CPU_usage', 'actual']}
2019-07-05 12:52:34,615 INFO Variable: actual has been created!Value: 78!Source: {'method': 'API', 'multi_thread': True, 'params': {}, 'request': 'get', 'url': 'https://548a3990-a83e-4862-a950-cc252c905ce2.mock.pstmn.io/get', 'variables': ['CPU_usage', 'actual']}
2019-07-05 12:52:34,808 INFO Source: {'data': {'method': 'POST', 'value': 13}, 'method': 'API', 'multi_thread': True, 'params': {}, 'request': 'post', 'url': 'https://75c9507b-8f2e-4211-a518-2c2ab988c27d.mock.pstmn.io/post', 'variables': ['disk_space', 'incorrect']} fetched variables: {'disk_space': 33, 'incorrect': 33}
2019-07-05 12:52:34,808 INFO Variable: disk_space has been created!Value: 33!Source: {'data': {'method': 'POST', 'value': 13}, 'method': 'API', 'multi_thread': True, 'params': {}, 'request': 'post', 'url': 'https://75c9507b-8f2e-4211-a518-2c2ab988c27d.mock.pstmn.io/post', 'variables': ['disk_space', 'incorrect']}
2019-07-05 12:52:34,808 INFO Variable: incorrect has been created!Value: 33!Source: {'data': {'method': 'POST', 'value': 13}, 'method': 'API', 'multi_thread': True, 'params': {}, 'request': 'post', 'url': 'https://75c9507b-8f2e-4211-a518-2c2ab988c27d.mock.pstmn.io/post', 'variables': ['disk_space', 'incorrect']}
2019-07-05 12:52:35,527 INFO Authentication (publickey) successful!
2019-07-05 12:52:38,101 INFO Source: {'host_name': '10.137.89.13', 'key_filename': 'C:\\Users\\axsingh\\Documents\\Rules-engine.pem', 'method': 'SSH', 'multi_thread': True, 'password': None, 'user_name': 'ubuntu', 'variables': ['free_mem', 'total_mem', 'expected']} fetched variables: {'free_mem': '         1408612 ', 'total_mem': '        4044880 ', 'expected': '104\n'}
2019-07-05 12:52:38,102 INFO Variable: free_mem has been created!Value:          1408612 !Source: {'host_name': '10.137.89.13', 'key_filename': 'C:\\Users\\axsingh\\Documents\\Rules-engine.pem', 'method': 'SSH', 'multi_thread': True, 'password': None, 'user_name': 'ubuntu', 'variables': ['free_mem', 'total_mem', 'expected']}
2019-07-05 12:52:38,103 INFO Variable: total_mem has been created!Value:         4044880 !Source: {'host_name': '10.137.89.13', 'key_filename': 'C:\\Users\\axsingh\\Documents\\Rules-engine.pem', 'method': 'SSH', 'multi_thread': True, 'password': None, 'user_name': 'ubuntu', 'variables': ['free_mem', 'total_mem', 'expected']}
2019-07-05 12:52:38,103 INFO Variable: expected has been created!Value: 104
!Source: {'host_name': '10.137.89.13', 'key_filename': 'C:\\Users\\axsingh\\Documents\\Rules-engine.pem', 'method': 'SSH', 'multi_thread': True, 'password': None, 'user_name': 'ubuntu', 'variables': ['free_mem', 'total_mem', 'expected']}
2019-07-05 12:52:38,104 INFO variables input taken from collector!
2019-07-05 12:52:38,105 INFO Product Vriable: CPU_usage has been created!
2019-07-05 12:52:38,106 INFO Product Vriable: free_mem has been created!
2019-07-05 12:52:38,107 INFO Product Vriable: total_mem has been created!
2019-07-05 12:52:38,108 INFO Product Vriable: memory has been created!
2019-07-05 12:52:38,109 INFO Product Vriable: disk_space has been created!
2019-07-05 12:52:38,111 INFO Product Vriable: actual has been created!
2019-07-05 12:52:38,111 INFO Product Vriable: expected has been created!
2019-07-05 12:52:38,112 INFO Product Vriable: correct has been created!
2019-07-05 12:52:38,112 INFO Product Vriable: incorrect has been created!
2019-07-05 12:52:38,112 INFO Adding action : condition_pass to list!
2019-07-05 12:52:38,112 INFO Adding action : condition_fail to list!
2019-07-05 12:52:38,113 INFO Adding action : Threshold_true to list!
2019-07-05 12:52:38,113 INFO Adding action : Threshold_false to list!
2019-07-05 12:52:38,113 INFO Adding action : Threshold_true to list!
2019-07-05 12:52:38,113 INFO Action : Threshold_true already in list!
2019-07-05 12:52:38,113 INFO Adding action : Threshold_false to list!
2019-07-05 12:52:38,113 INFO Action : Threshold_false already in list!
2019-07-05 12:52:38,113 INFO Adding action : Threshold_true to list!
2019-07-05 12:52:38,113 INFO Action : Threshold_true already in list!
2019-07-05 12:52:38,114 INFO Adding action : Threshold_false to list!
2019-07-05 12:52:38,114 INFO Action : Threshold_false already in list!
2019-07-05 12:52:38,114 INFO Adding action : condition_pass to list!
2019-07-05 12:52:38,114 INFO Action : condition_pass already in list!
2019-07-05 12:52:38,114 INFO Adding action : condition_fail to list!
2019-07-05 12:52:38,114 INFO Action : condition_fail already in list!
2019-07-05 12:52:38,114 INFO Adding action : condition_pass to list!
2019-07-05 12:52:38,114 INFO Action : condition_pass already in list!
2019-07-05 12:52:38,114 INFO Adding action : condition_fail to list!
2019-07-05 12:52:38,115 INFO Action : condition_fail already in list!
2019-07-05 12:52:38,115 INFO Adding action : condition_pass to list!
2019-07-05 12:52:38,115 INFO Action : condition_pass already in list!
2019-07-05 12:52:38,115 INFO Adding action : condition_fail to list!
2019-07-05 12:52:38,115 INFO Action : condition_fail already in list!
2019-07-05 12:52:38,115 INFO Creater Product action : condition_pass successfully!
2019-07-05 12:52:38,116 INFO Creater Product action : condition_fail successfully!
2019-07-05 12:52:38,116 INFO Creater Product action : Threshold_true successfully!
2019-07-05 12:52:38,116 INFO Creater Product action : Threshold_false successfully!
2019-07-05 12:52:38,116 INFO Starting action: Threshold_false
2019-07-05 12:52:38,117 INFO Rule: CPU_usage returned false
2019-07-05 12:52:38,117 INFO Starting action: Threshold_false
2019-07-05 12:52:38,118 INFO Rule: memory returned false
2019-07-05 12:52:38,118 INFO Starting action: Threshold_true
2019-07-05 12:52:38,131 INFO Rule: disk_space returned true
2019-07-05 12:52:38,131 INFO List: ['CPU_usage', 'memory', 'disk_space'] has returned False
2019-07-05 12:52:38,131 INFO All conditions were NOT satisfied: ['CPU_usage', 'memory', 'disk_space']!Running all else rules: ['rule2']
2019-07-05 12:52:38,132 INFO Starting action: condition_fail
2019-07-05 12:52:38,132 INFO Rule: rule2 returned false
2019-07-05 12:52:38,132 INFO List: ['rule2'] has returned False
2019-07-05 12:52:38,133 INFO Rule conditional: {'all': ['CPU_usage', 'memory', 'disk_space'], 'else': ['rule2'], 'then': None} returned false!
2019-07-05 12:52:38,133 INFO Starting action: Threshold_false
2019-07-05 12:52:38,143 INFO Rule: CPU_usage returned false
2019-07-05 12:52:38,144 INFO Starting action: Threshold_false
2019-07-05 12:52:38,145 INFO Rule: memory returned false
2019-07-05 12:52:38,145 INFO Starting action: Threshold_true
2019-07-05 12:52:38,147 INFO Rule: disk_space returned true
2019-07-05 12:52:38,147 INFO List: ['CPU_usage', 'memory', 'disk_space'] has returned False
2019-07-05 12:52:38,147 INFO Any condition was satisfied: {2: ['CPU_usage', 'memory', 'disk_space']}!Running all else rules: ['rule1']
2019-07-05 12:52:38,147 INFO Starting action: condition_pass
2019-07-05 12:52:38,148 INFO Rule: rule1 returned true
2019-07-05 12:52:38,148 INFO List: ['rule1'] has returned True
2019-07-05 12:52:38,148 INFO Rule conditional: {'any': {2: ['CPU_usage', 'memory', 'disk_space']}, 'else': ['rule1'], 'then': ['rule3']} returned true!
2019-07-05 12:52:38,148 INFO List: [{'all': ['CPU_usage', 'memory', 'disk_space'], 'else': ['rule2'], 'then': None}, {'any': {2: ['CPU_usage', 'memory', 'disk_space']}, 'else': ['rule1'], 'then': ['rule3']}] has returned False
2019-07-05 12:52:38,148 INFO Starting action: condition_fail
