2019-07-04 17:06:57,067 INFO Starting _run_API
2019-07-04 17:06:57,068 INFO Importing use_cases.yml
2019-07-04 17:06:57,129 INFO Importing rules.yml
2019-07-04 17:06:57,206 INFO Importing variables.yml
2019-07-04 17:06:57,251 INFO Importing actions.yml
2019-07-04 17:06:57,261 INFO Importing DataSource.yml
2019-07-04 17:06:57,277 INFO Use_case created
2019-07-04 17:06:57,277 INFO source_variable_list made :[]
2019-07-04 17:06:57,277 INFO Adding rule: distance_check variables
2019-07-04 17:06:57,278 INFO Adding variable: distance 
2019-07-04 17:06:57,278 INFO Adding variable: dist_limit 
2019-07-04 17:06:57,280 INFO Adding rule: cost_check variables
2019-07-04 17:06:57,280 INFO Adding variable: cost 
2019-07-04 17:06:57,280 INFO Adding variable: cost_limit 
2019-07-04 17:06:57,280 INFO Addin data source: API_getPostman to be populated!
2019-07-04 17:06:57,280 INFO Addin data source: API_mapQuest to be populated!
2019-07-04 17:06:57,280 INFO starting collector module
2019-07-04 17:06:57,281 INFO Getting data source: {'method': 'API', 'multi_thread': True, 'params': {}, 'request': 'get', 'url': 'https://548a3990-a83e-4862-a950-cc252c905ce2.mock.pstmn.io/get', 'variables': ['dist_limit', 'cost_limit']} variables!
2019-07-04 17:06:57,281 INFO Starting thread: {'method': 'API', 'multi_thread': True, 'params': {}, 'request': 'get', 'url': 'https://548a3990-a83e-4862-a950-cc252c905ce2.mock.pstmn.io/get', 'variables': ['dist_limit', 'cost_limit']}
2019-07-04 17:06:57,283 INFO Getting data source: {'data': {'locations': ['Denver, CO', 'Westminster, CO']}, 'method': 'API', 'multi_thread': True, 'params': {}, 'request': 'post', 'url': 'http://www.mapquestapi.com/directions/v2/routematrix?key=1XpKHYmtfjhVKQhYAfpTfbjP8pz0d7Q4', 'variables': ['distance', 'cost']} variables!
2019-07-04 17:06:57,284 INFO Starting thread: {'data': {'locations': ['Denver, CO', 'Westminster, CO']}, 'method': 'API', 'multi_thread': True, 'params': {}, 'request': 'post', 'url': 'http://www.mapquestapi.com/directions/v2/routematrix?key=1XpKHYmtfjhVKQhYAfpTfbjP8pz0d7Q4', 'variables': ['distance', 'cost']}
2019-07-04 17:06:57,982 INFO Source: {'data': {'locations': ['Denver, CO', 'Westminster, CO']}, 'method': 'API', 'multi_thread': True, 'params': {}, 'request': 'post', 'url': 'http://www.mapquestapi.com/directions/v2/routematrix?key=1XpKHYmtfjhVKQhYAfpTfbjP8pz0d7Q4', 'variables': ['distance', 'cost']} fetched variables: {'distance': 13.783, 'cost': 1142}
2019-07-04 17:06:57,983 INFO Variable: distance has been created!Value: 13.783!Source: {'data': {'locations': ['Denver, CO', 'Westminster, CO']}, 'method': 'API', 'multi_thread': True, 'params': {}, 'request': 'post', 'url': 'http://www.mapquestapi.com/directions/v2/routematrix?key=1XpKHYmtfjhVKQhYAfpTfbjP8pz0d7Q4', 'variables': ['distance', 'cost']}
2019-07-04 17:06:57,983 INFO Variable: cost has been created!Value: 1142!Source: {'data': {'locations': ['Denver, CO', 'Westminster, CO']}, 'method': 'API', 'multi_thread': True, 'params': {}, 'request': 'post', 'url': 'http://www.mapquestapi.com/directions/v2/routematrix?key=1XpKHYmtfjhVKQhYAfpTfbjP8pz0d7Q4', 'variables': ['distance', 'cost']}
2019-07-04 17:06:58,301 INFO Source: {'method': 'API', 'multi_thread': True, 'params': {}, 'request': 'get', 'url': 'https://548a3990-a83e-4862-a950-cc252c905ce2.mock.pstmn.io/get', 'variables': ['dist_limit', 'cost_limit']} fetched variables: {'dist_limit': 78, 'cost_limit': 78}
2019-07-04 17:06:58,301 INFO Variable: dist_limit has been created!Value: 78!Source: {'method': 'API', 'multi_thread': True, 'params': {}, 'request': 'get', 'url': 'https://548a3990-a83e-4862-a950-cc252c905ce2.mock.pstmn.io/get', 'variables': ['dist_limit', 'cost_limit']}
2019-07-04 17:06:58,302 INFO Variable: cost_limit has been created!Value: 78!Source: {'method': 'API', 'multi_thread': True, 'params': {}, 'request': 'get', 'url': 'https://548a3990-a83e-4862-a950-cc252c905ce2.mock.pstmn.io/get', 'variables': ['dist_limit', 'cost_limit']}
2019-07-04 17:06:58,302 INFO variables input taken from collector!
2019-07-04 17:06:58,302 INFO Product Vriable: distance has been created!
2019-07-04 17:06:58,302 INFO Product Vriable: dist_limit has been created!
2019-07-04 17:06:58,303 INFO Product Vriable: cost has been created!
2019-07-04 17:06:58,303 INFO Product Vriable: cost_limit has been created!
2019-07-04 17:06:58,303 INFO Adding action : condition_pass to list!
2019-07-04 17:06:58,303 INFO Adding action : condition_fail to list!
2019-07-04 17:06:58,303 INFO Adding action : Threshold_true to list!
2019-07-04 17:06:58,303 INFO Adding action : Threshold_false to list!
2019-07-04 17:06:58,303 INFO Adding action : Threshold_true to list!
2019-07-04 17:06:58,303 INFO Action : Threshold_true already in list!
2019-07-04 17:06:58,303 INFO Adding action : Threshold_false to list!
2019-07-04 17:06:58,304 INFO Action : Threshold_false already in list!
2019-07-04 17:06:58,304 INFO Creater Product action : condition_pass successfully!
2019-07-04 17:06:58,304 INFO Creater Product action : condition_fail successfully!
2019-07-04 17:06:58,304 INFO Creater Product action : Threshold_true successfully!
2019-07-04 17:06:58,305 INFO Creater Product action : Threshold_false successfully!
2019-07-04 17:06:58,305 INFO Starting action: Threshold_true
2019-07-04 17:06:58,305 INFO Rule: distance_check returned true
2019-07-04 17:06:58,306 INFO Starting action: Threshold_false
2019-07-04 17:06:58,306 INFO Rule: cost_check returned false
2019-07-04 17:06:58,306 INFO Starting action: condition_fail
