2019-07-04 16:09:35,837 INFO Starting _run_API
2019-07-04 16:09:35,838 INFO Importing use_cases.yml
2019-07-04 16:09:35,871 INFO Importing rules.yml
2019-07-04 16:09:35,913 INFO Importing variables.yml
2019-07-04 16:09:35,942 INFO Importing actions.yml
2019-07-04 16:09:35,947 INFO Importing DataSource.yml
2019-07-04 16:09:35,955 INFO Use_case created
2019-07-04 16:09:35,956 INFO source_variable_list made :[]
2019-07-04 16:09:35,956 INFO Adding rule: distance_check variables
2019-07-04 16:09:35,956 INFO Adding variable: distance 
2019-07-04 16:09:35,956 INFO Adding variable: dist_limit 
2019-07-04 16:09:35,959 INFO Adding rule: cost_check variables
2019-07-04 16:09:35,959 INFO Adding variable: cost 
2019-07-04 16:09:35,959 INFO Adding variable: cost_limit 
2019-07-04 16:09:35,959 INFO Addin data source: API_getPostman to be populated!
2019-07-04 16:09:35,959 INFO Addin data source: API_mapQuest to be populated!
2019-07-04 16:09:35,959 INFO starting collector module
2019-07-04 16:09:35,959 INFO Getting data source: {'method': 'API', 'multi_thread': True, 'params': {}, 'request': 'get', 'url': 'https://548a3990-a83e-4862-a950-cc252c905ce2.mock.pstmn.io/get', 'variables': ['dist_limit', 'cost_limit']} variables!
2019-07-04 16:09:35,959 INFO Starting thread: {'method': 'API', 'multi_thread': True, 'params': {}, 'request': 'get', 'url': 'https://548a3990-a83e-4862-a950-cc252c905ce2.mock.pstmn.io/get', 'variables': ['dist_limit', 'cost_limit']}
2019-07-04 16:09:35,959 INFO Getting data source: {'data': {'locations': ['Denver, CO', 'Westminster, CO']}, 'method': 'API', 'multi_thread': True, 'params': {}, 'request': 'post', 'url': 'http://www.mapquestapi.com/directions/v2/routematrix?key=1XpKHYmtfjhVKQhYAfpTfbjP8pz0d7Q4', 'variables': ['distance', 'cost']} variables!
2019-07-04 16:09:35,959 INFO Starting thread: {'data': {'locations': ['Denver, CO', 'Westminster, CO']}, 'method': 'API', 'multi_thread': True, 'params': {}, 'request': 'post', 'url': 'http://www.mapquestapi.com/directions/v2/routematrix?key=1XpKHYmtfjhVKQhYAfpTfbjP8pz0d7Q4', 'variables': ['distance', 'cost']}
2019-07-04 16:09:36,717 INFO Source: {'data': {'locations': ['Denver, CO', 'Westminster, CO']}, 'method': 'API', 'multi_thread': True, 'params': {}, 'request': 'post', 'url': 'http://www.mapquestapi.com/directions/v2/routematrix?key=1XpKHYmtfjhVKQhYAfpTfbjP8pz0d7Q4', 'variables': ['distance', 'cost']} fetched variables: {'distance': 13.783, 'cost': 1142}
2019-07-04 16:09:36,717 INFO Variable: distance has been created!Value: 13.783!Source: {'data': {'locations': ['Denver, CO', 'Westminster, CO']}, 'method': 'API', 'multi_thread': True, 'params': {}, 'request': 'post', 'url': 'http://www.mapquestapi.com/directions/v2/routematrix?key=1XpKHYmtfjhVKQhYAfpTfbjP8pz0d7Q4', 'variables': ['distance', 'cost']}
2019-07-04 16:09:36,718 INFO Variable: cost has been created!Value: 1142!Source: {'data': {'locations': ['Denver, CO', 'Westminster, CO']}, 'method': 'API', 'multi_thread': True, 'params': {}, 'request': 'post', 'url': 'http://www.mapquestapi.com/directions/v2/routematrix?key=1XpKHYmtfjhVKQhYAfpTfbjP8pz0d7Q4', 'variables': ['distance', 'cost']}
2019-07-04 16:09:37,875 INFO Source: {'method': 'API', 'multi_thread': True, 'params': {}, 'request': 'get', 'url': 'https://548a3990-a83e-4862-a950-cc252c905ce2.mock.pstmn.io/get', 'variables': ['dist_limit', 'cost_limit']} fetched variables: {'dist_limit': 78, 'cost_limit': 78}
2019-07-04 16:09:37,875 INFO Variable: dist_limit has been created!Value: 78!Source: {'method': 'API', 'multi_thread': True, 'params': {}, 'request': 'get', 'url': 'https://548a3990-a83e-4862-a950-cc252c905ce2.mock.pstmn.io/get', 'variables': ['dist_limit', 'cost_limit']}
2019-07-04 16:09:37,875 INFO Variable: cost_limit has been created!Value: 78!Source: {'method': 'API', 'multi_thread': True, 'params': {}, 'request': 'get', 'url': 'https://548a3990-a83e-4862-a950-cc252c905ce2.mock.pstmn.io/get', 'variables': ['dist_limit', 'cost_limit']}
2019-07-04 16:09:37,876 INFO variables input taken from collector!
2019-07-04 16:09:37,876 INFO Product Vriable: distance has been created!
2019-07-04 16:09:37,876 INFO Product Vriable: dist_limit has been created!
2019-07-04 16:09:37,876 INFO Product Vriable: cost has been created!
2019-07-04 16:09:37,877 INFO Product Vriable: cost_limit has been created!
2019-07-04 16:09:37,877 INFO Adding action : condition_pass to list!
2019-07-04 16:09:37,877 INFO Adding action : condition_fail to list!
2019-07-04 16:09:37,877 INFO Adding action : Threshold_true to list!
2019-07-04 16:09:37,877 INFO Adding action : Threshold_false to list!
2019-07-04 16:09:37,877 INFO Adding action : Threshold_true to list!
2019-07-04 16:09:37,878 INFO Action : Threshold_true already in list!
2019-07-04 16:09:37,878 INFO Adding action : Threshold_false to list!
2019-07-04 16:09:37,878 INFO Action : Threshold_false already in list!
2019-07-04 16:09:37,878 INFO Creater Product action : condition_pass successfully!
2019-07-04 16:09:37,878 INFO Creater Product action : condition_fail successfully!
2019-07-04 16:09:37,879 INFO Creater Product action : Threshold_true successfully!
2019-07-04 16:09:37,879 INFO Creater Product action : Threshold_false successfully!
2019-07-04 16:09:37,879 INFO Starting action: Threshold_true
2019-07-04 16:09:37,881 INFO Rule: distance_check returned true
2019-07-04 16:09:37,881 INFO Starting action: Threshold_false
2019-07-04 16:09:37,881 INFO Rule: cost_check returned false
2019-07-04 16:09:37,881 INFO Starting action: condition_fail
