2019-07-04 17:07:12,035 INFO Starting _run_API
2019-07-04 17:07:12,036 INFO Importing use_cases.yml
2019-07-04 17:07:12,086 INFO Importing rules.yml
2019-07-04 17:07:12,127 INFO Importing variables.yml
2019-07-04 17:07:12,156 INFO Importing actions.yml
2019-07-04 17:07:12,163 INFO Importing DataSource.yml
2019-07-04 17:07:12,171 INFO Use_case created
2019-07-04 17:07:12,171 INFO source_variable_list made :[]
2019-07-04 17:07:12,171 INFO Adding rule: distance_check variables
2019-07-04 17:07:12,171 INFO Adding variable: distance 
2019-07-04 17:07:12,171 INFO Adding variable: dist_limit 
2019-07-04 17:07:12,174 INFO Adding rule: cost_check variables
2019-07-04 17:07:12,174 INFO Adding variable: cost 
2019-07-04 17:07:12,174 INFO Adding variable: cost_limit 
2019-07-04 17:07:12,174 INFO Addin data source: API_getPostman to be populated!
2019-07-04 17:07:12,174 INFO Addin data source: API_mapQuest to be populated!
2019-07-04 17:07:12,174 INFO starting collector module
2019-07-04 17:07:12,174 INFO Getting data source: {'method': 'API', 'multi_thread': True, 'params': {}, 'request': 'get', 'url': 'https://548a3990-a83e-4862-a950-cc252c905ce2.mock.pstmn.io/get', 'variables': ['dist_limit', 'cost_limit']} variables!
2019-07-04 17:07:12,174 INFO Starting thread: {'method': 'API', 'multi_thread': True, 'params': {}, 'request': 'get', 'url': 'https://548a3990-a83e-4862-a950-cc252c905ce2.mock.pstmn.io/get', 'variables': ['dist_limit', 'cost_limit']}
2019-07-04 17:07:12,175 INFO Getting data source: {'data': {'locations': ['Denver, CO', 'Westminster, CO']}, 'method': 'API', 'multi_thread': True, 'params': {}, 'request': 'post', 'url': 'http://www.mapquestapi.com/directions/v2/routematrix?key=1XpKHYmtfjhVKQhYAfpTfbjP8pz0d7Q4', 'variables': ['distance', 'cost']} variables!
2019-07-04 17:07:12,176 INFO Starting thread: {'data': {'locations': ['Denver, CO', 'Westminster, CO']}, 'method': 'API', 'multi_thread': True, 'params': {}, 'request': 'post', 'url': 'http://www.mapquestapi.com/directions/v2/routematrix?key=1XpKHYmtfjhVKQhYAfpTfbjP8pz0d7Q4', 'variables': ['distance', 'cost']}
2019-07-04 17:07:12,852 INFO Source: {'data': {'locations': ['Denver, CO', 'Westminster, CO']}, 'method': 'API', 'multi_thread': True, 'params': {}, 'request': 'post', 'url': 'http://www.mapquestapi.com/directions/v2/routematrix?key=1XpKHYmtfjhVKQhYAfpTfbjP8pz0d7Q4', 'variables': ['distance', 'cost']} fetched variables: {'distance': 13.783, 'cost': 1142}
2019-07-04 17:07:12,852 INFO Variable: distance has been created!Value: 13.783!Source: {'data': {'locations': ['Denver, CO', 'Westminster, CO']}, 'method': 'API', 'multi_thread': True, 'params': {}, 'request': 'post', 'url': 'http://www.mapquestapi.com/directions/v2/routematrix?key=1XpKHYmtfjhVKQhYAfpTfbjP8pz0d7Q4', 'variables': ['distance', 'cost']}
2019-07-04 17:07:12,852 INFO Variable: cost has been created!Value: 1142!Source: {'data': {'locations': ['Denver, CO', 'Westminster, CO']}, 'method': 'API', 'multi_thread': True, 'params': {}, 'request': 'post', 'url': 'http://www.mapquestapi.com/directions/v2/routematrix?key=1XpKHYmtfjhVKQhYAfpTfbjP8pz0d7Q4', 'variables': ['distance', 'cost']}
2019-07-04 17:07:13,207 INFO Source: {'method': 'API', 'multi_thread': True, 'params': {}, 'request': 'get', 'url': 'https://548a3990-a83e-4862-a950-cc252c905ce2.mock.pstmn.io/get', 'variables': ['dist_limit', 'cost_limit']} fetched variables: {'dist_limit': 78, 'cost_limit': 78}
2019-07-04 17:07:13,207 INFO Variable: dist_limit has been created!Value: 78!Source: {'method': 'API', 'multi_thread': True, 'params': {}, 'request': 'get', 'url': 'https://548a3990-a83e-4862-a950-cc252c905ce2.mock.pstmn.io/get', 'variables': ['dist_limit', 'cost_limit']}
2019-07-04 17:07:13,207 INFO Variable: cost_limit has been created!Value: 78!Source: {'method': 'API', 'multi_thread': True, 'params': {}, 'request': 'get', 'url': 'https://548a3990-a83e-4862-a950-cc252c905ce2.mock.pstmn.io/get', 'variables': ['dist_limit', 'cost_limit']}
2019-07-04 17:07:13,207 INFO variables input taken from collector!
2019-07-04 17:07:13,207 INFO Product Vriable: distance has been created!
2019-07-04 17:07:13,207 INFO Product Vriable: dist_limit has been created!
2019-07-04 17:07:13,207 INFO Product Vriable: cost has been created!
2019-07-04 17:07:13,207 INFO Product Vriable: cost_limit has been created!
2019-07-04 17:07:13,207 INFO Adding action : condition_pass to list!
2019-07-04 17:07:13,207 INFO Adding action : condition_fail to list!
2019-07-04 17:07:13,207 INFO Adding action : Threshold_true to list!
2019-07-04 17:07:13,207 INFO Adding action : Threshold_false to list!
2019-07-04 17:07:13,207 INFO Adding action : Threshold_true to list!
2019-07-04 17:07:13,207 INFO Action : Threshold_true already in list!
2019-07-04 17:07:13,207 INFO Adding action : Threshold_false to list!
2019-07-04 17:07:13,207 INFO Action : Threshold_false already in list!
2019-07-04 17:07:13,207 INFO Creater Product action : condition_pass successfully!
2019-07-04 17:07:13,207 INFO Creater Product action : condition_fail successfully!
2019-07-04 17:07:13,207 INFO Creater Product action : Threshold_true successfully!
2019-07-04 17:07:13,207 INFO Creater Product action : Threshold_false successfully!
2019-07-04 17:07:13,207 INFO Starting action: Threshold_true
2019-07-04 17:07:13,207 INFO Rule: distance_check returned true
2019-07-04 17:07:13,207 INFO Starting action: Threshold_false
2019-07-04 17:07:13,207 INFO Rule: cost_check returned false
2019-07-04 17:07:13,207 INFO Starting action: condition_fail
