2019-07-04 19:08:10,962 INFO Starting _run_API
2019-07-04 19:08:10,962 INFO Importing use_cases.yml
2019-07-04 19:08:11,000 INFO Importing rules.yml
2019-07-04 19:08:11,061 INFO Importing variables.yml
2019-07-04 19:08:11,103 INFO Importing actions.yml
2019-07-04 19:08:11,109 INFO Importing DataSource.yml
2019-07-04 19:08:11,121 INFO source_variable_list made :[]
2019-07-04 19:08:11,121 INFO adding variable: actual
2019-07-04 19:08:11,121 INFO Variable: actual in parameter_variables
2019-07-04 19:08:11,121 INFO adding variable: expected
2019-07-04 19:08:11,121 INFO Variable: expected in parameter_variables
2019-07-04 19:08:11,123 INFO adding variable: correct
2019-07-04 19:08:11,123 INFO Variable: correct in parameter_variables
2019-07-04 19:08:11,124 INFO starting collector module
2019-07-04 19:08:11,124 INFO Variable: incorrect has been created!Value: 23!Source: Parameter_Variable
2019-07-04 19:08:11,124 INFO Variable: actual has been created!Value: 140!Source: Parameter_Variable
2019-07-04 19:08:11,124 INFO Variable: expected has been created!Value: 70!Source: Parameter_Variable
2019-07-04 19:08:11,124 INFO Variable: correct has been created!Value: 708!Source: Parameter_Variable
2019-07-04 19:08:11,124 INFO variables input taken from collector!
2019-07-04 19:08:11,125 INFO Product Vriable: actual has been created!
2019-07-04 19:08:11,125 INFO Product Vriable: expected has been created!
2019-07-04 19:08:11,125 INFO Product Vriable: correct has been created!
2019-07-04 19:08:11,125 INFO Adding action : condition_pass to list!
2019-07-04 19:08:11,125 INFO Adding action : condition_fail to list!
2019-07-04 19:08:11,125 INFO Creater Product action : condition_pass successfully!
2019-07-04 19:08:11,125 INFO Creater Product action : condition_fail successfully!
2019-07-04 19:08:11,126 INFO Starting action: condition_pass
2019-07-04 19:08:11,126 INFO Rule has retuned true!
