2019-07-05 12:50:44,716 INFO Starting _run_API
2019-07-05 12:50:44,716 INFO Importing use_cases.yml
2019-07-05 12:50:44,747 INFO Importing rules.yml
2019-07-05 12:50:44,787 INFO Importing variables.yml
2019-07-05 12:50:44,816 INFO Importing actions.yml
2019-07-05 12:50:44,822 INFO Importing DataSource.yml
2019-07-05 12:50:44,829 INFO source_variable_list made :[]
2019-07-05 12:50:44,829 INFO adding variable: actual
2019-07-05 12:50:44,829 INFO adding variable: expected
2019-07-05 12:50:44,829 INFO adding variable: correct
2019-07-05 12:50:44,829 INFO Addin data source: API_getPostman to be populated!
2019-07-05 12:50:44,832 INFO Addin data source: SSH_awsIntern to be populated!
2019-07-05 12:50:44,832 INFO Addin data source: database_sqlRuleEngine to be populated!
2019-07-05 12:50:44,832 INFO starting collector module
2019-07-05 12:50:44,832 INFO Getting data source: {'method': 'API', 'multi_thread': True, 'params': {}, 'request': 'get', 'url': 'https://548a3990-a83e-4862-a950-cc252c905ce2.mock.pstmn.io/get', 'variables': ['actual']} variables!
2019-07-05 12:50:44,833 INFO Starting thread: {'method': 'API', 'multi_thread': True, 'params': {}, 'request': 'get', 'url': 'https://548a3990-a83e-4862-a950-cc252c905ce2.mock.pstmn.io/get', 'variables': ['actual']}
2019-07-05 12:50:44,834 INFO Getting data source: {'host_name': '10.137.89.13', 'key_filename': 'C:\\Users\\axsingh\\Documents\\Rules-engine.pem', 'method': 'SSH', 'multi_thread': True, 'password': None, 'user_name': 'ubuntu', 'variables': ['expected']} variables!
2019-07-05 12:50:44,834 INFO Starting thread: {'host_name': '10.137.89.13', 'key_filename': 'C:\\Users\\axsingh\\Documents\\Rules-engine.pem', 'method': 'SSH', 'multi_thread': True, 'password': None, 'user_name': 'ubuntu', 'variables': ['expected']}
2019-07-05 12:50:44,835 INFO Getting data source: {'data_base': 'rules_engine', 'host_name': 'localhost', 'method': 'data_base', 'multi_thread': True, 'password': 'Perfacio1', 'user_name': 'root', 'variables': ['correct']} variables!
2019-07-05 12:50:44,835 INFO Starting thread: {'data_base': 'rules_engine', 'host_name': 'localhost', 'method': 'data_base', 'multi_thread': True, 'password': 'Perfacio1', 'user_name': 'root', 'variables': ['correct']}
2019-07-05 12:50:44,920 INFO Source: {'data_base': 'rules_engine', 'host_name': 'localhost', 'method': 'data_base', 'multi_thread': True, 'password': 'Perfacio1', 'user_name': 'root', 'variables': ['correct']} fetched variables: {'correct': 5}
2019-07-05 12:50:44,920 INFO Variable: correct has been created!Value: 5!Source: {'data_base': 'rules_engine', 'host_name': 'localhost', 'method': 'data_base', 'multi_thread': True, 'password': 'Perfacio1', 'user_name': 'root', 'variables': ['correct']}
2019-07-05 12:50:45,380 INFO Connected (version 2.0, client OpenSSH_7.2p2)
2019-07-05 12:50:46,133 INFO Source: {'method': 'API', 'multi_thread': True, 'params': {}, 'request': 'get', 'url': 'https://548a3990-a83e-4862-a950-cc252c905ce2.mock.pstmn.io/get', 'variables': ['actual']} fetched variables: {'actual': 78}
2019-07-05 12:50:46,133 INFO Variable: actual has been created!Value: 78!Source: {'method': 'API', 'multi_thread': True, 'params': {}, 'request': 'get', 'url': 'https://548a3990-a83e-4862-a950-cc252c905ce2.mock.pstmn.io/get', 'variables': ['actual']}
2019-07-05 12:50:46,791 INFO Authentication (publickey) successful!
2019-07-05 12:50:47,651 INFO Source: {'host_name': '10.137.89.13', 'key_filename': 'C:\\Users\\axsingh\\Documents\\Rules-engine.pem', 'method': 'SSH', 'multi_thread': True, 'password': None, 'user_name': 'ubuntu', 'variables': ['expected']} fetched variables: {'expected': '104\n'}
2019-07-05 12:50:47,651 INFO Variable: expected has been created!Value: 104
!Source: {'host_name': '10.137.89.13', 'key_filename': 'C:\\Users\\axsingh\\Documents\\Rules-engine.pem', 'method': 'SSH', 'multi_thread': True, 'password': None, 'user_name': 'ubuntu', 'variables': ['expected']}
2019-07-05 12:50:47,652 INFO variables input taken from collector!
2019-07-05 12:50:47,652 INFO Product Vriable: actual has been created!
2019-07-05 12:50:47,652 INFO Product Vriable: expected has been created!
2019-07-05 12:50:47,653 INFO Product Vriable: correct has been created!
2019-07-05 12:50:47,653 INFO Adding action : condition_pass to list!
2019-07-05 12:50:47,653 INFO Adding action : condition_fail to list!
2019-07-05 12:50:47,653 INFO Creater Product action : condition_pass successfully!
2019-07-05 12:50:47,653 INFO Creater Product action : condition_fail successfully!
2019-07-05 12:50:47,653 INFO Starting action: condition_pass
2019-07-05 12:50:47,654 INFO Rule has retuned true!
