2019-07-05 12:49:47,581 INFO Starting _run_API
2019-07-05 12:49:47,582 INFO Importing use_cases.yml
2019-07-05 12:49:47,613 INFO Importing rules.yml
2019-07-05 12:49:47,650 INFO Importing variables.yml
2019-07-05 12:49:47,677 INFO Importing actions.yml
2019-07-05 12:49:47,684 INFO Importing DataSource.yml
2019-07-05 12:49:47,692 INFO source_variable_list made :[]
2019-07-05 12:49:47,692 INFO adding variable: actual
2019-07-05 12:49:47,692 INFO Variable: actual in parameter_variables
2019-07-05 12:49:47,692 INFO adding variable: expected
2019-07-05 12:49:47,692 INFO Variable: expected in parameter_variables
2019-07-05 12:49:47,696 INFO adding variable: correct
2019-07-05 12:49:47,696 INFO Variable: correct in parameter_variables
2019-07-05 12:49:47,696 INFO starting collector module
2019-07-05 12:49:47,696 INFO Variable: incorrect has been created!Value: 23!Source: Parameter_Variable
2019-07-05 12:49:47,696 INFO Variable: actual has been created!Value: 140!Source: Parameter_Variable
2019-07-05 12:49:47,696 INFO Variable: expected has been created!Value: 70!Source: Parameter_Variable
2019-07-05 12:49:47,697 INFO Variable: correct has been created!Value: 708!Source: Parameter_Variable
2019-07-05 12:49:47,697 INFO variables input taken from collector!
2019-07-05 12:49:47,697 INFO Product Vriable: actual has been created!
2019-07-05 12:49:47,697 INFO Product Vriable: expected has been created!
2019-07-05 12:49:47,697 INFO Product Vriable: correct has been created!
2019-07-05 12:49:47,697 INFO Adding action : condition_pass to list!
2019-07-05 12:49:47,697 INFO Adding action : condition_fail to list!
2019-07-05 12:49:47,697 INFO Creater Product action : condition_pass successfully!
2019-07-05 12:49:47,697 INFO Creater Product action : condition_fail successfully!
2019-07-05 12:49:47,698 INFO Starting action: condition_pass
2019-07-05 12:49:47,698 INFO Rule has retuned true!
