2019-07-04 14:49:57,615 WARNING  * Debugger is active!
2019-07-04 14:49:57,619 INFO  * Debugger PIN: 264-845-055
2019-07-04 14:49:57,628 INFO  * Running on http://127.0.0.1:5000/ (Press CTRL+C to quit)
2019-07-04 14:50:02,286 INFO Starting _run_API
2019-07-04 14:50:02,286 INFO Importing use_cases.yml
2019-07-04 14:50:02,352 INFO Importing rules.yml
2019-07-04 14:50:02,405 INFO Importing variables.yml
2019-07-04 14:50:02,453 INFO Importing actions.yml
2019-07-04 14:50:02,461 INFO Importing DataSource.yml
2019-07-04 14:50:02,474 INFO Use_case created
2019-07-04 14:50:02,474 INFO source_variable_list made :[]
2019-07-04 14:50:02,474 INFO Adding rule: CPU_usage variables
2019-07-04 14:50:02,474 INFO Adding variable: CPU_usage 
2019-07-04 14:50:02,474 INFO Adding rule: memory variables
2019-07-04 14:50:02,475 INFO Adding variable: free_mem 
2019-07-04 14:50:02,475 INFO Adding variable: total_mem 
2019-07-04 14:50:02,475 INFO Adding variable: memory 
2019-07-04 14:50:02,475 INFO Adding rule: disk_space variables
2019-07-04 14:50:02,475 INFO Adding variable: disk_space 
2019-07-04 14:50:02,475 INFO Addin data source: API_getPostman to be populated!
2019-07-04 14:50:02,475 INFO Addin data source: API_postPostman to be populated!
2019-07-04 14:50:02,476 INFO Addin data source: SSH_awsIntern to be populated!
2019-07-04 14:50:02,476 INFO starting collector module
2019-07-04 14:50:02,476 INFO Getting data source: {'method': 'API', 'multi_thread': True, 'params': {}, 'request': 'get', 'url': 'https://548a3990-a83e-4862-a950-cc252c905ce2.mock.pstmn.io/get', 'variables': ['CPU_usage']} variables!
2019-07-04 14:50:02,476 INFO Starting thread: {'method': 'API', 'multi_thread': True, 'params': {}, 'request': 'get', 'url': 'https://548a3990-a83e-4862-a950-cc252c905ce2.mock.pstmn.io/get', 'variables': ['CPU_usage']}
2019-07-04 14:50:02,477 INFO Getting data source: {'data': {'method': 'POST', 'value': 13}, 'method': 'API', 'multi_thread': True, 'params': {}, 'request': 'post', 'url': 'https://75c9507b-8f2e-4211-a518-2c2ab988c27d.mock.pstmn.io/post', 'variables': ['disk_space']} variables!
2019-07-04 14:50:02,477 INFO Starting thread: {'data': {'method': 'POST', 'value': 13}, 'method': 'API', 'multi_thread': True, 'params': {}, 'request': 'post', 'url': 'https://75c9507b-8f2e-4211-a518-2c2ab988c27d.mock.pstmn.io/post', 'variables': ['disk_space']}
2019-07-04 14:50:02,479 INFO Getting data source: {'host_name': '10.137.89.13', 'key_filename': 'C:\\Users\\axsingh\\Documents\\Rules-engine.pem', 'method': 'SSH', 'multi_thread': True, 'password': None, 'user_name': 'ubuntu', 'variables': ['free_mem', 'total_mem']} variables!
2019-07-04 14:50:02,480 INFO Starting thread: {'host_name': '10.137.89.13', 'key_filename': 'C:\\Users\\axsingh\\Documents\\Rules-engine.pem', 'method': 'SSH', 'multi_thread': True, 'password': None, 'user_name': 'ubuntu', 'variables': ['free_mem', 'total_mem']}
2019-07-04 14:50:03,669 INFO Source: {'method': 'API', 'multi_thread': True, 'params': {}, 'request': 'get', 'url': 'https://548a3990-a83e-4862-a950-cc252c905ce2.mock.pstmn.io/get', 'variables': ['CPU_usage']} fetched variables: {'CPU_usage': 78}
2019-07-04 14:50:03,669 INFO Variable: CPU_usage has been created!Value: 78!Source: {'method': 'API', 'multi_thread': True, 'params': {}, 'request': 'get', 'url': 'https://548a3990-a83e-4862-a950-cc252c905ce2.mock.pstmn.io/get', 'variables': ['CPU_usage']}
2019-07-04 14:50:03,790 INFO Source: {'data': {'method': 'POST', 'value': 13}, 'method': 'API', 'multi_thread': True, 'params': {}, 'request': 'post', 'url': 'https://75c9507b-8f2e-4211-a518-2c2ab988c27d.mock.pstmn.io/post', 'variables': ['disk_space']} fetched variables: {'disk_space': 33}
2019-07-04 14:50:03,790 INFO Variable: disk_space has been created!Value: 33!Source: {'data': {'method': 'POST', 'value': 13}, 'method': 'API', 'multi_thread': True, 'params': {}, 'request': 'post', 'url': 'https://75c9507b-8f2e-4211-a518-2c2ab988c27d.mock.pstmn.io/post', 'variables': ['disk_space']}
2019-07-04 14:50:04,019 INFO Connected (version 2.0, client OpenSSH_7.2p2)
2019-07-04 14:50:05,502 INFO Authentication (publickey) successful!
2019-07-04 14:50:07,283 INFO Source: {'host_name': '10.137.89.13', 'key_filename': 'C:\\Users\\axsingh\\Documents\\Rules-engine.pem', 'method': 'SSH', 'multi_thread': True, 'password': None, 'user_name': 'ubuntu', 'variables': ['free_mem', 'total_mem']} fetched variables: {'free_mem': '         1410484 ', 'total_mem': '        4044880 '}
2019-07-04 14:50:07,284 INFO Variable: free_mem has been created!Value:          1410484 !Source: {'host_name': '10.137.89.13', 'key_filename': 'C:\\Users\\axsingh\\Documents\\Rules-engine.pem', 'method': 'SSH', 'multi_thread': True, 'password': None, 'user_name': 'ubuntu', 'variables': ['free_mem', 'total_mem']}
2019-07-04 14:50:07,285 INFO Variable: total_mem has been created!Value:         4044880 !Source: {'host_name': '10.137.89.13', 'key_filename': 'C:\\Users\\axsingh\\Documents\\Rules-engine.pem', 'method': 'SSH', 'multi_thread': True, 'password': None, 'user_name': 'ubuntu', 'variables': ['free_mem', 'total_mem']}
2019-07-04 14:50:07,285 INFO variables input taken from collector!
2019-07-04 14:50:07,285 INFO Product Vriable: CPU_usage has been created!
2019-07-04 14:50:07,285 INFO Product Vriable: free_mem has been created!
2019-07-04 14:50:07,286 INFO Product Vriable: total_mem has been created!
2019-07-04 14:50:07,286 INFO Product Vriable: memory has been created!
2019-07-04 14:50:07,286 INFO Product Vriable: disk_space has been created!
2019-07-04 14:50:07,286 INFO Adding action : condition_pass to list!
2019-07-04 14:50:07,286 INFO Adding action : condition_fail to list!
2019-07-04 14:50:07,286 INFO Adding action : Threshold_true to list!
2019-07-04 14:50:07,286 INFO Adding action : Threshold_false to list!
2019-07-04 14:50:07,286 INFO Adding action : Threshold_true to list!
2019-07-04 14:50:07,286 INFO Action : Threshold_true already in list!
2019-07-04 14:50:07,286 INFO Adding action : Threshold_false to list!
2019-07-04 14:50:07,286 INFO Action : Threshold_false already in list!
2019-07-04 14:50:07,286 INFO Adding action : Threshold_true to list!
2019-07-04 14:50:07,287 INFO Action : Threshold_true already in list!
2019-07-04 14:50:07,287 INFO Adding action : Threshold_false to list!
2019-07-04 14:50:07,287 INFO Action : Threshold_false already in list!
2019-07-04 14:50:07,287 INFO Creater Product action : condition_pass successfully!
2019-07-04 14:50:07,287 INFO Creater Product action : condition_fail successfully!
2019-07-04 14:50:07,287 INFO Creater Product action : Threshold_true successfully!
2019-07-04 14:50:07,287 INFO Creater Product action : Threshold_false successfully!
2019-07-04 14:50:07,288 INFO Starting action: Threshold_false
2019-07-04 14:50:07,288 INFO Started thread: CPU_usage for rule: CPU_usage!
2019-07-04 14:50:07,289 INFO Rule: CPU_usage returned false
2019-07-04 14:50:07,289 INFO Starting action: Threshold_false
2019-07-04 14:50:07,290 INFO Started thread: ['memory', 'disk_space'] for rule: ['memory', 'disk_space']!
2019-07-04 14:50:07,290 INFO Joined thread: CPU_usage!
2019-07-04 14:50:07,290 INFO Rule: memory returned false
2019-07-04 14:50:07,291 INFO Starting action: Threshold_true
2019-07-04 14:50:07,291 INFO Rule: disk_space returned true
2019-07-04 14:50:07,291 INFO List: ['memory', 'disk_space'] has returned False
2019-07-04 14:50:07,292 INFO Joined thread: ['memory', 'disk_space']!
2019-07-04 14:50:07,292 INFO Rule multithread: ('CPU_usage', ['memory', 'disk_space']) returned false!
2019-07-04 14:50:07,292 INFO List: [('CPU_usage', ['memory', 'disk_space'])] has returned False
2019-07-04 14:50:07,292 INFO Starting action: condition_fail
2019-07-04 14:50:07,306 INFO 127.0.0.1 - - [04/Jul/2019 14:50:07] "POST /runusecase?use_case=CPU_Asynchronous HTTP/1.1" 200 -
2019-07-04 14:54:39,668 INFO  * Detected change in 'C:\\Users\\axsingh\\Documents\\business-rules\\web-services\\business_rules\\API.py', reloading
