2019-07-04 15:06:25,519 WARNING  * Debugger is active!
2019-07-04 15:06:25,533 INFO  * Debugger PIN: 264-845-055
2019-07-04 15:06:25,577 INFO  * Running on http://127.0.0.1:5000/ (Press CTRL+C to quit)
2019-07-04 15:06:26,025 INFO Starting _run_API
2019-07-04 15:06:26,026 INFO Importing use_cases.yml
2019-07-04 15:06:26,235 INFO Importing rules.yml
2019-07-04 15:06:26,348 INFO Importing variables.yml
2019-07-04 15:06:26,431 INFO Importing actions.yml
2019-07-04 15:06:26,444 INFO Importing DataSource.yml
2019-07-04 15:06:26,498 INFO Use_case created
2019-07-04 15:06:26,498 INFO source_variable_list made :[]
2019-07-04 15:06:26,524 INFO Adding rule: CPU_usage variables
2019-07-04 15:06:26,525 INFO Adding variable: CPU_usage 
2019-07-04 15:06:26,526 INFO Adding rule: memory variables
2019-07-04 15:06:26,526 INFO Adding variable: free_mem 
2019-07-04 15:06:26,527 INFO Adding variable: total_mem 
2019-07-04 15:06:26,528 INFO Adding variable: memory 
2019-07-04 15:06:26,528 INFO Adding rule: disk_space variables
2019-07-04 15:06:26,529 INFO Adding variable: disk_space 
2019-07-04 15:06:26,530 INFO Addin data source: API_getPostman to be populated!
2019-07-04 15:06:26,530 INFO Addin data source: API_postPostman to be populated!
2019-07-04 15:06:26,530 INFO Addin data source: SSH_awsIntern to be populated!
2019-07-04 15:06:26,531 INFO starting collector module
2019-07-04 15:06:26,531 INFO Getting data source: {'method': 'API', 'multi_thread': True, 'params': {}, 'request': 'get', 'url': 'https://548a3990-a83e-4862-a950-cc252c905ce2.mock.pstmn.io/get', 'variables': ['CPU_usage']} variables!
2019-07-04 15:06:26,532 INFO Starting thread: {'method': 'API', 'multi_thread': True, 'params': {}, 'request': 'get', 'url': 'https://548a3990-a83e-4862-a950-cc252c905ce2.mock.pstmn.io/get', 'variables': ['CPU_usage']}
2019-07-04 15:06:26,583 INFO Getting data source: {'data': {'method': 'POST', 'value': 13}, 'method': 'API', 'multi_thread': True, 'params': {}, 'request': 'post', 'url': 'https://75c9507b-8f2e-4211-a518-2c2ab988c27d.mock.pstmn.io/post', 'variables': ['disk_space']} variables!
2019-07-04 15:06:26,583 INFO Starting thread: {'data': {'method': 'POST', 'value': 13}, 'method': 'API', 'multi_thread': True, 'params': {}, 'request': 'post', 'url': 'https://75c9507b-8f2e-4211-a518-2c2ab988c27d.mock.pstmn.io/post', 'variables': ['disk_space']}
2019-07-04 15:06:26,615 INFO Getting data source: {'host_name': '10.137.89.13', 'key_filename': 'C:\\Users\\axsingh\\Documents\\Rules-engine.pem', 'method': 'SSH', 'multi_thread': True, 'password': None, 'user_name': 'ubuntu', 'variables': ['free_mem', 'total_mem']} variables!
2019-07-04 15:06:26,615 INFO Starting thread: {'host_name': '10.137.89.13', 'key_filename': 'C:\\Users\\axsingh\\Documents\\Rules-engine.pem', 'method': 'SSH', 'multi_thread': True, 'password': None, 'user_name': 'ubuntu', 'variables': ['free_mem', 'total_mem']}
2019-07-04 15:06:27,272 INFO Connected (version 2.0, client OpenSSH_7.2p2)
2019-07-04 15:06:27,798 INFO Source: {'method': 'API', 'multi_thread': True, 'params': {}, 'request': 'get', 'url': 'https://548a3990-a83e-4862-a950-cc252c905ce2.mock.pstmn.io/get', 'variables': ['CPU_usage']} fetched variables: {'CPU_usage': 78}
2019-07-04 15:06:27,798 INFO Variable: CPU_usage has been created!Value: 78!Source: {'method': 'API', 'multi_thread': True, 'params': {}, 'request': 'get', 'url': 'https://548a3990-a83e-4862-a950-cc252c905ce2.mock.pstmn.io/get', 'variables': ['CPU_usage']}
2019-07-04 15:06:27,888 INFO Source: {'data': {'method': 'POST', 'value': 13}, 'method': 'API', 'multi_thread': True, 'params': {}, 'request': 'post', 'url': 'https://75c9507b-8f2e-4211-a518-2c2ab988c27d.mock.pstmn.io/post', 'variables': ['disk_space']} fetched variables: {'disk_space': 33}
2019-07-04 15:06:27,889 INFO Variable: disk_space has been created!Value: 33!Source: {'data': {'method': 'POST', 'value': 13}, 'method': 'API', 'multi_thread': True, 'params': {}, 'request': 'post', 'url': 'https://75c9507b-8f2e-4211-a518-2c2ab988c27d.mock.pstmn.io/post', 'variables': ['disk_space']}
2019-07-04 15:06:28,798 INFO Authentication (publickey) successful!
2019-07-04 15:06:30,515 INFO Source: {'host_name': '10.137.89.13', 'key_filename': 'C:\\Users\\axsingh\\Documents\\Rules-engine.pem', 'method': 'SSH', 'multi_thread': True, 'password': None, 'user_name': 'ubuntu', 'variables': ['free_mem', 'total_mem']} fetched variables: {'free_mem': '         1410708 ', 'total_mem': '        4044880 '}
2019-07-04 15:06:30,515 INFO Variable: free_mem has been created!Value:          1410708 !Source: {'host_name': '10.137.89.13', 'key_filename': 'C:\\Users\\axsingh\\Documents\\Rules-engine.pem', 'method': 'SSH', 'multi_thread': True, 'password': None, 'user_name': 'ubuntu', 'variables': ['free_mem', 'total_mem']}
2019-07-04 15:06:30,516 INFO Variable: total_mem has been created!Value:         4044880 !Source: {'host_name': '10.137.89.13', 'key_filename': 'C:\\Users\\axsingh\\Documents\\Rules-engine.pem', 'method': 'SSH', 'multi_thread': True, 'password': None, 'user_name': 'ubuntu', 'variables': ['free_mem', 'total_mem']}
2019-07-04 15:06:30,516 INFO variables input taken from collector!
2019-07-04 15:06:30,516 INFO Product Vriable: CPU_usage has been created!
2019-07-04 15:06:30,517 INFO Product Vriable: free_mem has been created!
2019-07-04 15:06:30,517 INFO Product Vriable: total_mem has been created!
2019-07-04 15:06:30,517 INFO Product Vriable: memory has been created!
2019-07-04 15:06:30,517 INFO Product Vriable: disk_space has been created!
2019-07-04 15:06:30,518 INFO Adding action : condition_pass to list!
2019-07-04 15:06:30,518 INFO Adding action : condition_fail to list!
2019-07-04 15:06:30,518 INFO Adding action : Threshold_true to list!
2019-07-04 15:06:30,518 INFO Adding action : Threshold_false to list!
2019-07-04 15:06:30,518 INFO Adding action : Threshold_true to list!
2019-07-04 15:06:30,518 INFO Action : Threshold_true already in list!
2019-07-04 15:06:30,518 INFO Adding action : Threshold_false to list!
2019-07-04 15:06:30,519 INFO Action : Threshold_false already in list!
2019-07-04 15:06:30,519 INFO Adding action : Threshold_true to list!
2019-07-04 15:06:30,519 INFO Action : Threshold_true already in list!
2019-07-04 15:06:30,519 INFO Adding action : Threshold_false to list!
2019-07-04 15:06:30,519 INFO Action : Threshold_false already in list!
2019-07-04 15:06:30,520 INFO Creater Product action : condition_pass successfully!
2019-07-04 15:06:30,520 INFO Creater Product action : condition_fail successfully!
2019-07-04 15:06:30,520 INFO Creater Product action : Threshold_true successfully!
2019-07-04 15:06:30,521 INFO Creater Product action : Threshold_false successfully!
2019-07-04 15:06:30,521 INFO Starting action: Threshold_false
2019-07-04 15:06:30,522 INFO Started thread: CPU_usage for rule: CPU_usage!
2019-07-04 15:06:30,523 INFO Rule: CPU_usage returned false
2019-07-04 15:06:30,523 INFO Starting action: Threshold_false
2019-07-04 15:06:30,523 INFO Started thread: ['memory', 'disk_space'] for rule: ['memory', 'disk_space']!
2019-07-04 15:06:30,524 INFO Joined thread: CPU_usage!
2019-07-04 15:06:30,524 INFO Rule: memory returned false
2019-07-04 15:06:30,524 INFO Starting action: Threshold_true
2019-07-04 15:06:30,526 INFO Rule: disk_space returned true
2019-07-04 15:06:30,527 INFO List: ['memory', 'disk_space'] has returned False
2019-07-04 15:06:30,527 INFO Joined thread: ['memory', 'disk_space']!
2019-07-04 15:06:30,528 INFO Rule multithread: ('CPU_usage', ['memory', 'disk_space']) returned false!
2019-07-04 15:06:30,528 INFO List: [('CPU_usage', ['memory', 'disk_space'])] has returned False
2019-07-04 15:06:30,529 INFO Starting action: condition_fail
2019-07-04 15:06:30,536 INFO 127.0.0.1 - - [04/Jul/2019 15:06:30] "POST /runusecase?use_case=CPU_Asynchronous HTTP/1.1" 200 -
2019-07-04 15:10:37,391 INFO  * Detected change in 'C:\\Users\\axsingh\\Documents\\business-rules\\web-services\\business_rules\\collector.py', reloading
